Loading plugins phase: Elapsed time ==> 0s.240ms
<CYPRESSTAG name="CyDsfit arguments...">
cydsfit arguments: -.fdsnotice -.fdswarpdepfile=warp_dependencies.txt -.fdselabdepfile=elab_dependencies.txt -.fdsbldfile=generated_files.txt -.fdsreffile=referenced_files.txt -p E:\aquadoc\psoc\psoc\water_flow.cydsn\water_flow.cyprj -d CY8C5888LTI-LP097 -s E:\aquadoc\psoc\psoc\water_flow.cydsn\Generated_Source\PSoC5 -- -yv2 -q10 -ygs -o2 -v3 -.fftcfgtype=LE
</CYPRESSTAG>
<CYPRESSTAG name="Design elaboration results...">
</CYPRESSTAG>
Elaboration phase: Elapsed time ==> 2s.140ms
<CYPRESSTAG name="HDL generation results...">
</CYPRESSTAG>
HDL generation phase: Elapsed time ==> 0s.090ms
<CYPRESSTAG name="Synthesis results...">

     | | | | | | |
   _________________
  -|               |-
  -|               |-
  -|               |-
  -|    CYPRESS    |-
  -|               |-
  -|               |-   Warp Verilog Synthesis Compiler: Version 6.3 IR 41
  -|               |-   Copyright (C) 1991-2001 Cypress Semiconductor
   |_______________|
     | | | | | | |

======================================================================
Compiling:  water_flow.v
Program  :   C:\Program Files (x86)\Cypress\PSoC Creator\4.2\PSoC Creator\warp\bin\warp.exe
Options  :    -yv2 -q10 -ygs -o2 -v3 -.fftcfgtype=LE -ya -.fftprj=E:\aquadoc\psoc\psoc\water_flow.cydsn\water_flow.cyprj -dcpsoc3 water_flow.v -verilog
======================================================================

======================================================================
Compiling:  water_flow.v
Program  :   C:\Program Files (x86)\Cypress\PSoC Creator\4.2\PSoC Creator\warp\bin\warp.exe
Options  :    -yv2 -q10 -ygs -o2 -v3 -.fftcfgtype=LE -ya -.fftprj=E:\aquadoc\psoc\psoc\water_flow.cydsn\water_flow.cyprj -dcpsoc3 water_flow.v -verilog
======================================================================

======================================================================
Compiling:  water_flow.v
Program  :   vlogfe
Options  :    -yv2 -q10 -ygs -o2 -v3 -.fftcfgtype=LE -ya -.fftprj=E:\aquadoc\psoc\psoc\water_flow.cydsn\water_flow.cyprj -dcpsoc3 -verilog water_flow.v
======================================================================

vlogfe V6.3 IR 41:  Verilog parser
Mon May 06 11:40:10 2019


======================================================================
Compiling:  water_flow.v
Program  :   vpp
Options  :    -yv2 -q10 water_flow.v
======================================================================

vpp V6.3 IR 41:  Verilog Pre-Processor
Mon May 06 11:40:10 2019

Flattening file 'C:\Program Files (x86)\Cypress\PSoC Creator\4.2\PSoC Creator\psoc\content\CyPrimitives\cyprimitives.cylib\cy_virtualmux_v1_0\cy_virtualmux_v1_0.v'
Flattening file 'C:\Program Files (x86)\Cypress\PSoC Creator\4.2\PSoC Creator\psoc\content\CyPrimitives\cyprimitives.cylib\ZeroTerminal\ZeroTerminal.v'
Flattening file 'C:\Program Files (x86)\Cypress\PSoC Creator\4.2\PSoC Creator\psoc\content\CyPrimitives\cyprimitives.cylib\OneTerminal\OneTerminal.v'
Flattening file 'C:\Program Files (x86)\Cypress\PSoC Creator\4.2\PSoC Creator\psoc\content\CyComponentLibrary\CyComponentLibrary.cylib\B_Counter_v3_0\B_Counter_v3_0.v'
Flattening file 'C:\Program Files (x86)\Cypress\PSoC Creator\4.2\PSoC Creator\warp\lib\common\cypress.v'
Flattening file 'C:\Program Files (x86)\Cypress\PSoC Creator\4.2\PSoC Creator\warp\lib\common\cy_psoc3_inc.v'
Flattening file 'C:\Program Files (x86)\Cypress\PSoC Creator\4.2\PSoC Creator\psoc\content\CyPrimitives\cyprimitives.cylib\cy_constant_v1_0\cy_constant_v1_0.v'
Flattening file 'C:\Program Files (x86)\Cypress\PSoC Creator\4.2\PSoC Creator\psoc\content\CyComponentLibrary\CyComponentLibrary.cylib\B_UART_v2_50\B_UART_v2_50.v'
Flattening file 'C:\Program Files (x86)\Cypress\PSoC Creator\4.2\PSoC Creator\warp\lib\common\cypress.v'

vpp:  No errors.

Library 'work' => directory 'lcpsoc3'
General_symbol_table
General_symbol_table
Linking 'C:\Program Files (x86)\Cypress\PSoC Creator\4.2\PSoC Creator\warp\lib\common\std.vhd'.
Linking 'C:\Program Files (x86)\Cypress\PSoC Creator\4.2\PSoC Creator\warp\lib\common\cypress.vhd'.
Linking 'C:\Program Files (x86)\Cypress\PSoC Creator\4.2\PSoC Creator\warp\lib\common\work\cypress.vif'.
Linking 'C:\Program Files (x86)\Cypress\PSoC Creator\4.2\PSoC Creator\warp\lib\ieee\work\stdlogic.vif'.
Linking 'C:\Program Files (x86)\Cypress\PSoC Creator\4.2\PSoC Creator\warp\lib\common\stdlogic\lpmpkg.vif'.
Linking 'C:\Program Files (x86)\Cypress\PSoC Creator\4.2\PSoC Creator\warp\lib\common\stdlogic\rtlpkg.vif'.
Linking 'C:\Program Files (x86)\Cypress\PSoC Creator\4.2\PSoC Creator\warp\lib\common\stdlogic\mod_cnst.vif'.
Linking 'C:\Program Files (x86)\Cypress\PSoC Creator\4.2\PSoC Creator\warp\lib\common\stdlogic\mod_mthv.vif'.
Linking 'C:\Program Files (x86)\Cypress\PSoC Creator\4.2\PSoC Creator\warp\lib\common\stdlogic\mod_genv.vif'.
Using control file 'water_flow.ctl'.
C:\Program Files (x86)\Cypress\PSoC Creator\4.2\PSoC Creator\psoc\content\CyComponentLibrary\CyComponentLibrary.cylib\B_UART_v2_50\B_UART_v2_50.v (line 1113, col 55):  Note: Substituting module 'add_vv_vv' for '+'.
C:\Program Files (x86)\Cypress\PSoC Creator\4.2\PSoC Creator\psoc\content\CyComponentLibrary\CyComponentLibrary.cylib\B_UART_v2_50\B_UART_v2_50.v (line 1122, col 48):  Note: Substituting module 'cmp_vv_vv' for '<'.
C:\Program Files (x86)\Cypress\PSoC Creator\4.2\PSoC Creator\psoc\content\CyComponentLibrary\CyComponentLibrary.cylib\B_UART_v2_50\B_UART_v2_50.v (line 1122, col 77):  Note: Substituting module 'cmp_vv_vv' for '<'.
C:\Program Files (x86)\Cypress\PSoC Creator\4.2\PSoC Creator\psoc\content\CyComponentLibrary\CyComponentLibrary.cylib\B_UART_v2_50\B_UART_v2_50.v (line 1389, col 59):  Note: Substituting module 'cmp_vv_vv' for '<'.
C:\Program Files (x86)\Cypress\PSoC Creator\4.2\PSoC Creator\psoc\content\CyComponentLibrary\CyComponentLibrary.cylib\B_UART_v2_50\B_UART_v2_50.v (line 1424, col 61):  Note: Substituting module 'cmp_vv_vv' for '/='.
C:\Program Files (x86)\Cypress\PSoC Creator\4.2\PSoC Creator\psoc\content\CyComponentLibrary\CyComponentLibrary.cylib\B_UART_v2_50\B_UART_v2_50.v (line 1547, col 106):  Note: Substituting module 'cmp_vv_vv' for '<'.
C:\Program Files (x86)\Cypress\PSoC Creator\4.2\PSoC Creator\psoc\content\CyComponentLibrary\CyComponentLibrary.cylib\B_UART_v2_50\B_UART_v2_50.v (line 1603, col 68):  Note: Substituting module 'cmp_vv_vv' for '<'.
C:\Program Files (x86)\Cypress\PSoC Creator\4.2\PSoC Creator\psoc\content\CyComponentLibrary\CyComponentLibrary.cylib\B_UART_v2_50\B_UART_v2_50.v (line 1604, col 68):  Note: Substituting module 'cmp_vv_vv' for '<'.
Linking 'C:\Program Files (x86)\Cypress\PSoC Creator\4.2\PSoC Creator\warp\lib\common\stdlogic\cy_psoc3pkg.vif'.
Linking 'C:\Program Files (x86)\Cypress\PSoC Creator\4.2\PSoC Creator\warp\lib\common\stdlogic\cy_psoc3.vif'.

vlogfe:  No errors.


======================================================================
Compiling:  water_flow.v
Program  :   tovif
Options  :    -yv2 -q10 -ygs -o2 -v3 -.fftcfgtype=LE -ya -.fftprj=E:\aquadoc\psoc\psoc\water_flow.cydsn\water_flow.cyprj -dcpsoc3 -verilog water_flow.v
======================================================================

tovif V6.3 IR 41:  High-level synthesis
Mon May 06 11:40:11 2019

Linking 'C:\Program Files (x86)\Cypress\PSoC Creator\4.2\PSoC Creator\warp\lib\common\std.vhd'.
Linking 'C:\Program Files (x86)\Cypress\PSoC Creator\4.2\PSoC Creator\warp\lib\common\cypress.vhd'.
Linking 'C:\Program Files (x86)\Cypress\PSoC Creator\4.2\PSoC Creator\warp\lib\common\work\cypress.vif'.
Linking 'C:\Program Files (x86)\Cypress\PSoC Creator\4.2\PSoC Creator\warp\lib\ieee\work\stdlogic.vif'.
Linking 'C:\Program Files (x86)\Cypress\PSoC Creator\4.2\PSoC Creator\warp\lib\common\stdlogic\lpmpkg.vif'.
Linking 'C:\Program Files (x86)\Cypress\PSoC Creator\4.2\PSoC Creator\warp\lib\common\stdlogic\rtlpkg.vif'.
Linking 'C:\Program Files (x86)\Cypress\PSoC Creator\4.2\PSoC Creator\warp\lib\common\stdlogic\mod_cnst.vif'.
Linking 'C:\Program Files (x86)\Cypress\PSoC Creator\4.2\PSoC Creator\warp\lib\common\stdlogic\mod_mthv.vif'.
Linking 'C:\Program Files (x86)\Cypress\PSoC Creator\4.2\PSoC Creator\warp\lib\common\stdlogic\mod_genv.vif'.
Linking 'E:\aquadoc\psoc\psoc\water_flow.cydsn\codegentemp\water_flow.ctl'.
Linking 'C:\Program Files (x86)\Cypress\PSoC Creator\4.2\PSoC Creator\psoc\content\CyPrimitives\cyprimitives.cylib\cy_virtualmux_v1_0\cy_virtualmux_v1_0.v'.
Linking 'E:\aquadoc\psoc\psoc\water_flow.cydsn\codegentemp\water_flow.v'.
Linking 'C:\Program Files (x86)\Cypress\PSoC Creator\4.2\PSoC Creator\psoc\content\CyPrimitives\cyprimitives.cylib\ZeroTerminal\ZeroTerminal.v'.
Linking 'C:\Program Files (x86)\Cypress\PSoC Creator\4.2\PSoC Creator\psoc\content\CyPrimitives\cyprimitives.cylib\OneTerminal\OneTerminal.v'.
Linking 'C:\Program Files (x86)\Cypress\PSoC Creator\4.2\PSoC Creator\psoc\content\CyComponentLibrary\CyComponentLibrary.cylib\B_Counter_v3_0\B_Counter_v3_0.v'.
Linking 'C:\Program Files (x86)\Cypress\PSoC Creator\4.2\PSoC Creator\warp\lib\common\cypress.v'.
Linking 'C:\Program Files (x86)\Cypress\PSoC Creator\4.2\PSoC Creator\warp\lib\common\cy_psoc3_inc.v'.
Linking 'C:\Program Files (x86)\Cypress\PSoC Creator\4.2\PSoC Creator\psoc\content\CyPrimitives\cyprimitives.cylib\cy_constant_v1_0\cy_constant_v1_0.v'.
Linking 'C:\Program Files (x86)\Cypress\PSoC Creator\4.2\PSoC Creator\psoc\content\CyComponentLibrary\CyComponentLibrary.cylib\B_UART_v2_50\B_UART_v2_50.v'.
Linking 'C:\Program Files (x86)\Cypress\PSoC Creator\4.2\PSoC Creator\warp\lib\common\stdlogic\cy_psoc3pkg.vif'.
Linking 'C:\Program Files (x86)\Cypress\PSoC Creator\4.2\PSoC Creator\warp\lib\common\stdlogic\cy_psoc3.vif'.

tovif:  No errors.


======================================================================
Compiling:  water_flow.v
Program  :   topld
Options  :    -yv2 -q10 -ygs -o2 -v3 -.fftcfgtype=LE -ya -.fftprj=E:\aquadoc\psoc\psoc\water_flow.cydsn\water_flow.cyprj -dcpsoc3 -verilog water_flow.v
======================================================================

topld V6.3 IR 41:  Synthesis and optimization
Mon May 06 11:40:11 2019

Linking 'C:\Program Files (x86)\Cypress\PSoC Creator\4.2\PSoC Creator\warp\lib\common\std.vhd'.
Linking 'C:\Program Files (x86)\Cypress\PSoC Creator\4.2\PSoC Creator\warp\lib\common\cypress.vhd'.
Linking 'C:\Program Files (x86)\Cypress\PSoC Creator\4.2\PSoC Creator\warp\lib\common\work\cypress.vif'.
Linking 'C:\Program Files (x86)\Cypress\PSoC Creator\4.2\PSoC Creator\warp\lib\ieee\work\stdlogic.vif'.
Linking 'C:\Program Files (x86)\Cypress\PSoC Creator\4.2\PSoC Creator\warp\lib\common\stdlogic\lpmpkg.vif'.
Linking 'C:\Program Files (x86)\Cypress\PSoC Creator\4.2\PSoC Creator\warp\lib\common\stdlogic\rtlpkg.vif'.
Linking 'C:\Program Files (x86)\Cypress\PSoC Creator\4.2\PSoC Creator\warp\lib\common\stdlogic\mod_cnst.vif'.
Linking 'C:\Program Files (x86)\Cypress\PSoC Creator\4.2\PSoC Creator\warp\lib\common\stdlogic\mod_mthv.vif'.
Linking 'C:\Program Files (x86)\Cypress\PSoC Creator\4.2\PSoC Creator\warp\lib\common\stdlogic\mod_genv.vif'.
Linking 'E:\aquadoc\psoc\psoc\water_flow.cydsn\codegentemp\water_flow.ctl'.
Linking 'C:\Program Files (x86)\Cypress\PSoC Creator\4.2\PSoC Creator\psoc\content\CyPrimitives\cyprimitives.cylib\cy_virtualmux_v1_0\cy_virtualmux_v1_0.v'.
Linking 'E:\aquadoc\psoc\psoc\water_flow.cydsn\codegentemp\water_flow.v'.
Linking 'C:\Program Files (x86)\Cypress\PSoC Creator\4.2\PSoC Creator\psoc\content\CyPrimitives\cyprimitives.cylib\ZeroTerminal\ZeroTerminal.v'.
Linking 'C:\Program Files (x86)\Cypress\PSoC Creator\4.2\PSoC Creator\psoc\content\CyPrimitives\cyprimitives.cylib\OneTerminal\OneTerminal.v'.
Linking 'C:\Program Files (x86)\Cypress\PSoC Creator\4.2\PSoC Creator\psoc\content\CyComponentLibrary\CyComponentLibrary.cylib\B_Counter_v3_0\B_Counter_v3_0.v'.
Linking 'C:\Program Files (x86)\Cypress\PSoC Creator\4.2\PSoC Creator\warp\lib\common\cypress.v'.
Linking 'C:\Program Files (x86)\Cypress\PSoC Creator\4.2\PSoC Creator\warp\lib\common\cy_psoc3_inc.v'.
Linking 'C:\Program Files (x86)\Cypress\PSoC Creator\4.2\PSoC Creator\psoc\content\CyPrimitives\cyprimitives.cylib\cy_constant_v1_0\cy_constant_v1_0.v'.
Linking 'C:\Program Files (x86)\Cypress\PSoC Creator\4.2\PSoC Creator\psoc\content\CyComponentLibrary\CyComponentLibrary.cylib\B_UART_v2_50\B_UART_v2_50.v'.
Linking 'C:\Program Files (x86)\Cypress\PSoC Creator\4.2\PSoC Creator\warp\lib\common\stdlogic\cy_psoc3pkg.vif'.
Linking 'C:\Program Files (x86)\Cypress\PSoC Creator\4.2\PSoC Creator\warp\lib\common\stdlogic\cy_psoc3.vif'.
Linking 'C:\Program Files (x86)\Cypress\PSoC Creator\4.2\PSoC Creator\warp\lib\lcpsoc3\stdlogic\cpsoc3.vif'.

----------------------------------------------------------
Detecting unused logic.
----------------------------------------------------------
    User names
	Net_5
	Net_2
	\water_counter:Net_49\
	\water_counter:Net_82\
	\water_counter:Net_95\
	\water_counter:Net_91\
	\water_counter:Net_102\
	\water_counter:CounterUDB:ctrl_cmod_2\
	\water_counter:CounterUDB:ctrl_cmod_1\
	\water_counter:CounterUDB:ctrl_cmod_0\
	\water_counter:CounterUDB:ctrl_enable\
	\water_counter:CounterUDB:control_7\
	\water_counter:CounterUDB:control_6\
	\water_counter:CounterUDB:control_5\
	\water_counter:CounterUDB:control_4\
	\water_counter:CounterUDB:control_3\
	\water_counter:CounterUDB:control_2\
	\water_counter:CounterUDB:control_1\
	\water_counter:CounterUDB:control_0\
	Net_3
	\UART:BUART:HalfDuplexSend\
	\UART:BUART:FinalAddrMode_2\
	\UART:BUART:FinalAddrMode_1\
	\UART:BUART:FinalAddrMode_0\
	\UART:BUART:reset_sr\
	Net_32
	Net_33


Deleted 27 User equations/components.
Deleted 0 Synthesized equations/components.

------------------------------------------------------
Alias Detection
------------------------------------------------------
Aliasing one to \water_counter:Net_89\
Aliasing \water_counter:CounterUDB:ctrl_capmode_0\ to \water_counter:CounterUDB:ctrl_capmode_1\
Aliasing \water_counter:CounterUDB:capt_rising\ to \water_counter:CounterUDB:ctrl_capmode_1\
Aliasing Net_6 to \water_counter:Net_89\
Aliasing \water_counter:CounterUDB:reset\ to \water_counter:CounterUDB:ctrl_capmode_1\
Aliasing \water_counter:CounterUDB:tc_i\ to \water_counter:CounterUDB:reload_tc\
Aliasing zero to \water_counter:CounterUDB:ctrl_capmode_1\
Aliasing tmpOE__Counter_net_0 to \water_counter:Net_89\
Aliasing \UART:BUART:tx_hd_send_break\ to \water_counter:CounterUDB:ctrl_capmode_1\
Aliasing \UART:BUART:FinalParityType_1\ to \water_counter:CounterUDB:ctrl_capmode_1\
Aliasing \UART:BUART:FinalParityType_0\ to \water_counter:CounterUDB:ctrl_capmode_1\
Aliasing \UART:BUART:tx_ctrl_mark\ to \water_counter:CounterUDB:ctrl_capmode_1\
Aliasing \UART:BUART:tx_status_6\ to \water_counter:CounterUDB:ctrl_capmode_1\
Aliasing \UART:BUART:tx_status_5\ to \water_counter:CounterUDB:ctrl_capmode_1\
Aliasing \UART:BUART:tx_status_4\ to \water_counter:CounterUDB:ctrl_capmode_1\
Aliasing tmpOE__TX_net_0 to \water_counter:Net_89\
Aliasing \water_counter:CounterUDB:prevCapture\\D\ to \water_counter:CounterUDB:ctrl_capmode_1\
Aliasing \water_counter:CounterUDB:cmp_out_reg_i\\D\ to \water_counter:CounterUDB:prevCompare\\D\
Aliasing \UART:BUART:reset_reg\\D\ to \water_counter:CounterUDB:ctrl_capmode_1\
Aliasing Net_28D to \water_counter:CounterUDB:ctrl_capmode_1\
Removing Rhs of wire one[11] = \water_counter:Net_89\[5]
Removing Lhs of wire \water_counter:CounterUDB:ctrl_capmode_0\[17] = \water_counter:CounterUDB:ctrl_capmode_1\[16]
Removing Lhs of wire \water_counter:CounterUDB:capt_rising\[28] = \water_counter:CounterUDB:ctrl_capmode_1\[16]
Removing Lhs of wire \water_counter:CounterUDB:capt_falling\[29] = \water_counter:CounterUDB:prevCapture\[27]
Removing Rhs of wire \water_counter:CounterUDB:reload\[32] = \water_counter:CounterUDB:reload_tc\[33]
Removing Lhs of wire \water_counter:CounterUDB:final_enable\[34] = one[11]
Removing Lhs of wire Net_6[35] = one[11]
Removing Lhs of wire \water_counter:CounterUDB:counter_enable\[36] = one[11]
Removing Rhs of wire \water_counter:CounterUDB:status_0\[37] = \water_counter:CounterUDB:cmp_out_status\[38]
Removing Rhs of wire \water_counter:CounterUDB:status_1\[39] = \water_counter:CounterUDB:per_zero\[40]
Removing Rhs of wire \water_counter:CounterUDB:status_2\[41] = \water_counter:CounterUDB:overflow_status\[42]
Removing Rhs of wire \water_counter:CounterUDB:status_3\[43] = \water_counter:CounterUDB:underflow_status\[44]
Removing Lhs of wire \water_counter:CounterUDB:status_4\[45] = \water_counter:CounterUDB:hwCapture\[31]
Removing Rhs of wire \water_counter:CounterUDB:status_5\[46] = \water_counter:CounterUDB:fifo_full\[47]
Removing Rhs of wire \water_counter:CounterUDB:status_6\[48] = \water_counter:CounterUDB:fifo_nempty\[49]
Removing Lhs of wire \water_counter:CounterUDB:reset\[51] = \water_counter:CounterUDB:ctrl_capmode_1\[16]
Removing Lhs of wire \water_counter:CounterUDB:dp_dir\[53] = one[11]
Removing Lhs of wire \water_counter:CounterUDB:tc_i\[58] = \water_counter:CounterUDB:reload\[32]
Removing Rhs of wire \water_counter:CounterUDB:cmp_out_i\[60] = \water_counter:CounterUDB:cmp_less\[61]
Removing Lhs of wire \water_counter:CounterUDB:cs_addr_2\[68] = one[11]
Removing Lhs of wire \water_counter:CounterUDB:cs_addr_1\[69] = \water_counter:CounterUDB:count_enable\[67]
Removing Lhs of wire \water_counter:CounterUDB:cs_addr_0\[70] = \water_counter:CounterUDB:reload\[32]
Removing Rhs of wire zero[72] = \water_counter:CounterUDB:ctrl_capmode_1\[16]
Removing Lhs of wire tmpOE__Counter_net_0[197] = one[11]
Removing Lhs of wire \UART:Net_61\[204] = \UART:Net_9\[203]
Removing Lhs of wire \UART:BUART:tx_hd_send_break\[208] = zero[72]
Removing Lhs of wire \UART:BUART:FinalParityType_1\[210] = zero[72]
Removing Lhs of wire \UART:BUART:FinalParityType_0\[211] = zero[72]
Removing Lhs of wire \UART:BUART:tx_ctrl_mark\[215] = zero[72]
Removing Rhs of wire \UART:BUART:tx_bitclk_enable_pre\[226] = \UART:BUART:tx_bitclk_dp\[262]
Removing Lhs of wire \UART:BUART:tx_counter_tc\[272] = \UART:BUART:tx_counter_dp\[263]
Removing Lhs of wire \UART:BUART:tx_status_6\[273] = zero[72]
Removing Lhs of wire \UART:BUART:tx_status_5\[274] = zero[72]
Removing Lhs of wire \UART:BUART:tx_status_4\[275] = zero[72]
Removing Lhs of wire \UART:BUART:tx_status_1\[277] = \UART:BUART:tx_fifo_empty\[240]
Removing Lhs of wire \UART:BUART:tx_status_3\[279] = \UART:BUART:tx_fifo_notfull\[239]
Removing Lhs of wire tmpOE__TX_net_0[287] = one[11]
Removing Lhs of wire \water_counter:CounterUDB:prevCapture\\D\[292] = zero[72]
Removing Lhs of wire \water_counter:CounterUDB:overflow_reg_i\\D\[293] = \water_counter:CounterUDB:overflow\[52]
Removing Lhs of wire \water_counter:CounterUDB:underflow_reg_i\\D\[294] = \water_counter:CounterUDB:underflow\[55]
Removing Lhs of wire \water_counter:CounterUDB:tc_reg_i\\D\[295] = \water_counter:CounterUDB:reload\[32]
Removing Lhs of wire \water_counter:CounterUDB:prevCompare\\D\[296] = \water_counter:CounterUDB:cmp_out_i\[60]
Removing Lhs of wire \water_counter:CounterUDB:cmp_out_reg_i\\D\[297] = \water_counter:CounterUDB:cmp_out_i\[60]
Removing Lhs of wire \water_counter:CounterUDB:count_stored_i\\D\[298] = Net_18[66]
Removing Lhs of wire \UART:BUART:reset_reg\\D\[299] = zero[72]
Removing Lhs of wire Net_28D[304] = zero[72]

------------------------------------------------------
Aliased 0 equations, 46 wires.
------------------------------------------------------

----------------------------------------------------------
Circuit simplification
----------------------------------------------------------

Substituting virtuals - pass 1:

Note:  Expanding virtual equation for 'one' (cost = 0):
one <=  ('1') ;

Note:  Expanding virtual equation for 'zero' (cost = 0):
zero <=  ('0') ;

Note:  Expanding virtual equation for '\water_counter:CounterUDB:capt_either_edge\' (cost = 0):
\water_counter:CounterUDB:capt_either_edge\ <= (\water_counter:CounterUDB:prevCapture\);

Note:  Expanding virtual equation for '\water_counter:CounterUDB:overflow\' (cost = 0):
\water_counter:CounterUDB:overflow\ <= (\water_counter:CounterUDB:per_equal\);

Note:  Expanding virtual equation for '\water_counter:CounterUDB:underflow\' (cost = 0):
\water_counter:CounterUDB:underflow\ <=  ('0') ;


Substituting virtuals - pass 2:


----------------------------------------------------------
Circuit simplification results:

	Expanded 5 signals.
	Turned 0 signals into soft nodes.
	Maximum default expansion cost was set at 3.
----------------------------------------------------------

------------------------------------------------------
Alias Detection
------------------------------------------------------
Aliasing \water_counter:CounterUDB:status_3\ to \water_counter:CounterUDB:hwCapture\
Aliasing \water_counter:CounterUDB:underflow\ to \water_counter:CounterUDB:hwCapture\
Aliasing zero to \water_counter:CounterUDB:hwCapture\
Removing Rhs of wire \water_counter:CounterUDB:reload\[32] = \water_counter:CounterUDB:per_equal\[54]
Removing Lhs of wire \water_counter:CounterUDB:status_3\[43] = \water_counter:CounterUDB:hwCapture\[31]
Removing Lhs of wire \water_counter:CounterUDB:underflow\[55] = \water_counter:CounterUDB:hwCapture\[31]
Removing Rhs of wire zero[72] = \water_counter:CounterUDB:hwCapture\[31]
Removing Lhs of wire \UART:BUART:tx_ctrl_mark_last\\D\[306] = \UART:BUART:tx_ctrl_mark_last\[283]

------------------------------------------------------
Aliased 0 equations, 5 wires.
------------------------------------------------------

----------------------------------------------------------
Circuit simplification
----------------------------------------------------------

Eliminating unused logic - pass 1:


Eliminating unused logic - pass 2:


Substituting virtuals - pass 1:


----------------------------------------------------------
Circuit simplification results:

	Expanded 0 signals.
	Turned 0 signals into soft nodes.
	Maximum default expansion cost was set at 3.
----------------------------------------------------------

topld:  No errors.

CYPRESS_DIR    : C:\Program Files (x86)\Cypress\PSoC Creator\4.2\PSoC Creator\warp
Warp Program   : C:\Program Files (x86)\Cypress\PSoC Creator\4.2\PSoC Creator\warp\bin\warp.exe
Warp Arguments : -yv2 -q10 -ygs -o2 -v3 -.fftcfgtype=LE -ya -.fftprj=E:\aquadoc\psoc\psoc\water_flow.cydsn\water_flow.cyprj -dcpsoc3 water_flow.v -verilog
</CYPRESSTAG>
Warp synthesis phase: Elapsed time ==> 2s.634ms
<CYPRESSTAG name="Fitter results...">
<CYPRESSTAG name="Fitter startup details...">
cyp3fit: V4.2.0.641, Family: PSoC3, Started at: Monday, 06 May 2019 11:40:12
Options: -yv2 -q10 -ygs -o2 -v3 -.fftcfgtype=LE -ya -.fftprj=E:\aquadoc\psoc\psoc\water_flow.cydsn\water_flow.cyprj -d CY8C5888LTI-LP097 water_flow.v -verilog
</CYPRESSTAG>
<CYPRESSTAG name="Design parsing">
Design parsing phase: Elapsed time ==> 0s.028ms
</CYPRESSTAG>
<CYPRESSTAG name="Tech Mapping">
<CYPRESSTAG name="Initial Mapping" icon="FILE_RPT_TECHM">
    Converted constant MacroCell: \water_counter:CounterUDB:prevCapture\ from registered to combinatorial
    Converted constant MacroCell: \water_counter:CounterUDB:underflow_reg_i\ from registered to combinatorial
    Converted constant MacroCell: \UART:BUART:reset_reg\ from registered to combinatorial
    Converted constant MacroCell: Net_28 from registered to combinatorial
Assigning clock Counter_clock to clock BUS_CLK because it is a pass-through
<CYPRESSTAG name="Global Clock Selection" icon="FILE_RPT_TECHM">
    Digital Clock 0: Automatic-assigning  clock 'UART_IntClock'. Fanout=1, Signal=\UART:Net_9\
</CYPRESSTAG>

Removing unused cells resulting from optimization
Done removing unused cells.
<CYPRESSTAG name="UDB Clock/Enable Remapping Results">
    UDB Clk/Enable \water_counter:CounterUDB:clock_enable_block\: with output requested to be synchronous
        ClockIn: BUS_CLK was determined to be a global clock that is synchronous to BUS_CLK
        EnableIn: Constant 1 was determined to be synchronous to ClockIn
        ClockOut: BUS_CLK, EnableOut: Constant 1
    UDB Clk/Enable \UART:BUART:ClkSync\: with output requested to be synchronous
        ClockIn: UART_IntClock was determined to be a global clock that is synchronous to BUS_CLK
        EnableIn: Constant 1 was determined to be synchronous to ClockIn
        ClockOut: UART_IntClock, EnableOut: Constant 1
</CYPRESSTAG>

Removing unused cells resulting from optimization
Done removing unused cells.
<CYPRESSTAG name="Duplicate Macrocell detection">
</CYPRESSTAG>
</CYPRESSTAG>
<CYPRESSTAG name="Duplicate Macrocell detection">

Removing duplicate macrocells
    Removing \UART:BUART:tx_parity_bit\, Duplicate of \UART:BUART:tx_ctrl_mark_last\ 
    MacroCell: Name=\UART:BUART:tx_parity_bit\, Mode=(T-Register)
        Total # of inputs        : 0
        Total # of product terms : 0
        List of special equations: 
            Clock  = (\UART:Net_9\) => Global
            Clock Enable: True
        Main Equation            : 0 pterms
        (
            0
        );
        Output = \UART:BUART:tx_parity_bit\ (fanout=0)

    Removing \UART:BUART:tx_mark\, Duplicate of \UART:BUART:tx_ctrl_mark_last\ 
    MacroCell: Name=\UART:BUART:tx_mark\, Mode=(T-Register)
        Total # of inputs        : 0
        Total # of product terms : 0
        List of special equations: 
            Clock  = (\UART:Net_9\) => Global
            Clock Enable: True
        Main Equation            : 0 pterms
        (
            0
        );
        Output = \UART:BUART:tx_mark\ (fanout=0)


Removing unused cells resulting from optimization
Done removing unused cells.
End removing duplicate macrocells: used 1 pass
</CYPRESSTAG>
<CYPRESSTAG name="Design Equations" icon="FILE_RPT_EQUATION">

------------------------------------------------------------
Design Equations
------------------------------------------------------------
    <CYPRESSTAG name="Pin listing">

    ------------------------------------------------------------
    Pin listing
    ------------------------------------------------------------

    Pin : Name = Counter(0)
        Attributes:
            In Group/Port: True
            In Sync Option: NOSYNC
            Out Sync Option: AUTO
            Interrupt generated: False
            Interrupt mode: NONE
            Drive mode: HI_Z_DIGITAL
            VTrip: CMOS
            Slew: FAST
            Input Sync needed: False
            Output Sync needed: False
            SC shield enabled: False
            POR State: ANY
            LCD Mode: COMMON
            Register Mode: RegComb
            CaSense Mode: NEITHER
            Treat as pin: True
            Is OE Registered: False
            Uses Analog: False
            Can contain Digital: True
            Is SIO: False
            SIO Output Buf: NONREGULATED
            SIO Input Buf: SINGLE_ENDED
            SIO HiFreq: LOW
            SIO Hyst: DISABLED
            SIO Vtrip: MULTIPLIER_0_5
            SIO Multiplier Index: 0
            SIO RefSel: VCC_IO
            Required Capabilities: DIGITAL, ROUTABLE
            Initial Value: 0
            IO Voltage: 0
        PORT MAP (
            pa_out => Counter(0)__PA ,
            fb => Net_18 ,
            pad => Counter(0)_PAD );
        Properties:
        {
        }

    Pin : Name = TX(0)
        Attributes:
            In Group/Port: True
            In Sync Option: AUTO
            Out Sync Option: NOSYNC
            Interrupt generated: False
            Interrupt mode: NONE
            Drive mode: CMOS_OUT
            VTrip: EITHER
            Slew: FAST
            Input Sync needed: False
            Output Sync needed: False
            SC shield enabled: False
            POR State: ANY
            LCD Mode: COMMON
            Register Mode: RegComb
            CaSense Mode: NEITHER
            Treat as pin: True
            Is OE Registered: False
            Uses Analog: False
            Can contain Digital: True
            Is SIO: False
            SIO Output Buf: NONREGULATED
            SIO Input Buf: SINGLE_ENDED
            SIO HiFreq: LOW
            SIO Hyst: DISABLED
            SIO Vtrip: MULTIPLIER_0_5
            SIO Multiplier Index: 0
            SIO RefSel: VCC_IO
            Required Capabilities: DIGITAL, ROUTABLE
            Initial Value: 1
            IO Voltage: 0
        PORT MAP (
            pa_out => TX(0)__PA ,
            pin_input => Net_26 ,
            pad => TX(0)_PAD );
        Properties:
        {
        }
    </CYPRESSTAG>
    <CYPRESSTAG name="Macrocell listing" icon="FILE_RPT_EQUATION">

    ------------------------------------------------------------
    Macrocell listing
    ------------------------------------------------------------

    MacroCell: Name=\water_counter:CounterUDB:status_0\, Mode=(Combinatorial)
        Total # of inputs        : 2
        Total # of product terms : 1
            Clock Enable: True
        Main Equation            : 1 pterm
        (
              \water_counter:CounterUDB:cmp_out_i\ * 
              !\water_counter:CounterUDB:prevCompare\
        );
        Output = \water_counter:CounterUDB:status_0\ (fanout=1)

    MacroCell: Name=\water_counter:CounterUDB:status_2\, Mode=(Combinatorial)
        Total # of inputs        : 2
        Total # of product terms : 1
            Clock Enable: True
        Main Equation            : 1 pterm
        (
              \water_counter:CounterUDB:reload\ * 
              !\water_counter:CounterUDB:overflow_reg_i\
        );
        Output = \water_counter:CounterUDB:status_2\ (fanout=1)

    MacroCell: Name=\water_counter:CounterUDB:count_enable\, Mode=(Combinatorial)
        Total # of inputs        : 2
        Total # of product terms : 1
            Clock Enable: True
        Main Equation            : 1 pterm
        (
              !\water_counter:CounterUDB:count_stored_i\ * Net_18
        );
        Output = \water_counter:CounterUDB:count_enable\ (fanout=3)

    MacroCell: Name=Net_26, Mode=(Combinatorial)
        Total # of inputs        : 1
        Total # of product terms : 1
            Clock Enable: True
        Main Equation            : 1 pterm
        (
              !\UART:BUART:txn\
        );
        Output = Net_26 (fanout=1)

    MacroCell: Name=\UART:BUART:counter_load_not\, Mode=(Combinatorial)
        Total # of inputs        : 4
        Total # of product terms : 2
            Clock Enable: True
        Main Equation            : 2 pterms
        !(
              !\UART:BUART:tx_state_1\ * !\UART:BUART:tx_state_0\ * 
              \UART:BUART:tx_bitclk_enable_pre\
            + !\UART:BUART:tx_state_1\ * !\UART:BUART:tx_state_0\ * 
              !\UART:BUART:tx_state_2\
        );
        Output = \UART:BUART:counter_load_not\ (fanout=1)

    MacroCell: Name=\UART:BUART:tx_status_0\, Mode=(Combinatorial)
        Total # of inputs        : 5
        Total # of product terms : 1
            Clock Enable: True
        Main Equation            : 1 pterm
        (
              !\UART:BUART:tx_state_1\ * !\UART:BUART:tx_state_0\ * 
              \UART:BUART:tx_bitclk_enable_pre\ * \UART:BUART:tx_fifo_empty\ * 
              \UART:BUART:tx_state_2\
        );
        Output = \UART:BUART:tx_status_0\ (fanout=1)

    MacroCell: Name=\UART:BUART:tx_status_2\, Mode=(Combinatorial)
        Total # of inputs        : 1
        Total # of product terms : 1
            Clock Enable: True
        Main Equation            : 1 pterm
        (
              !\UART:BUART:tx_fifo_notfull\
        );
        Output = \UART:BUART:tx_status_2\ (fanout=1)

    MacroCell: Name=__ONE__, Mode=(Combinatorial)
        Total # of inputs        : 0
        Total # of product terms : 0
            Clock Enable: True
        Main Equation            : 0 pterms
        !(
            0
        );
        Output = __ONE__ (fanout=3)

    MacroCell: Name=\water_counter:CounterUDB:overflow_reg_i\, Mode=(D-Register)
        Total # of inputs        : 1
        Total # of product terms : 1
        List of special equations: 
            Clock  = (ClockBlock_BUS_CLK) => Global
            Clock Enable: True
        Main Equation            : 1 pterm
        (
              \water_counter:CounterUDB:reload\
        );
        Output = \water_counter:CounterUDB:overflow_reg_i\ (fanout=1)

    MacroCell: Name=\water_counter:CounterUDB:prevCompare\, Mode=(D-Register)
        Total # of inputs        : 1
        Total # of product terms : 1
        List of special equations: 
            Clock  = (ClockBlock_BUS_CLK) => Global
            Clock Enable: True
        Main Equation            : 1 pterm
        (
              \water_counter:CounterUDB:cmp_out_i\
        );
        Output = \water_counter:CounterUDB:prevCompare\ (fanout=1)

    MacroCell: Name=\water_counter:CounterUDB:count_stored_i\, Mode=(D-Register)
        Total # of inputs        : 1
        Total # of product terms : 1
        List of special equations: 
            Clock  = (ClockBlock_BUS_CLK) => Global
            Clock Enable: True
        Main Equation            : 1 pterm
        (
              Net_18
        );
        Output = \water_counter:CounterUDB:count_stored_i\ (fanout=1)

    MacroCell: Name=\UART:BUART:txn\, Mode=(D-Register)
        Total # of inputs        : 7
        Total # of product terms : 5
        List of special equations: 
            Clock  = (\UART:Net_9\) => Global
            Clock Enable: True
        Main Equation            : 5 pterms
        (
              \UART:BUART:txn\ * \UART:BUART:tx_state_1\ * 
              !\UART:BUART:tx_bitclk\
            + \UART:BUART:txn\ * \UART:BUART:tx_state_2\
            + !\UART:BUART:tx_state_1\ * \UART:BUART:tx_state_0\ * 
              !\UART:BUART:tx_shift_out\ * !\UART:BUART:tx_state_2\
            + !\UART:BUART:tx_state_1\ * \UART:BUART:tx_state_0\ * 
              !\UART:BUART:tx_state_2\ * !\UART:BUART:tx_bitclk\
            + \UART:BUART:tx_state_1\ * !\UART:BUART:tx_state_0\ * 
              !\UART:BUART:tx_shift_out\ * !\UART:BUART:tx_state_2\ * 
              !\UART:BUART:tx_counter_dp\ * \UART:BUART:tx_bitclk\
        );
        Output = \UART:BUART:txn\ (fanout=2)

    MacroCell: Name=\UART:BUART:tx_state_1\, Mode=(T-Register)
        Total # of inputs        : 6
        Total # of product terms : 3
        List of special equations: 
            Clock  = (\UART:Net_9\) => Global
            Clock Enable: True
        Main Equation            : 3 pterms
        (
              \UART:BUART:tx_state_1\ * \UART:BUART:tx_state_0\ * 
              \UART:BUART:tx_bitclk_enable_pre\ * \UART:BUART:tx_state_2\
            + \UART:BUART:tx_state_1\ * !\UART:BUART:tx_state_2\ * 
              \UART:BUART:tx_counter_dp\ * \UART:BUART:tx_bitclk\
            + \UART:BUART:tx_state_0\ * !\UART:BUART:tx_state_2\ * 
              \UART:BUART:tx_bitclk\
        );
        Output = \UART:BUART:tx_state_1\ (fanout=8)

    MacroCell: Name=\UART:BUART:tx_state_0\, Mode=(T-Register)
        Total # of inputs        : 6
        Total # of product terms : 4
        List of special equations: 
            Clock  = (\UART:Net_9\) => Global
            Clock Enable: True
        Main Equation            : 4 pterms
        (
              !\UART:BUART:tx_state_1\ * !\UART:BUART:tx_state_0\ * 
              \UART:BUART:tx_bitclk_enable_pre\ * !\UART:BUART:tx_fifo_empty\
            + !\UART:BUART:tx_state_1\ * !\UART:BUART:tx_state_0\ * 
              !\UART:BUART:tx_fifo_empty\ * !\UART:BUART:tx_state_2\
            + \UART:BUART:tx_state_1\ * \UART:BUART:tx_state_0\ * 
              \UART:BUART:tx_bitclk_enable_pre\ * \UART:BUART:tx_fifo_empty\ * 
              \UART:BUART:tx_state_2\
            + \UART:BUART:tx_state_0\ * !\UART:BUART:tx_state_2\ * 
              \UART:BUART:tx_bitclk\
        );
        Output = \UART:BUART:tx_state_0\ (fanout=8)

    MacroCell: Name=\UART:BUART:tx_state_2\, Mode=(T-Register)
        Total # of inputs        : 6
        Total # of product terms : 4
        List of special equations: 
            Clock  = (\UART:Net_9\) => Global
            Clock Enable: True
        Main Equation            : 4 pterms
        (
              !\UART:BUART:tx_state_1\ * !\UART:BUART:tx_state_0\ * 
              \UART:BUART:tx_bitclk_enable_pre\ * \UART:BUART:tx_state_2\
            + \UART:BUART:tx_state_1\ * \UART:BUART:tx_state_0\ * 
              \UART:BUART:tx_bitclk_enable_pre\ * \UART:BUART:tx_state_2\
            + \UART:BUART:tx_state_1\ * \UART:BUART:tx_state_0\ * 
              !\UART:BUART:tx_state_2\ * \UART:BUART:tx_bitclk\
            + \UART:BUART:tx_state_1\ * !\UART:BUART:tx_state_2\ * 
              \UART:BUART:tx_counter_dp\ * \UART:BUART:tx_bitclk\
        );
        Output = \UART:BUART:tx_state_2\ (fanout=7)

    MacroCell: Name=\UART:BUART:tx_bitclk\, Mode=(D-Register)
        Total # of inputs        : 4
        Total # of product terms : 2
        List of special equations: 
            Clock  = (\UART:Net_9\) => Global
            Clock Enable: True
        Main Equation            : 2 pterms
        !(
              !\UART:BUART:tx_state_1\ * !\UART:BUART:tx_state_0\ * 
              \UART:BUART:tx_state_2\
            + !\UART:BUART:tx_bitclk_enable_pre\
        );
        Output = \UART:BUART:tx_bitclk\ (fanout=4)
    </CYPRESSTAG>
    <CYPRESSTAG name="Datapath listing">

    ------------------------------------------------------------
    Datapath listing
    ------------------------------------------------------------

    datapathcell: Name =\water_counter:CounterUDB:sC24:counterdp:u0\
        PORT MAP (
            clock => ClockBlock_BUS_CLK ,
            cs_addr_2 => __ONE__ ,
            cs_addr_1 => \water_counter:CounterUDB:count_enable\ ,
            cs_addr_0 => \water_counter:CounterUDB:reload\ ,
            chain_out => \water_counter:CounterUDB:sC24:counterdp:carry0\ );
        Properties:
        {
            a0_init = "00000000"
            a1_init = "00000000"
            ce0_sync = 1
            ce1_sync = 1
            cl0_sync = 1
            cl1_sync = 1
            cmsb_sync = 1
            co_msb_sync = 1
            cy_dpconfig = "0000000001000000000000001000000001000000010000000000000010000000000000000100000010101000010100000010000001000000101010000101000011111111000000001111111111111111101000000000000000000001000000000000000000011000"
            d0_init = "00000000"
            d1_init = "00000000"
            f0_blk_sync = 1
            f0_bus_sync = 1
            f1_blk_sync = 1
            f1_bus_sync = 1
            ff0_sync = 1
            ff1_sync = 1
            ov_msb_sync = 1
            so_sync = 1
            z0_sync = 1
            z1_sync = 1
        }
        Clock Polarity: Active High
        Clock Enable: True
        Next in chain : \water_counter:CounterUDB:sC24:counterdp:u1\

    datapathcell: Name =\water_counter:CounterUDB:sC24:counterdp:u1\
        PORT MAP (
            clock => ClockBlock_BUS_CLK ,
            cs_addr_2 => __ONE__ ,
            cs_addr_1 => \water_counter:CounterUDB:count_enable\ ,
            cs_addr_0 => \water_counter:CounterUDB:reload\ ,
            chain_in => \water_counter:CounterUDB:sC24:counterdp:carry0\ ,
            chain_out => \water_counter:CounterUDB:sC24:counterdp:carry1\ );
        Properties:
        {
            a0_init = "00000000"
            a1_init = "00000000"
            ce0_sync = 1
            ce1_sync = 1
            cl0_sync = 1
            cl1_sync = 1
            cmsb_sync = 1
            co_msb_sync = 1
            cy_dpconfig = "0000000001000000000000001000000001000000010000000000000010000000000000000100000010101000010100000010000001000000101010000101000011111111000000001111111111111111101011110000000000000001000001110000000000011000"
            d0_init = "00000000"
            d1_init = "00000000"
            f0_blk_sync = 1
            f0_bus_sync = 1
            f1_blk_sync = 1
            f1_bus_sync = 1
            ff0_sync = 1
            ff1_sync = 1
            ov_msb_sync = 1
            so_sync = 1
            z0_sync = 1
            z1_sync = 1
        }
        Clock Polarity: Active High
        Clock Enable: True
        Previous in chain : \water_counter:CounterUDB:sC24:counterdp:u0\
        Next in chain : \water_counter:CounterUDB:sC24:counterdp:u2\

    datapathcell: Name =\water_counter:CounterUDB:sC24:counterdp:u2\
        PORT MAP (
            clock => ClockBlock_BUS_CLK ,
            cs_addr_2 => __ONE__ ,
            cs_addr_1 => \water_counter:CounterUDB:count_enable\ ,
            cs_addr_0 => \water_counter:CounterUDB:reload\ ,
            ce0_comb => \water_counter:CounterUDB:reload\ ,
            z0_comb => \water_counter:CounterUDB:status_1\ ,
            cl1_comb => \water_counter:CounterUDB:cmp_out_i\ ,
            f0_bus_stat_comb => \water_counter:CounterUDB:status_6\ ,
            f0_blk_stat_comb => \water_counter:CounterUDB:status_5\ ,
            chain_in => \water_counter:CounterUDB:sC24:counterdp:carry1\ );
        Properties:
        {
            a0_init = "00000000"
            a1_init = "00000000"
            ce0_sync = 1
            ce1_sync = 1
            cl0_sync = 1
            cl1_sync = 1
            cmsb_sync = 1
            co_msb_sync = 1
            cy_dpconfig = "0000000001000000000000001000000001000000010000000000000010000000000000000100000010101000010100000010000001000000101010000101000011111111000000001111111111111111101011110000000000000001000001110000000000011000"
            d0_init = "00000000"
            d1_init = "00000000"
            f0_blk_sync = 1
            f0_bus_sync = 1
            f1_blk_sync = 1
            f1_bus_sync = 1
            ff0_sync = 1
            ff1_sync = 1
            ov_msb_sync = 1
            so_sync = 1
            z0_sync = 1
            z1_sync = 1
        }
        Clock Polarity: Active High
        Clock Enable: True
        Previous in chain : \water_counter:CounterUDB:sC24:counterdp:u1\

    datapathcell: Name =\UART:BUART:sTX:TxShifter:u0\
        PORT MAP (
            clock => \UART:Net_9\ ,
            cs_addr_2 => \UART:BUART:tx_state_1\ ,
            cs_addr_1 => \UART:BUART:tx_state_0\ ,
            cs_addr_0 => \UART:BUART:tx_bitclk_enable_pre\ ,
            so_comb => \UART:BUART:tx_shift_out\ ,
            f0_bus_stat_comb => \UART:BUART:tx_fifo_notfull\ ,
            f0_blk_stat_comb => \UART:BUART:tx_fifo_empty\ );
        Properties:
        {
            a0_init = "00000000"
            a1_init = "00000000"
            ce0_sync = 1
            ce1_sync = 1
            cl0_sync = 1
            cl1_sync = 1
            cmsb_sync = 1
            co_msb_sync = 1
            cy_dpconfig = "0000000000000000000000000000000000000000000000000000000011000000000000000000000000000010010000000000000000000000000000000000000011111111000000001111111111111111000000000000000001000100111100000000000000001100"
            d0_init = "00000000"
            d1_init = "00000000"
            f0_blk_sync = 1
            f0_bus_sync = 1
            f1_blk_sync = 1
            f1_bus_sync = 1
            ff0_sync = 1
            ff1_sync = 1
            ov_msb_sync = 1
            so_sync = 1
            z0_sync = 1
            z1_sync = 1
        }
        Clock Polarity: Active High
        Clock Enable: True

    datapathcell: Name =\UART:BUART:sTX:sCLOCK:TxBitClkGen\
        PORT MAP (
            clock => \UART:Net_9\ ,
            cs_addr_0 => \UART:BUART:counter_load_not\ ,
            ce0_reg => \UART:BUART:tx_bitclk_enable_pre\ ,
            ce1_reg => \UART:BUART:tx_counter_dp\ );
        Properties:
        {
            a0_init = "00000000"
            a1_init = "00000000"
            ce0_sync = 1
            ce1_sync = 1
            cl0_sync = 1
            cl1_sync = 1
            cmsb_sync = 1
            co_msb_sync = 1
            cy_dpconfig = "1010100001000000001000000100000000000000000000000000000000000000000000000000000000000000000000000000000000000000000000000000000011111111000000001111111100000111001000000100000000000101111100000000000000001000"
            d0_init = "00000000"
            d1_init = "00000000"
            f0_blk_sync = 1
            f0_bus_sync = 1
            f1_blk_sync = 1
            f1_bus_sync = 1
            ff0_sync = 1
            ff1_sync = 1
            ov_msb_sync = 1
            so_sync = 1
            z0_sync = 1
            z1_sync = 1
        }
        Clock Polarity: Active High
        Clock Enable: True
    </CYPRESSTAG>
    <CYPRESSTAG name="Status register listing">
    </CYPRESSTAG>
    <CYPRESSTAG name="StatusI register listing">

    ------------------------------------------------------------
    StatusI register listing
    ------------------------------------------------------------

    statusicell: Name =\water_counter:CounterUDB:sSTSReg:stsreg\
        PORT MAP (
            clock => ClockBlock_BUS_CLK ,
            status_6 => \water_counter:CounterUDB:status_6\ ,
            status_5 => \water_counter:CounterUDB:status_5\ ,
            status_2 => \water_counter:CounterUDB:status_2\ ,
            status_1 => \water_counter:CounterUDB:status_1\ ,
            status_0 => \water_counter:CounterUDB:status_0\ );
        Properties:
        {
            cy_force_order = 1
            cy_int_mask = "1111111"
            cy_md_select = "0011111"
        }
        Clock Polarity: Active High
        Clock Enable: True

    statusicell: Name =\UART:BUART:sTX:TxSts\
        PORT MAP (
            clock => \UART:Net_9\ ,
            status_3 => \UART:BUART:tx_fifo_notfull\ ,
            status_2 => \UART:BUART:tx_status_2\ ,
            status_1 => \UART:BUART:tx_fifo_empty\ ,
            status_0 => \UART:BUART:tx_status_0\ );
        Properties:
        {
            cy_force_order = 1
            cy_int_mask = "1111111"
            cy_md_select = "0000001"
        }
        Clock Polarity: Active High
        Clock Enable: True
    </CYPRESSTAG>
    <CYPRESSTAG name="Sync listing">
    </CYPRESSTAG>
    <CYPRESSTAG name="Control register listing">
    </CYPRESSTAG>
    <CYPRESSTAG name="Count7 listing">
    </CYPRESSTAG>
    <CYPRESSTAG name="DRQ listing">
    </CYPRESSTAG>
    <CYPRESSTAG name="Interrupt listing">
    </CYPRESSTAG>
</CYPRESSTAG>
<CYPRESSTAG name="Technology mapping summary" expanded>

------------------------------------------------------------
Technology mapping summary
------------------------------------------------------------

Resource Type                 : Used : Free :  Max :  % Used
============================================================
Digital Clocks                :    1 :    7 :    8 : 12.50 %
Analog Clocks                 :    0 :    4 :    4 :  0.00 %
CapSense Buffers              :    0 :    2 :    2 :  0.00 %
Digital Filter Block          :    0 :    1 :    1 :  0.00 %
Interrupts                    :    0 :   32 :   32 :  0.00 %
IO                            :    5 :   43 :   48 : 10.42 %
Segment LCD                   :    0 :    1 :    1 :  0.00 %
CAN 2.0b                      :    0 :    1 :    1 :  0.00 %
I2C                           :    0 :    1 :    1 :  0.00 %
USB                           :    0 :    1 :    1 :  0.00 %
DMA Channels                  :    0 :   24 :   24 :  0.00 %
Timer                         :    0 :    4 :    4 :  0.00 %
UDB                           :      :      :      :        
  Macrocells                  :   16 :  176 :  192 :  8.33 %
  Unique P-terms              :   26 :  358 :  384 :  6.77 %
  Total P-terms               :   29 :      :      :        
  Datapath Cells              :    5 :   19 :   24 : 20.83 %
  Status Cells                :    2 :   22 :   24 :  8.33 %
    StatusI Registers         :    2 :      :      :        
  Control Cells               :    0 :   24 :   24 :  0.00 %
Opamp                         :    0 :    4 :    4 :  0.00 %
Comparator                    :    0 :    4 :    4 :  0.00 %
Delta-Sigma ADC               :    0 :    1 :    1 :  0.00 %
LPF                           :    0 :    2 :    2 :  0.00 %
SAR ADC                       :    0 :    2 :    2 :  0.00 %
Analog (SC/CT) Blocks         :    0 :    4 :    4 :  0.00 %
DAC                           :      :      :      :        
  VIDAC                       :    0 :    4 :    4 :  0.00 %
</CYPRESSTAG>
Technology Mapping: Elapsed time ==> 0s.819ms
Tech Mapping phase: Elapsed time ==> 0s.922ms
</CYPRESSTAG>
<CYPRESSTAG name="Analog Placement">
Initial Analog Placement Results:
IO_5@[IOP=(15)][IoId=(5)] : Counter(0) (fixed)
IO_7@[IOP=(12)][IoId=(7)] : TX(0) (fixed)
Analog Placement phase: Elapsed time ==> 0s.065ms
</CYPRESSTAG>
<CYPRESSTAG name="Analog Routing">
Analog Routing phase: Elapsed time ==> 0s.025ms
</CYPRESSTAG>
<CYPRESSTAG name="Analog Code Generation">
============ Analog Final Answer Routes ============
Dump of CyAnalogRoutingResultsDB
Map of net to items {
}
Map of item to net {
}
Mux Info {
}
Dump of CyP35AnalogRoutingResultsDB
IsVddaHalfUsedForComp = False
IsVddaHalfUsedForSar0 = False
IsVddaHalfUsedForSar1 = False
Analog Code Generation phase: Elapsed time ==> 0s.411ms
</CYPRESSTAG>
<CYPRESSTAG name="Digital Placement">
<CYPRESSTAG name="Detailed placement messages">
I2076: Total run-time: 1.1 sec.

</CYPRESSTAG>
<CYPRESSTAG name="PLD Packing">
<CYPRESSTAG name="PLD Packing Summary" expanded>

------------------------------------------------------------
PLD Packing Summary
------------------------------------------------------------
            Resource Type : Used : Free :  Max :  % Used
    ====================================================
                     PLDs :    6 :   42 :   48 :  12.50%

<CYPRESSTAG name="PLD Statistics">

        PLD Resource Type :     Average/LAB
    =======================================
                   Inputs :            5.33
                   Pterms :            4.83
               Macrocells :            2.67
</CYPRESSTAG>
<CYPRESSTAG name="Packed PLD Contents">
Packed PLD Contents not displayed at this verbose level.</CYPRESSTAG>
</CYPRESSTAG>
PLD Packing: Elapsed time ==> 0s.016ms
</CYPRESSTAG>
<CYPRESSTAG name="Partitioning">
<CYPRESSTAG name="Initial Partitioning Summary">
Initial Partitioning Summary not displayed at this verbose level.</CYPRESSTAG>
<CYPRESSTAG name="Final Partitioning Summary">
Final Partitioning Summary not displayed at this verbose level.</CYPRESSTAG>
Partitioning: Elapsed time ==> 0s.018ms
</CYPRESSTAG>
<CYPRESSTAG name="Final Placement Summary">

------------------------------------------------------------
Final Placement Summary
------------------------------------------------------------

       Resource Type :      Count : Avg Inputs : Avg Outputs
    ========================================================
                 UDB :          5 :       4.20 :       3.20
<CYPRESSTAG name="Final Placement Details">
<CYPRESSTAG name="Component Details">

------------------------------------------------------------
Component Placement Details
------------------------------------------------------------
UDB [UDB=(0,0)] contents:
LAB@[UDB=(0,0)][LB=0] #macrocells=3, #inputs=7, #pterms=7
{
    [McSlotId=0]:     MacroCell: Name=\UART:BUART:tx_state_2\, Mode=(T-Register) @ [UDB=(0,0)][LB=0][MC=0]
        Total # of inputs        : 6
        Total # of product terms : 4
        List of special equations: 
            Clock  = (\UART:Net_9\) => Global
            Clock Enable: True
        Main Equation            : 4 pterms
        (
              !\UART:BUART:tx_state_1\ * !\UART:BUART:tx_state_0\ * 
              \UART:BUART:tx_bitclk_enable_pre\ * \UART:BUART:tx_state_2\
            + \UART:BUART:tx_state_1\ * \UART:BUART:tx_state_0\ * 
              \UART:BUART:tx_bitclk_enable_pre\ * \UART:BUART:tx_state_2\
            + \UART:BUART:tx_state_1\ * \UART:BUART:tx_state_0\ * 
              !\UART:BUART:tx_state_2\ * \UART:BUART:tx_bitclk\
            + \UART:BUART:tx_state_1\ * !\UART:BUART:tx_state_2\ * 
              \UART:BUART:tx_counter_dp\ * \UART:BUART:tx_bitclk\
        );
        Output = \UART:BUART:tx_state_2\ (fanout=7)
        Properties               : 
        {
        }

    [McSlotId=1]: (empty)
    [McSlotId=2]:     MacroCell: Name=\UART:BUART:counter_load_not\, Mode=(Combinatorial) @ [UDB=(0,0)][LB=0][MC=2]
        Total # of inputs        : 4
        Total # of product terms : 2
            Clock Enable: True
        Main Equation            : 2 pterms
        !(
              !\UART:BUART:tx_state_1\ * !\UART:BUART:tx_state_0\ * 
              \UART:BUART:tx_bitclk_enable_pre\
            + !\UART:BUART:tx_state_1\ * !\UART:BUART:tx_state_0\ * 
              !\UART:BUART:tx_state_2\
        );
        Output = \UART:BUART:counter_load_not\ (fanout=1)
        Properties               : 
        {
        }

    [McSlotId=3]:     MacroCell: Name=Net_26, Mode=(Combinatorial) @ [UDB=(0,0)][LB=0][MC=3]
        Total # of inputs        : 1
        Total # of product terms : 1
            Clock Enable: True
        Main Equation            : 1 pterm
        (
              !\UART:BUART:txn\
        );
        Output = Net_26 (fanout=1)
        Properties               : 
        {
        }
}

LAB@[UDB=(0,0)][LB=1] #macrocells=3, #inputs=8, #pterms=8
{
    [McSlotId=0]:     MacroCell: Name=\UART:BUART:txn\, Mode=(D-Register) @ [UDB=(0,0)][LB=1][MC=0]
        Total # of inputs        : 7
        Total # of product terms : 5
        List of special equations: 
            Clock  = (\UART:Net_9\) => Global
            Clock Enable: True
        Main Equation            : 5 pterms
        (
              \UART:BUART:txn\ * \UART:BUART:tx_state_1\ * 
              !\UART:BUART:tx_bitclk\
            + \UART:BUART:txn\ * \UART:BUART:tx_state_2\
            + !\UART:BUART:tx_state_1\ * \UART:BUART:tx_state_0\ * 
              !\UART:BUART:tx_shift_out\ * !\UART:BUART:tx_state_2\
            + !\UART:BUART:tx_state_1\ * \UART:BUART:tx_state_0\ * 
              !\UART:BUART:tx_state_2\ * !\UART:BUART:tx_bitclk\
            + \UART:BUART:tx_state_1\ * !\UART:BUART:tx_state_0\ * 
              !\UART:BUART:tx_shift_out\ * !\UART:BUART:tx_state_2\ * 
              !\UART:BUART:tx_counter_dp\ * \UART:BUART:tx_bitclk\
        );
        Output = \UART:BUART:txn\ (fanout=2)
        Properties               : 
        {
        }

    [McSlotId=1]:     MacroCell: Name=\UART:BUART:tx_state_1\, Mode=(T-Register) @ [UDB=(0,0)][LB=1][MC=1]
        Total # of inputs        : 6
        Total # of product terms : 3
        List of special equations: 
            Clock  = (\UART:Net_9\) => Global
            Clock Enable: True
        Main Equation            : 3 pterms
        (
              \UART:BUART:tx_state_1\ * \UART:BUART:tx_state_0\ * 
              \UART:BUART:tx_bitclk_enable_pre\ * \UART:BUART:tx_state_2\
            + \UART:BUART:tx_state_1\ * !\UART:BUART:tx_state_2\ * 
              \UART:BUART:tx_counter_dp\ * \UART:BUART:tx_bitclk\
            + \UART:BUART:tx_state_0\ * !\UART:BUART:tx_state_2\ * 
              \UART:BUART:tx_bitclk\
        );
        Output = \UART:BUART:tx_state_1\ (fanout=8)
        Properties               : 
        {
        }

    [McSlotId=2]:     MacroCell: Name=__ONE__, Mode=(Combinatorial) @ [UDB=(0,0)][LB=1][MC=2]
        Total # of inputs        : 0
        Total # of product terms : 0
            Clock Enable: True
        Main Equation            : 0 pterms
        !(
            0
        );
        Output = __ONE__ (fanout=3)
        Properties               : 
        {
        }

    [McSlotId=3]: (empty)
}

datapathcell: Name =\UART:BUART:sTX:sCLOCK:TxBitClkGen\
    PORT MAP (
        clock => \UART:Net_9\ ,
        cs_addr_0 => \UART:BUART:counter_load_not\ ,
        ce0_reg => \UART:BUART:tx_bitclk_enable_pre\ ,
        ce1_reg => \UART:BUART:tx_counter_dp\ );
    Properties:
    {
        a0_init = "00000000"
        a1_init = "00000000"
        ce0_sync = 1
        ce1_sync = 1
        cl0_sync = 1
        cl1_sync = 1
        cmsb_sync = 1
        co_msb_sync = 1
        cy_dpconfig = "1010100001000000001000000100000000000000000000000000000000000000000000000000000000000000000000000000000000000000000000000000000011111111000000001111111100000111001000000100000000000101111100000000000000001000"
        d0_init = "00000000"
        d1_init = "00000000"
        f0_blk_sync = 1
        f0_bus_sync = 1
        f1_blk_sync = 1
        f1_bus_sync = 1
        ff0_sync = 1
        ff1_sync = 1
        ov_msb_sync = 1
        so_sync = 1
        z0_sync = 1
        z1_sync = 1
    }
    Clock Polarity: Active High
    Clock Enable: True

UDB [UDB=(0,1)] is empty.
UDB [UDB=(0,2)] contents:
LAB@[UDB=(0,2)][LB=0] #macrocells=4, #inputs=4, #pterms=4
{
    [McSlotId=0]:     MacroCell: Name=\water_counter:CounterUDB:count_enable\, Mode=(Combinatorial) @ [UDB=(0,2)][LB=0][MC=0]
        Total # of inputs        : 2
        Total # of product terms : 1
            Clock Enable: True
        Main Equation            : 1 pterm
        (
              !\water_counter:CounterUDB:count_stored_i\ * Net_18
        );
        Output = \water_counter:CounterUDB:count_enable\ (fanout=3)
        Properties               : 
        {
        }

    [McSlotId=1]:     MacroCell: Name=\water_counter:CounterUDB:count_stored_i\, Mode=(D-Register) @ [UDB=(0,2)][LB=0][MC=1]
        Total # of inputs        : 1
        Total # of product terms : 1
        List of special equations: 
            Clock  = (ClockBlock_BUS_CLK) => Global
            Clock Enable: True
        Main Equation            : 1 pterm
        (
              Net_18
        );
        Output = \water_counter:CounterUDB:count_stored_i\ (fanout=1)
        Properties               : 
        {
        }

    [McSlotId=2]:     MacroCell: Name=\water_counter:CounterUDB:overflow_reg_i\, Mode=(D-Register) @ [UDB=(0,2)][LB=0][MC=2]
        Total # of inputs        : 1
        Total # of product terms : 1
        List of special equations: 
            Clock  = (ClockBlock_BUS_CLK) => Global
            Clock Enable: True
        Main Equation            : 1 pterm
        (
              \water_counter:CounterUDB:reload\
        );
        Output = \water_counter:CounterUDB:overflow_reg_i\ (fanout=1)
        Properties               : 
        {
        }

    [McSlotId=3]:     MacroCell: Name=\water_counter:CounterUDB:status_2\, Mode=(Combinatorial) @ [UDB=(0,2)][LB=0][MC=3]
        Total # of inputs        : 2
        Total # of product terms : 1
            Clock Enable: True
        Main Equation            : 1 pterm
        (
              \water_counter:CounterUDB:reload\ * 
              !\water_counter:CounterUDB:overflow_reg_i\
        );
        Output = \water_counter:CounterUDB:status_2\ (fanout=1)
        Properties               : 
        {
        }
}

datapathcell: Name =\water_counter:CounterUDB:sC24:counterdp:u1\
    PORT MAP (
        clock => ClockBlock_BUS_CLK ,
        cs_addr_2 => __ONE__ ,
        cs_addr_1 => \water_counter:CounterUDB:count_enable\ ,
        cs_addr_0 => \water_counter:CounterUDB:reload\ ,
        chain_in => \water_counter:CounterUDB:sC24:counterdp:carry0\ ,
        chain_out => \water_counter:CounterUDB:sC24:counterdp:carry1\ );
    Properties:
    {
        a0_init = "00000000"
        a1_init = "00000000"
        ce0_sync = 1
        ce1_sync = 1
        cl0_sync = 1
        cl1_sync = 1
        cmsb_sync = 1
        co_msb_sync = 1
        cy_dpconfig = "0000000001000000000000001000000001000000010000000000000010000000000000000100000010101000010100000010000001000000101010000101000011111111000000001111111111111111101011110000000000000001000001110000000000011000"
        d0_init = "00000000"
        d1_init = "00000000"
        f0_blk_sync = 1
        f0_bus_sync = 1
        f1_blk_sync = 1
        f1_bus_sync = 1
        ff0_sync = 1
        ff1_sync = 1
        ov_msb_sync = 1
        so_sync = 1
        z0_sync = 1
        z1_sync = 1
    }
    Clock Polarity: Active High
    Clock Enable: True
    Previous in chain : \water_counter:CounterUDB:sC24:counterdp:u0\
    Next in chain : \water_counter:CounterUDB:sC24:counterdp:u2\

UDB [UDB=(0,3)] contents:
LAB@[UDB=(0,3)][LB=0] #macrocells=2, #inputs=2, #pterms=2
{
    [McSlotId=0]:     MacroCell: Name=\water_counter:CounterUDB:status_0\, Mode=(Combinatorial) @ [UDB=(0,3)][LB=0][MC=0]
        Total # of inputs        : 2
        Total # of product terms : 1
            Clock Enable: True
        Main Equation            : 1 pterm
        (
              \water_counter:CounterUDB:cmp_out_i\ * 
              !\water_counter:CounterUDB:prevCompare\
        );
        Output = \water_counter:CounterUDB:status_0\ (fanout=1)
        Properties               : 
        {
        }

    [McSlotId=1]:     MacroCell: Name=\water_counter:CounterUDB:prevCompare\, Mode=(D-Register) @ [UDB=(0,3)][LB=0][MC=1]
        Total # of inputs        : 1
        Total # of product terms : 1
        List of special equations: 
            Clock  = (ClockBlock_BUS_CLK) => Global
            Clock Enable: True
        Main Equation            : 1 pterm
        (
              \water_counter:CounterUDB:cmp_out_i\
        );
        Output = \water_counter:CounterUDB:prevCompare\ (fanout=1)
        Properties               : 
        {
        }

    [McSlotId=2]: (empty)
    [McSlotId=3]: (empty)
}

datapathcell: Name =\water_counter:CounterUDB:sC24:counterdp:u2\
    PORT MAP (
        clock => ClockBlock_BUS_CLK ,
        cs_addr_2 => __ONE__ ,
        cs_addr_1 => \water_counter:CounterUDB:count_enable\ ,
        cs_addr_0 => \water_counter:CounterUDB:reload\ ,
        ce0_comb => \water_counter:CounterUDB:reload\ ,
        z0_comb => \water_counter:CounterUDB:status_1\ ,
        cl1_comb => \water_counter:CounterUDB:cmp_out_i\ ,
        f0_bus_stat_comb => \water_counter:CounterUDB:status_6\ ,
        f0_blk_stat_comb => \water_counter:CounterUDB:status_5\ ,
        chain_in => \water_counter:CounterUDB:sC24:counterdp:carry1\ );
    Properties:
    {
        a0_init = "00000000"
        a1_init = "00000000"
        ce0_sync = 1
        ce1_sync = 1
        cl0_sync = 1
        cl1_sync = 1
        cmsb_sync = 1
        co_msb_sync = 1
        cy_dpconfig = "0000000001000000000000001000000001000000010000000000000010000000000000000100000010101000010100000010000001000000101010000101000011111111000000001111111111111111101011110000000000000001000001110000000000011000"
        d0_init = "00000000"
        d1_init = "00000000"
        f0_blk_sync = 1
        f0_bus_sync = 1
        f1_blk_sync = 1
        f1_bus_sync = 1
        ff0_sync = 1
        ff1_sync = 1
        ov_msb_sync = 1
        so_sync = 1
        z0_sync = 1
        z1_sync = 1
    }
    Clock Polarity: Active High
    Clock Enable: True
    Previous in chain : \water_counter:CounterUDB:sC24:counterdp:u1\

statusicell: Name =\water_counter:CounterUDB:sSTSReg:stsreg\
    PORT MAP (
        clock => ClockBlock_BUS_CLK ,
        status_6 => \water_counter:CounterUDB:status_6\ ,
        status_5 => \water_counter:CounterUDB:status_5\ ,
        status_2 => \water_counter:CounterUDB:status_2\ ,
        status_1 => \water_counter:CounterUDB:status_1\ ,
        status_0 => \water_counter:CounterUDB:status_0\ );
    Properties:
    {
        cy_force_order = 1
        cy_int_mask = "1111111"
        cy_md_select = "0011111"
    }
    Clock Polarity: Active High
    Clock Enable: True

UDB [UDB=(0,4)] is empty.
UDB [UDB=(0,5)] is empty.
UDB [UDB=(1,0)] contents:
LAB@[UDB=(1,0)][LB=0] #macrocells=1, #inputs=4, #pterms=2
{
    [McSlotId=0]: (empty)
    [McSlotId=1]: (empty)
    [McSlotId=2]: (empty)
    [McSlotId=3]:     MacroCell: Name=\UART:BUART:tx_bitclk\, Mode=(D-Register) @ [UDB=(1,0)][LB=0][MC=3]
        Total # of inputs        : 4
        Total # of product terms : 2
        List of special equations: 
            Clock  = (\UART:Net_9\) => Global
            Clock Enable: True
        Main Equation            : 2 pterms
        !(
              !\UART:BUART:tx_state_1\ * !\UART:BUART:tx_state_0\ * 
              \UART:BUART:tx_state_2\
            + !\UART:BUART:tx_bitclk_enable_pre\
        );
        Output = \UART:BUART:tx_bitclk\ (fanout=4)
        Properties               : 
        {
        }
}

LAB@[UDB=(1,0)][LB=1] #macrocells=3, #inputs=7, #pterms=6
{
    [McSlotId=0]:     MacroCell: Name=\UART:BUART:tx_state_0\, Mode=(T-Register) @ [UDB=(1,0)][LB=1][MC=0]
        Total # of inputs        : 6
        Total # of product terms : 4
        List of special equations: 
            Clock  = (\UART:Net_9\) => Global
            Clock Enable: True
        Main Equation            : 4 pterms
        (
              !\UART:BUART:tx_state_1\ * !\UART:BUART:tx_state_0\ * 
              \UART:BUART:tx_bitclk_enable_pre\ * !\UART:BUART:tx_fifo_empty\
            + !\UART:BUART:tx_state_1\ * !\UART:BUART:tx_state_0\ * 
              !\UART:BUART:tx_fifo_empty\ * !\UART:BUART:tx_state_2\
            + \UART:BUART:tx_state_1\ * \UART:BUART:tx_state_0\ * 
              \UART:BUART:tx_bitclk_enable_pre\ * \UART:BUART:tx_fifo_empty\ * 
              \UART:BUART:tx_state_2\
            + \UART:BUART:tx_state_0\ * !\UART:BUART:tx_state_2\ * 
              \UART:BUART:tx_bitclk\
        );
        Output = \UART:BUART:tx_state_0\ (fanout=8)
        Properties               : 
        {
        }

    [McSlotId=1]:     MacroCell: Name=\UART:BUART:tx_status_2\, Mode=(Combinatorial) @ [UDB=(1,0)][LB=1][MC=1]
        Total # of inputs        : 1
        Total # of product terms : 1
            Clock Enable: True
        Main Equation            : 1 pterm
        (
              !\UART:BUART:tx_fifo_notfull\
        );
        Output = \UART:BUART:tx_status_2\ (fanout=1)
        Properties               : 
        {
        }

    [McSlotId=2]: (empty)
    [McSlotId=3]:     MacroCell: Name=\UART:BUART:tx_status_0\, Mode=(Combinatorial) @ [UDB=(1,0)][LB=1][MC=3]
        Total # of inputs        : 5
        Total # of product terms : 1
            Clock Enable: True
        Main Equation            : 1 pterm
        (
              !\UART:BUART:tx_state_1\ * !\UART:BUART:tx_state_0\ * 
              \UART:BUART:tx_bitclk_enable_pre\ * \UART:BUART:tx_fifo_empty\ * 
              \UART:BUART:tx_state_2\
        );
        Output = \UART:BUART:tx_status_0\ (fanout=1)
        Properties               : 
        {
        }
}

datapathcell: Name =\UART:BUART:sTX:TxShifter:u0\
    PORT MAP (
        clock => \UART:Net_9\ ,
        cs_addr_2 => \UART:BUART:tx_state_1\ ,
        cs_addr_1 => \UART:BUART:tx_state_0\ ,
        cs_addr_0 => \UART:BUART:tx_bitclk_enable_pre\ ,
        so_comb => \UART:BUART:tx_shift_out\ ,
        f0_bus_stat_comb => \UART:BUART:tx_fifo_notfull\ ,
        f0_blk_stat_comb => \UART:BUART:tx_fifo_empty\ );
    Properties:
    {
        a0_init = "00000000"
        a1_init = "00000000"
        ce0_sync = 1
        ce1_sync = 1
        cl0_sync = 1
        cl1_sync = 1
        cmsb_sync = 1
        co_msb_sync = 1
        cy_dpconfig = "0000000000000000000000000000000000000000000000000000000011000000000000000000000000000010010000000000000000000000000000000000000011111111000000001111111111111111000000000000000001000100111100000000000000001100"
        d0_init = "00000000"
        d1_init = "00000000"
        f0_blk_sync = 1
        f0_bus_sync = 1
        f1_blk_sync = 1
        f1_bus_sync = 1
        ff0_sync = 1
        ff1_sync = 1
        ov_msb_sync = 1
        so_sync = 1
        z0_sync = 1
        z1_sync = 1
    }
    Clock Polarity: Active High
    Clock Enable: True

statusicell: Name =\UART:BUART:sTX:TxSts\
    PORT MAP (
        clock => \UART:Net_9\ ,
        status_3 => \UART:BUART:tx_fifo_notfull\ ,
        status_2 => \UART:BUART:tx_status_2\ ,
        status_1 => \UART:BUART:tx_fifo_empty\ ,
        status_0 => \UART:BUART:tx_status_0\ );
    Properties:
    {
        cy_force_order = 1
        cy_int_mask = "1111111"
        cy_md_select = "0000001"
    }
    Clock Polarity: Active High
    Clock Enable: True

UDB [UDB=(1,1)] is empty.
UDB [UDB=(1,2)] contents:
datapathcell: Name =\water_counter:CounterUDB:sC24:counterdp:u0\
    PORT MAP (
        clock => ClockBlock_BUS_CLK ,
        cs_addr_2 => __ONE__ ,
        cs_addr_1 => \water_counter:CounterUDB:count_enable\ ,
        cs_addr_0 => \water_counter:CounterUDB:reload\ ,
        chain_out => \water_counter:CounterUDB:sC24:counterdp:carry0\ );
    Properties:
    {
        a0_init = "00000000"
        a1_init = "00000000"
        ce0_sync = 1
        ce1_sync = 1
        cl0_sync = 1
        cl1_sync = 1
        cmsb_sync = 1
        co_msb_sync = 1
        cy_dpconfig = "0000000001000000000000001000000001000000010000000000000010000000000000000100000010101000010100000010000001000000101010000101000011111111000000001111111111111111101000000000000000000001000000000000000000011000"
        d0_init = "00000000"
        d1_init = "00000000"
        f0_blk_sync = 1
        f0_bus_sync = 1
        f1_blk_sync = 1
        f1_bus_sync = 1
        ff0_sync = 1
        ff1_sync = 1
        ov_msb_sync = 1
        so_sync = 1
        z0_sync = 1
        z1_sync = 1
    }
    Clock Polarity: Active High
    Clock Enable: True
    Next in chain : \water_counter:CounterUDB:sC24:counterdp:u1\

UDB [UDB=(1,3)] is empty.
UDB [UDB=(1,4)] is empty.
UDB [UDB=(1,5)] is empty.
UDB [UDB=(2,0)] is empty.
UDB [UDB=(2,1)] is empty.
UDB [UDB=(2,2)] is empty.
UDB [UDB=(2,3)] is empty.
UDB [UDB=(2,4)] is empty.
UDB [UDB=(2,5)] is empty.
UDB [UDB=(3,0)] is empty.
UDB [UDB=(3,1)] is empty.
UDB [UDB=(3,2)] is empty.
UDB [UDB=(3,3)] is empty.
UDB [UDB=(3,4)] is empty.
UDB [UDB=(3,5)] is empty.
Intr container @ [IntrContainer=(0)]: empty
Drq container @ [DrqContainer=(0)]: empty
Port 0 contains the following IO cells:
Port 1 contains the following IO cells:
Port 2 contains the following IO cells:
Port 3 contains the following IO cells:
Port 12 contains the following IO cells:
[IoId=7]: 
Pin : Name = TX(0)
    Attributes:
        In Group/Port: True
        In Sync Option: AUTO
        Out Sync Option: NOSYNC
        Interrupt generated: False
        Interrupt mode: NONE
        Drive mode: CMOS_OUT
        VTrip: EITHER
        Slew: FAST
        Input Sync needed: False
        Output Sync needed: False
        SC shield enabled: False
        POR State: ANY
        LCD Mode: COMMON
        Register Mode: RegComb
        CaSense Mode: NEITHER
        Treat as pin: True
        Is OE Registered: False
        Uses Analog: False
        Can contain Digital: True
        Is SIO: False
        SIO Output Buf: NONREGULATED
        SIO Input Buf: SINGLE_ENDED
        SIO HiFreq: LOW
        SIO Hyst: DISABLED
        SIO Vtrip: MULTIPLIER_0_5
        SIO Multiplier Index: 0
        SIO RefSel: VCC_IO
        Required Capabilities: DIGITAL, ROUTABLE
        Initial Value: 1
        IO Voltage: 0
    PORT MAP (
        pa_out => TX(0)__PA ,
        pin_input => Net_26 ,
        pad => TX(0)_PAD );
    Properties:
    {
    }

Port 15 contains the following IO cells:
[IoId=5]: 
Pin : Name = Counter(0)
    Attributes:
        In Group/Port: True
        In Sync Option: NOSYNC
        Out Sync Option: AUTO
        Interrupt generated: False
        Interrupt mode: NONE
        Drive mode: HI_Z_DIGITAL
        VTrip: CMOS
        Slew: FAST
        Input Sync needed: False
        Output Sync needed: False
        SC shield enabled: False
        POR State: ANY
        LCD Mode: COMMON
        Register Mode: RegComb
        CaSense Mode: NEITHER
        Treat as pin: True
        Is OE Registered: False
        Uses Analog: False
        Can contain Digital: True
        Is SIO: False
        SIO Output Buf: NONREGULATED
        SIO Input Buf: SINGLE_ENDED
        SIO HiFreq: LOW
        SIO Hyst: DISABLED
        SIO Vtrip: MULTIPLIER_0_5
        SIO Multiplier Index: 0
        SIO RefSel: VCC_IO
        Required Capabilities: DIGITAL, ROUTABLE
        Initial Value: 0
        IO Voltage: 0
    PORT MAP (
        pa_out => Counter(0)__PA ,
        fb => Net_18 ,
        pad => Counter(0)_PAD );
    Properties:
    {
    }

ARM group 0: empty
CAN group 0: empty
Cache group 0: empty
CapSense group 0: empty
Clock group 0: 
    Clock Block @ F(Clock,0): 
    clockblockcell: Name =ClockBlock
        PORT MAP (
            imo => ClockBlock_IMO ,
            pllout => ClockBlock_PLL_OUT ,
            ilo => ClockBlock_ILO ,
            clk_100k => ClockBlock_100k ,
            clk_1k => ClockBlock_1k ,
            clk_32k => ClockBlock_32k ,
            xtal => ClockBlock_XTAL ,
            clk_32k_xtal => ClockBlock_XTAL_32KHZ ,
            clk_sync => ClockBlock_MASTER_CLK ,
            clk_bus_glb => ClockBlock_BUS_CLK ,
            clk_bus => ClockBlock_BUS_CLK_local ,
            dclk_glb_0 => \UART:Net_9\ ,
            dclk_0 => \UART:Net_9_local\ );
        Properties:
        {
        }
Comparator group 0: empty
DFB group 0: empty
DSM group 0: empty
Decimator group 0: empty
EMIF group 0: empty
I2C group 0: empty
LCD group 0: empty
LVD group 0: empty
PICU group 0: empty
PM group 0: empty
SC group 0: empty
SPC group 0: empty
Timer group 0: empty
USB group 0: empty
VIDAC group 0: empty
OpAmp group 0: empty
CsAbuf group 0: empty
Vref group 0: empty
LPF group 0: empty
SAR group 0: empty
ANAIF group 0: empty
PHUB group 0: empty
</CYPRESSTAG>
<CYPRESSTAG name="Port Configuration Details">

------------------------------------------------------------
Port Configuration report
------------------------------------------------------------
     |     |       | Interrupt |                  |            | 
Port | Pin | Fixed |      Type |       Drive Mode |       Name | Connections
-----+-----+-------+-----------+------------------+------------+------------
  12 |   7 |     * |      NONE |         CMOS_OUT |      TX(0) | In(Net_26)
-----+-----+-------+-----------+------------------+------------+------------
  15 |   5 |     * |      NONE |     HI_Z_DIGITAL | Counter(0) | FB(Net_18)
----------------------------------------------------------------------------
</CYPRESSTAG>
</CYPRESSTAG>
</CYPRESSTAG>
Digital component placer commit/Report: Elapsed time ==> 0s.614ms
Digital Placement phase: Elapsed time ==> 2s.502ms
</CYPRESSTAG>
<CYPRESSTAG name="Digital Routing">
"C:\Program Files (x86)\Cypress\PSoC Creator\4.2\PSoC Creator\bin/sjrouter.exe" --xml-path "C:\Program Files (x86)\Cypress\PSoC Creator\4.2\PSoC Creator\dev\psoc5/psoc5lp/route_arch-rrg.cydata" --vh2-path "water_flow_r.vh2" --pcf-path "water_flow.pco" --des-name "water_flow" --dsf-path "water_flow.dsf" --sdc-path "water_flow.sdc" --lib-path "water_flow_r.lib"
Routing successful.
Digital Routing phase: Elapsed time ==> 2s.094ms
</CYPRESSTAG>
<CYPRESSTAG name="Bitstream Generation">
Bitstream Generation phase: Elapsed time ==> 0s.358ms
</CYPRESSTAG>
<CYPRESSTAG name="Bitstream Verification">
Bitstream Verification phase: Elapsed time ==> 0s.097ms
</CYPRESSTAG>
<CYPRESSTAG name="Static timing analysis">
Timing report is in water_flow_timing.html.
Static timing analysis phase: Elapsed time ==> 0s.510ms
</CYPRESSTAG>
<CYPRESSTAG name="Data reporting">
Data reporting phase: Elapsed time ==> 0s.000ms
</CYPRESSTAG>
<CYPRESSTAG name="Database update...">
Design database save phase: Elapsed time ==> 0s.297ms
</CYPRESSTAG>
cydsfit: Elapsed time ==> 7s.370ms
</CYPRESSTAG>
Fitter phase: Elapsed time ==> 7s.371ms
API generation phase: Elapsed time ==> 2s.089ms
Dependency generation phase: Elapsed time ==> 0s.038ms
Cleanup phase: Elapsed time ==> 0s.003ms
