ARM GAS  C:\Users\TYROLY~1\AppData\Local\Temp\ccX6lIa8.s 			page 1


   1              		.syntax unified
   2              		.cpu cortex-m3
   3              		.fpu softvfp
   4              		.eabi_attribute 20, 1
   5              		.eabi_attribute 21, 1
   6              		.eabi_attribute 23, 3
   7              		.eabi_attribute 24, 1
   8              		.eabi_attribute 25, 1
   9              		.eabi_attribute 26, 1
  10              		.eabi_attribute 30, 1
  11              		.eabi_attribute 34, 1
  12              		.eabi_attribute 18, 4
  13              		.thumb
  14              		.syntax unified
  15              		.file	"cymetadata.c"
  16              		.text
  17              	.Ltext0:
  18              		.cfi_sections	.debug_frame
  19              		.global	cy_metadata
  20              		.global	cy_meta_flashprotect
  21              		.global	cy_meta_wonvl
  22              		.global	cy_meta_custnvl
  23              		.global	cy_meta_configecc
  24              		.section	.cyconfigecc,"a",%progbits
  25              		.align	2
  26              		.type	cy_meta_configecc, %object
  27              		.size	cy_meta_configecc, 700
  28              	cy_meta_configecc:
  29 0000 01       		.byte	1
  30 0001 52       		.byte	82
  31 0002 00       		.byte	0
  32 0003 40       		.byte	64
  33 0004 01       		.byte	1
  34 0005 64       		.byte	100
  35 0006 00       		.byte	0
  36 0007 40       		.byte	64
  37 0008 01       		.byte	1
  38 0009 65       		.byte	101
  39 000a 00       		.byte	0
  40 000b 40       		.byte	64
  41 000c 3A       		.byte	58
  42 000d 08       		.byte	8
  43 000e 01       		.byte	1
  44 000f 40       		.byte	64
  45 0010 15       		.byte	21
  46 0011 09       		.byte	9
  47 0012 01       		.byte	1
  48 0013 40       		.byte	64
  49 0014 25       		.byte	37
  50 0015 0A       		.byte	10
  51 0016 01       		.byte	1
  52 0017 40       		.byte	64
  53 0018 15       		.byte	21
  54 0019 0B       		.byte	11
  55 001a 01       		.byte	1
  56 001b 40       		.byte	64
  57 001c 03       		.byte	3
ARM GAS  C:\Users\TYROLY~1\AppData\Local\Temp\ccX6lIa8.s 			page 2


  58 001d 19       		.byte	25
  59 001e 01       		.byte	1
  60 001f 40       		.byte	64
  61 0020 5E       		.byte	94
  62 0021 1A       		.byte	26
  63 0022 01       		.byte	1
  64 0023 40       		.byte	64
  65 0024 3A       		.byte	58
  66 0025 1B       		.byte	27
  67 0026 01       		.byte	1
  68 0027 40       		.byte	64
  69 0028 02       		.byte	2
  70 0029 46       		.byte	70
  71 002a 01       		.byte	1
  72 002b 40       		.byte	64
  73 002c 01       		.byte	1
  74 002d 47       		.byte	71
  75 002e 01       		.byte	1
  76 002f 40       		.byte	64
  77 0030 01       		.byte	1
  78 0031 4C       		.byte	76
  79 0032 01       		.byte	1
  80 0033 40       		.byte	64
  81 0034 03       		.byte	3
  82 0035 4D       		.byte	77
  83 0036 01       		.byte	1
  84 0037 40       		.byte	64
  85 0038 04       		.byte	4
  86 0039 50       		.byte	80
  87 003a 01       		.byte	1
  88 003b 40       		.byte	64
  89 003c 61       		.byte	97
  90 003d 80       		.byte	-128
  91 003e 8A       		.byte	-118
  92 003f 67       		.byte	103
  93 0040 8B       		.byte	-117
  94 0041 0F       		.byte	15
  95 0042 40       		.byte	64
  96 0043 64       		.byte	100
  97 0044 41       		.byte	65
  98 0045 05       		.byte	5
  99 0046 49       		.byte	73
 100 0047 FF       		.byte	-1
 101 0048 4A       		.byte	74
 102 0049 FF       		.byte	-1
 103 004a 4B       		.byte	75
 104 004b FF       		.byte	-1
 105 004c 4D       		.byte	77
 106 004d A0       		.byte	-96
 107 004e 4F       		.byte	79
 108 004f 01       		.byte	1
 109 0050 50       		.byte	80
 110 0051 18       		.byte	24
 111 0052 5A       		.byte	90
 112 0053 04       		.byte	4
 113 0054 5D       		.byte	93
 114 0055 09       		.byte	9
ARM GAS  C:\Users\TYROLY~1\AppData\Local\Temp\ccX6lIa8.s 			page 3


 115 0056 5F       		.byte	95
 116 0057 01       		.byte	1
 117 0058 60       		.byte	96
 118 0059 40       		.byte	64
 119 005a 62       		.byte	98
 120 005b 80       		.byte	-128
 121 005c 64       		.byte	100
 122 005d 40       		.byte	64
 123 005e 65       		.byte	101
 124 005f 40       		.byte	64
 125 0060 66       		.byte	102
 126 0061 80       		.byte	-128
 127 0062 68       		.byte	104
 128 0063 40       		.byte	64
 129 0064 6A       		.byte	106
 130 0065 50       		.byte	80
 131 0066 6B       		.byte	107
 132 0067 A8       		.byte	-88
 133 0068 6C       		.byte	108
 134 0069 40       		.byte	64
 135 006a 6D       		.byte	109
 136 006b 20       		.byte	32
 137 006c 6E       		.byte	110
 138 006d 50       		.byte	80
 139 006e 6F       		.byte	111
 140 006f A8       		.byte	-88
 141 0070 82       		.byte	-126
 142 0071 0C       		.byte	12
 143 0072 88       		.byte	-120
 144 0073 01       		.byte	1
 145 0074 8C       		.byte	-116
 146 0075 08       		.byte	8
 147 0076 A6       		.byte	-90
 148 0077 03       		.byte	3
 149 0078 B0       		.byte	-80
 150 0079 04       		.byte	4
 151 007a B2       		.byte	-78
 152 007b 02       		.byte	2
 153 007c B4       		.byte	-76
 154 007d 01       		.byte	1
 155 007e B6       		.byte	-74
 156 007f 08       		.byte	8
 157 0080 BE       		.byte	-66
 158 0081 50       		.byte	80
 159 0082 C0       		.byte	-64
 160 0083 21       		.byte	33
 161 0084 C1       		.byte	-63
 162 0085 05       		.byte	5
 163 0086 C9       		.byte	-55
 164 0087 FF       		.byte	-1
 165 0088 CA       		.byte	-54
 166 0089 FF       		.byte	-1
 167 008a CB       		.byte	-53
 168 008b FF       		.byte	-1
 169 008c CD       		.byte	-51
 170 008d AF       		.byte	-81
 171 008e CE       		.byte	-50
ARM GAS  C:\Users\TYROLY~1\AppData\Local\Temp\ccX6lIa8.s 			page 4


 172 008f 07       		.byte	7
 173 0090 CF       		.byte	-49
 174 0091 01       		.byte	1
 175 0092 D0       		.byte	-48
 176 0093 18       		.byte	24
 177 0094 D8       		.byte	-40
 178 0095 04       		.byte	4
 179 0096 DA       		.byte	-38
 180 0097 04       		.byte	4
 181 0098 DC       		.byte	-36
 182 0099 09       		.byte	9
 183 009a DD       		.byte	-35
 184 009b 09       		.byte	9
 185 009c DF       		.byte	-33
 186 009d 01       		.byte	1
 187 009e E0       		.byte	-32
 188 009f 40       		.byte	64
 189 00a0 E2       		.byte	-30
 190 00a1 80       		.byte	-128
 191 00a2 E4       		.byte	-28
 192 00a3 40       		.byte	64
 193 00a4 E5       		.byte	-27
 194 00a5 40       		.byte	64
 195 00a6 E6       		.byte	-26
 196 00a7 80       		.byte	-128
 197 00a8 E8       		.byte	-24
 198 00a9 40       		.byte	64
 199 00aa EA       		.byte	-22
 200 00ab 50       		.byte	80
 201 00ac EB       		.byte	-21
 202 00ad A8       		.byte	-88
 203 00ae EC       		.byte	-20
 204 00af 40       		.byte	64
 205 00b0 ED       		.byte	-19
 206 00b1 20       		.byte	32
 207 00b2 EE       		.byte	-18
 208 00b3 50       		.byte	80
 209 00b4 EF       		.byte	-17
 210 00b5 A8       		.byte	-88
 211 00b6 00       		.byte	0
 212 00b7 50       		.byte	80
 213 00b8 02       		.byte	2
 214 00b9 40       		.byte	64
 215 00ba 13       		.byte	19
 216 00bb 08       		.byte	8
 217 00bc 18       		.byte	24
 218 00bd 54       		.byte	84
 219 00be 19       		.byte	25
 220 00bf 40       		.byte	64
 221 00c0 1B       		.byte	27
 222 00c1 10       		.byte	16
 223 00c2 40       		.byte	64
 224 00c3 04       		.byte	4
 225 00c4 41       		.byte	65
 226 00c5 40       		.byte	64
 227 00c6 46       		.byte	70
 228 00c7 40       		.byte	64
ARM GAS  C:\Users\TYROLY~1\AppData\Local\Temp\ccX6lIa8.s 			page 5


 229 00c8 4B       		.byte	75
 230 00c9 40       		.byte	64
 231 00ca 4F       		.byte	79
 232 00cb 60       		.byte	96
 233 00cc 89       		.byte	-119
 234 00cd 48       		.byte	72
 235 00ce 91       		.byte	-111
 236 00cf 80       		.byte	-128
 237 00d0 94       		.byte	-108
 238 00d1 04       		.byte	4
 239 00d2 97       		.byte	-105
 240 00d3 40       		.byte	64
 241 00d4 9A       		.byte	-102
 242 00d5 40       		.byte	64
 243 00d6 9D       		.byte	-99
 244 00d7 08       		.byte	8
 245 00d8 C0       		.byte	-64
 246 00d9 0B       		.byte	11
 247 00da C4       		.byte	-60
 248 00db 04       		.byte	4
 249 00dc D0       		.byte	-48
 250 00dd 8C       		.byte	-116
 251 00de D2       		.byte	-46
 252 00df 38       		.byte	56
 253 00e0 08       		.byte	8
 254 00e1 01       		.byte	1
 255 00e2 26       		.byte	38
 256 00e3 03       		.byte	3
 257 00e4 32       		.byte	50
 258 00e5 02       		.byte	2
 259 00e6 36       		.byte	54
 260 00e7 01       		.byte	1
 261 00e8 3E       		.byte	62
 262 00e9 40       		.byte	64
 263 00ea 40       		.byte	64
 264 00eb 21       		.byte	33
 265 00ec 41       		.byte	65
 266 00ed 05       		.byte	5
 267 00ee 45       		.byte	69
 268 00ef 25       		.byte	37
 269 00f0 46       		.byte	70
 270 00f1 C0       		.byte	-64
 271 00f2 47       		.byte	71
 272 00f3 0E       		.byte	14
 273 00f4 48       		.byte	72
 274 00f5 1F       		.byte	31
 275 00f6 49       		.byte	73
 276 00f7 FF       		.byte	-1
 277 00f8 4A       		.byte	74
 278 00f9 FF       		.byte	-1
 279 00fa 4B       		.byte	75
 280 00fb FF       		.byte	-1
 281 00fc 4D       		.byte	77
 282 00fd AF       		.byte	-81
 283 00fe 4E       		.byte	78
 284 00ff 07       		.byte	7
 285 0100 4F       		.byte	79
ARM GAS  C:\Users\TYROLY~1\AppData\Local\Temp\ccX6lIa8.s 			page 6


 286 0101 01       		.byte	1
 287 0102 50       		.byte	80
 288 0103 18       		.byte	24
 289 0104 54       		.byte	84
 290 0105 07       		.byte	7
 291 0106 58       		.byte	88
 292 0107 04       		.byte	4
 293 0108 5A       		.byte	90
 294 0109 04       		.byte	4
 295 010a 5B       		.byte	91
 296 010b 04       		.byte	4
 297 010c 5C       		.byte	92
 298 010d 09       		.byte	9
 299 010e 5D       		.byte	93
 300 010f 99       		.byte	-103
 301 0110 5F       		.byte	95
 302 0111 01       		.byte	1
 303 0112 60       		.byte	96
 304 0113 40       		.byte	64
 305 0114 62       		.byte	98
 306 0115 80       		.byte	-128
 307 0116 64       		.byte	100
 308 0117 40       		.byte	64
 309 0118 65       		.byte	101
 310 0119 40       		.byte	64
 311 011a 66       		.byte	102
 312 011b 80       		.byte	-128
 313 011c 68       		.byte	104
 314 011d 40       		.byte	64
 315 011e 6A       		.byte	106
 316 011f 50       		.byte	80
 317 0120 6B       		.byte	107
 318 0121 A8       		.byte	-88
 319 0122 6C       		.byte	108
 320 0123 40       		.byte	64
 321 0124 6D       		.byte	109
 322 0125 20       		.byte	32
 323 0126 6E       		.byte	110
 324 0127 50       		.byte	80
 325 0128 6F       		.byte	111
 326 0129 A8       		.byte	-88
 327 012a 00       		.byte	0
 328 012b 10       		.byte	16
 329 012c 10       		.byte	16
 330 012d 20       		.byte	32
 331 012e 18       		.byte	24
 332 012f 10       		.byte	16
 333 0130 19       		.byte	25
 334 0131 40       		.byte	64
 335 0132 40       		.byte	64
 336 0133 04       		.byte	4
 337 0134 41       		.byte	65
 338 0135 40       		.byte	64
 339 0136 48       		.byte	72
 340 0137 20       		.byte	32
 341 0138 49       		.byte	73
 342 0139 02       		.byte	2
ARM GAS  C:\Users\TYROLY~1\AppData\Local\Temp\ccX6lIa8.s 			page 7


 343 013a 4B       		.byte	75
 344 013b 40       		.byte	64
 345 013c 51       		.byte	81
 346 013d 48       		.byte	72
 347 013e 52       		.byte	82
 348 013f 50       		.byte	80
 349 0140 59       		.byte	89
 350 0141 58       		.byte	88
 351 0142 61       		.byte	97
 352 0143 08       		.byte	8
 353 0144 62       		.byte	98
 354 0145 10       		.byte	16
 355 0146 8D       		.byte	-115
 356 0147 12       		.byte	18
 357 0148 C0       		.byte	-64
 358 0149 02       		.byte	2
 359 014a C4       		.byte	-60
 360 014b 04       		.byte	4
 361 014c D0       		.byte	-48
 362 014d 0C       		.byte	12
 363 014e D2       		.byte	-46
 364 014f 08       		.byte	8
 365 0150 D6       		.byte	-42
 366 0151 0E       		.byte	14
 367 0152 D8       		.byte	-40
 368 0153 06       		.byte	6
 369 0154 97       		.byte	-105
 370 0155 40       		.byte	64
 371 0156 AB       		.byte	-85
 372 0157 08       		.byte	8
 373 0158 EA       		.byte	-22
 374 0159 04       		.byte	4
 375 015a 01       		.byte	1
 376 015b 10       		.byte	16
 377 015c 03       		.byte	3
 378 015d 40       		.byte	64
 379 015e 05       		.byte	5
 380 015f 14       		.byte	20
 381 0160 06       		.byte	6
 382 0161 0C       		.byte	12
 383 0162 0B       		.byte	11
 384 0163 03       		.byte	3
 385 0164 0C       		.byte	12
 386 0165 2C       		.byte	44
 387 0166 0D       		.byte	13
 388 0167 DC       		.byte	-36
 389 0168 0E       		.byte	14
 390 0169 03       		.byte	3
 391 016a 0F       		.byte	15
 392 016b 22       		.byte	34
 393 016c 14       		.byte	20
 394 016d 40       		.byte	64
 395 016e 15       		.byte	21
 396 016f 0C       		.byte	12
 397 0170 17       		.byte	23
 398 0171 71       		.byte	113
 399 0172 1B       		.byte	27
ARM GAS  C:\Users\TYROLY~1\AppData\Local\Temp\ccX6lIa8.s 			page 8


 400 0173 20       		.byte	32
 401 0174 1D       		.byte	29
 402 0175 10       		.byte	16
 403 0176 1E       		.byte	30
 404 0177 08       		.byte	8
 405 0178 1F       		.byte	31
 406 0179 AC       		.byte	-84
 407 017a 20       		.byte	32
 408 017b 31       		.byte	49
 409 017c 22       		.byte	34
 410 017d 06       		.byte	6
 411 017e 25       		.byte	37
 412 017f 09       		.byte	9
 413 0180 26       		.byte	38
 414 0181 13       		.byte	19
 415 0182 27       		.byte	39
 416 0183 D0       		.byte	-48
 417 0184 28       		.byte	40
 418 0185 31       		.byte	49
 419 0186 2A       		.byte	42
 420 0187 0E       		.byte	14
 421 0188 30       		.byte	48
 422 0189 0F       		.byte	15
 423 018a 32       		.byte	50
 424 018b 40       		.byte	64
 425 018c 33       		.byte	51
 426 018d E0       		.byte	-32
 427 018e 34       		.byte	52
 428 018f 30       		.byte	48
 429 0190 35       		.byte	53
 430 0191 1F       		.byte	31
 431 0192 38       		.byte	56
 432 0193 20       		.byte	32
 433 0194 39       		.byte	57
 434 0195 02       		.byte	2
 435 0196 3A       		.byte	58
 436 0197 02       		.byte	2
 437 0198 3B       		.byte	59
 438 0199 08       		.byte	8
 439 019a 3E       		.byte	62
 440 019b 14       		.byte	20
 441 019c 3F       		.byte	63
 442 019d 01       		.byte	1
 443 019e 40       		.byte	64
 444 019f 02       		.byte	2
 445 01a0 45       		.byte	69
 446 01a1 40       		.byte	64
 447 01a2 49       		.byte	73
 448 01a3 FF       		.byte	-1
 449 01a4 4A       		.byte	74
 450 01a5 07       		.byte	7
 451 01a6 4B       		.byte	75
 452 01a7 FF       		.byte	-1
 453 01a8 4C       		.byte	76
 454 01a9 40       		.byte	64
 455 01aa 4D       		.byte	77
 456 01ab 20       		.byte	32
ARM GAS  C:\Users\TYROLY~1\AppData\Local\Temp\ccX6lIa8.s 			page 9


 457 01ac 4E       		.byte	78
 458 01ad F0       		.byte	-16
 459 01ae 4F       		.byte	79
 460 01af 05       		.byte	5
 461 01b0 50       		.byte	80
 462 01b1 08       		.byte	8
 463 01b2 58       		.byte	88
 464 01b3 04       		.byte	4
 465 01b4 59       		.byte	89
 466 01b5 04       		.byte	4
 467 01b6 5A       		.byte	90
 468 01b7 04       		.byte	4
 469 01b8 5F       		.byte	95
 470 01b9 01       		.byte	1
 471 01ba 60       		.byte	96
 472 01bb 40       		.byte	64
 473 01bc 61       		.byte	97
 474 01bd A8       		.byte	-88
 475 01be 62       		.byte	98
 476 01bf 40       		.byte	64
 477 01c0 63       		.byte	99
 478 01c1 20       		.byte	32
 479 01c2 81       		.byte	-127
 480 01c3 10       		.byte	16
 481 01c4 84       		.byte	-124
 482 01c5 01       		.byte	1
 483 01c6 85       		.byte	-123
 484 01c7 03       		.byte	3
 485 01c8 87       		.byte	-121
 486 01c9 24       		.byte	36
 487 01ca 8C       		.byte	-116
 488 01cb 01       		.byte	1
 489 01cc 92       		.byte	-110
 490 01cd 01       		.byte	1
 491 01ce 95       		.byte	-107
 492 01cf 23       		.byte	35
 493 01d0 97       		.byte	-105
 494 01d1 04       		.byte	4
 495 01d2 98       		.byte	-104
 496 01d3 02       		.byte	2
 497 01d4 9B       		.byte	-101
 498 01d5 08       		.byte	8
 499 01d6 9D       		.byte	-99
 500 01d7 23       		.byte	35
 501 01d8 9F       		.byte	-97
 502 01d9 0C       		.byte	12
 503 01da A7       		.byte	-89
 504 01db 25       		.byte	37
 505 01dc AD       		.byte	-83
 506 01dd 0A       		.byte	10
 507 01de AF       		.byte	-81
 508 01df 24       		.byte	36
 509 01e0 B1       		.byte	-79
 510 01e1 20       		.byte	32
 511 01e2 B4       		.byte	-76
 512 01e3 03       		.byte	3
 513 01e4 B5       		.byte	-75
ARM GAS  C:\Users\TYROLY~1\AppData\Local\Temp\ccX6lIa8.s 			page 10


 514 01e5 10       		.byte	16
 515 01e6 B7       		.byte	-73
 516 01e7 0F       		.byte	15
 517 01e8 B8       		.byte	-72
 518 01e9 20       		.byte	32
 519 01ea BB       		.byte	-69
 520 01eb 80       		.byte	-128
 521 01ec BF       		.byte	-65
 522 01ed 11       		.byte	17
 523 01ee C0       		.byte	-64
 524 01ef 43       		.byte	67
 525 01f0 C1       		.byte	-63
 526 01f1 06       		.byte	6
 527 01f2 C5       		.byte	-59
 528 01f3 EC       		.byte	-20
 529 01f4 C7       		.byte	-57
 530 01f5 0B       		.byte	11
 531 01f6 C8       		.byte	-56
 532 01f7 13       		.byte	19
 533 01f8 C9       		.byte	-55
 534 01f9 FF       		.byte	-1
 535 01fa CA       		.byte	-54
 536 01fb FF       		.byte	-1
 537 01fc CB       		.byte	-53
 538 01fd FF       		.byte	-1
 539 01fe CE       		.byte	-50
 540 01ff F0       		.byte	-16
 541 0200 CF       		.byte	-49
 542 0201 44       		.byte	68
 543 0202 D0       		.byte	-48
 544 0203 0C       		.byte	12
 545 0204 D4       		.byte	-44
 546 0205 01       		.byte	1
 547 0206 D8       		.byte	-40
 548 0207 04       		.byte	4
 549 0208 D9       		.byte	-39
 550 0209 04       		.byte	4
 551 020a DA       		.byte	-38
 552 020b 04       		.byte	4
 553 020c DB       		.byte	-37
 554 020d 04       		.byte	4
 555 020e DF       		.byte	-33
 556 020f 01       		.byte	1
 557 0210 E6       		.byte	-26
 558 0211 C0       		.byte	-64
 559 0212 EA       		.byte	-22
 560 0213 40       		.byte	64
 561 0214 EB       		.byte	-21
 562 0215 02       		.byte	2
 563 0216 00       		.byte	0
 564 0217 40       		.byte	64
 565 0218 03       		.byte	3
 566 0219 20       		.byte	32
 567 021a 07       		.byte	7
 568 021b 21       		.byte	33
 569 021c 0A       		.byte	10
 570 021d 20       		.byte	32
ARM GAS  C:\Users\TYROLY~1\AppData\Local\Temp\ccX6lIa8.s 			page 11


 571 021e 0B       		.byte	11
 572 021f 02       		.byte	2
 573 0220 0C       		.byte	12
 574 0221 20       		.byte	32
 575 0222 0E       		.byte	14
 576 0223 40       		.byte	64
 577 0224 10       		.byte	16
 578 0225 30       		.byte	48
 579 0226 12       		.byte	18
 580 0227 88       		.byte	-120
 581 0228 18       		.byte	24
 582 0229 40       		.byte	64
 583 022a 19       		.byte	25
 584 022b 04       		.byte	4
 585 022c 1A       		.byte	26
 586 022d 44       		.byte	68
 587 022e 1D       		.byte	29
 588 022f 10       		.byte	16
 589 0230 1F       		.byte	31
 590 0231 20       		.byte	32
 591 0232 21       		.byte	33
 592 0233 10       		.byte	16
 593 0234 22       		.byte	34
 594 0235 18       		.byte	24
 595 0236 23       		.byte	35
 596 0237 60       		.byte	96
 597 0238 26       		.byte	38
 598 0239 80       		.byte	-128
 599 023a 27       		.byte	39
 600 023b 89       		.byte	-119
 601 023c 2B       		.byte	43
 602 023d 20       		.byte	32
 603 023e 2C       		.byte	44
 604 023f 20       		.byte	32
 605 0240 2E       		.byte	46
 606 0241 40       		.byte	64
 607 0242 30       		.byte	48
 608 0243 20       		.byte	32
 609 0244 32       		.byte	50
 610 0245 88       		.byte	-120
 611 0246 35       		.byte	53
 612 0247 10       		.byte	16
 613 0248 36       		.byte	54
 614 0249 88       		.byte	-120
 615 024a 38       		.byte	56
 616 024b 40       		.byte	64
 617 024c 39       		.byte	57
 618 024d 20       		.byte	32
 619 024e 3A       		.byte	58
 620 024f 04       		.byte	4
 621 0250 3B       		.byte	59
 622 0251 02       		.byte	2
 623 0252 3D       		.byte	61
 624 0253 01       		.byte	1
 625 0254 3F       		.byte	63
 626 0255 08       		.byte	8
 627 0256 42       		.byte	66
ARM GAS  C:\Users\TYROLY~1\AppData\Local\Temp\ccX6lIa8.s 			page 12


 628 0257 04       		.byte	4
 629 0258 44       		.byte	68
 630 0259 10       		.byte	16
 631 025a 47       		.byte	71
 632 025b 01       		.byte	1
 633 025c 48       		.byte	72
 634 025d 20       		.byte	32
 635 025e 4B       		.byte	75
 636 025f 02       		.byte	2
 637 0260 4D       		.byte	77
 638 0261 01       		.byte	1
 639 0262 4E       		.byte	78
 640 0263 08       		.byte	8
 641 0264 4F       		.byte	79
 642 0265 08       		.byte	8
 643 0266 56       		.byte	86
 644 0267 04       		.byte	4
 645 0268 5C       		.byte	92
 646 0269 20       		.byte	32
 647 026a 5D       		.byte	93
 648 026b 01       		.byte	1
 649 026c 5F       		.byte	95
 650 026d 88       		.byte	-120
 651 026e 78       		.byte	120
 652 026f 20       		.byte	32
 653 0270 7B       		.byte	123
 654 0271 04       		.byte	4
 655 0272 81       		.byte	-127
 656 0273 04       		.byte	4
 657 0274 97       		.byte	-105
 658 0275 40       		.byte	64
 659 0276 C0       		.byte	-64
 660 0277 A5       		.byte	-91
 661 0278 C2       		.byte	-62
 662 0279 55       		.byte	85
 663 027a C4       		.byte	-60
 664 027b 0E       		.byte	14
 665 027c CA       		.byte	-54
 666 027d 52       		.byte	82
 667 027e CC       		.byte	-52
 668 027f 7E       		.byte	126
 669 0280 CE       		.byte	-50
 670 0281 CF       		.byte	-49
 671 0282 D0       		.byte	-48
 672 0283 C4       		.byte	-60
 673 0284 D2       		.byte	-46
 674 0285 20       		.byte	32
 675 0286 D6       		.byte	-42
 676 0287 F0       		.byte	-16
 677 0288 E4       		.byte	-28
 678 0289 01       		.byte	1
 679 028a 07       		.byte	7
 680 028b 10       		.byte	16
 681 028c C0       		.byte	-64
 682 028d 04       		.byte	4
 683 028e 9B       		.byte	-101
 684 028f 10       		.byte	16
ARM GAS  C:\Users\TYROLY~1\AppData\Local\Temp\ccX6lIa8.s 			page 13


 685 0290 AB       		.byte	-85
 686 0291 10       		.byte	16
 687 0292 70       		.byte	112
 688 0293 04       		.byte	4
 689 0294 80       		.byte	-128
 690 0295 04       		.byte	4
 691 0296 DC       		.byte	-36
 692 0297 01       		.byte	1
 693 0298 01       		.byte	1
 694 0299 01       		.byte	1
 695 029a 0D       		.byte	13
 696 029b 01       		.byte	1
 697 029c 10       		.byte	16
 698 029d 01       		.byte	1
 699 029e 1C       		.byte	28
 700 029f 01       		.byte	1
 701 02a0 80       		.byte	-128
 702 02a1 00       		.byte	0
 703 02a2 00       		.byte	0
 704 02a3 80       		.byte	-128
 705 02a4 80       		.byte	-128
 706 02a5 00       		.byte	0
 707 02a6 80       		.byte	-128
 708 02a7 00       		.byte	0
 709 02a8 00       		.byte	0
 710 02a9 00       		.byte	0
 711 02aa 00       		.byte	0
 712 02ab 00       		.byte	0
 713 02ac 20       		.byte	32
 714 02ad 00       		.byte	0
 715 02ae 00       		.byte	0
 716 02af 00       		.byte	0
 717 02b0 00       		.byte	0
 718 02b1 00       		.byte	0
 719 02b2 00       		.byte	0
 720 02b3 00       		.byte	0
 721 02b4 00       		.byte	0
 722 02b5 0B       		.byte	11
 723 02b6 0B       		.byte	11
 724 02b7 00       		.byte	0
 725 02b8 00       		.byte	0
 726 02b9 00       		.byte	0
 727 02ba 00       		.byte	0
 728 02bb 00       		.byte	0
 729              		.section	.cywolatch,"a",%progbits
 730              		.align	2
 731              		.type	cy_meta_wonvl, %object
 732              		.size	cy_meta_wonvl, 4
 733              	cy_meta_wonvl:
 734 0000 BC       		.byte	-68
 735 0001 90       		.byte	-112
 736 0002 AC       		.byte	-84
 737 0003 AF       		.byte	-81
 738              		.section	.cycustnvl,"a",%progbits
 739              		.align	2
 740              		.type	cy_meta_custnvl, %object
 741              		.size	cy_meta_custnvl, 4
ARM GAS  C:\Users\TYROLY~1\AppData\Local\Temp\ccX6lIa8.s 			page 14


 742              	cy_meta_custnvl:
 743 0000 00       		.byte	0
 744 0001 00       		.byte	0
 745 0002 40       		.byte	64
 746 0003 05       		.byte	5
 747              		.section	.cymeta,"a",%progbits
 748              		.align	2
 749              		.type	cy_metadata, %object
 750              		.size	cy_metadata, 12
 751              	cy_metadata:
 752 0000 00       		.byte	0
 753 0001 01       		.byte	1
 754 0002 2E       		.byte	46
 755 0003 16       		.byte	22
 756 0004 10       		.byte	16
 757 0005 69       		.byte	105
 758 0006 00       		.byte	0
 759 0007 01       		.byte	1
 760 0008 00       		.byte	0
 761 0009 00       		.byte	0
 762 000a 00       		.byte	0
 763 000b 00       		.byte	0
 764              		.section	.cyflashprotect,"a",%progbits
 765              		.align	2
 766              		.type	cy_meta_flashprotect, %object
 767              		.size	cy_meta_flashprotect, 256
 768              	cy_meta_flashprotect:
 769 0000 00000000 		.space	256
 769      00000000 
 769      00000000 
 769      00000000 
 769      00000000 
 770              		.text
 771              	.Letext0:
 772              		.file 1 "c:\\program files (x86)\\cypress\\psoc creator\\4.2\\psoc creator\\import\\gnu\\arm\\5.4.
 773              		.file 2 "c:\\program files (x86)\\cypress\\psoc creator\\4.2\\psoc creator\\import\\gnu\\arm\\5.4.
 774              		.file 3 "Generated_Source\\PSoC5\\cymetadata.c"
 775              		.section	.debug_info,"",%progbits
 776              	.Ldebug_info0:
 777 0000 31010000 		.4byte	0x131
 778 0004 0400     		.2byte	0x4
 779 0006 00000000 		.4byte	.Ldebug_abbrev0
 780 000a 04       		.byte	0x4
 781 000b 01       		.uleb128 0x1
 782 000c 4A000000 		.4byte	.LASF17
 783 0010 0C       		.byte	0xc
 784 0011 A4010000 		.4byte	.LASF18
 785 0015 00000000 		.4byte	.LASF19
 786 0019 00000000 		.4byte	.Ldebug_line0
 787 001d 02       		.uleb128 0x2
 788 001e 01       		.byte	0x1
 789 001f 06       		.byte	0x6
 790 0020 98010000 		.4byte	.LASF0
 791 0024 03       		.uleb128 0x3
 792 0025 26000000 		.4byte	.LASF9
 793 0029 01       		.byte	0x1
 794 002a 1D       		.byte	0x1d
ARM GAS  C:\Users\TYROLY~1\AppData\Local\Temp\ccX6lIa8.s 			page 15


 795 002b 2F000000 		.4byte	0x2f
 796 002f 02       		.uleb128 0x2
 797 0030 01       		.byte	0x1
 798 0031 08       		.byte	0x8
 799 0032 3C000000 		.4byte	.LASF1
 800 0036 02       		.uleb128 0x2
 801 0037 02       		.byte	0x2
 802 0038 05       		.byte	0x5
 803 0039 85010000 		.4byte	.LASF2
 804 003d 02       		.uleb128 0x2
 805 003e 02       		.byte	0x2
 806 003f 07       		.byte	0x7
 807 0040 EA000000 		.4byte	.LASF3
 808 0044 02       		.uleb128 0x2
 809 0045 04       		.byte	0x4
 810 0046 05       		.byte	0x5
 811 0047 8F010000 		.4byte	.LASF4
 812 004b 02       		.uleb128 0x2
 813 004c 04       		.byte	0x4
 814 004d 07       		.byte	0x7
 815 004e D8000000 		.4byte	.LASF5
 816 0052 02       		.uleb128 0x2
 817 0053 08       		.byte	0x8
 818 0054 05       		.byte	0x5
 819 0055 77010000 		.4byte	.LASF6
 820 0059 02       		.uleb128 0x2
 821 005a 08       		.byte	0x8
 822 005b 07       		.byte	0x7
 823 005c 2C010000 		.4byte	.LASF7
 824 0060 04       		.uleb128 0x4
 825 0061 04       		.byte	0x4
 826 0062 05       		.byte	0x5
 827 0063 696E7400 		.ascii	"int\000"
 828 0067 02       		.uleb128 0x2
 829 0068 04       		.byte	0x4
 830 0069 07       		.byte	0x7
 831 006a 1F010000 		.4byte	.LASF8
 832 006e 03       		.uleb128 0x3
 833 006f 43010000 		.4byte	.LASF10
 834 0073 02       		.byte	0x2
 835 0074 18       		.byte	0x18
 836 0075 24000000 		.4byte	0x24
 837 0079 05       		.uleb128 0x5
 838 007a 91000000 		.4byte	0x91
 839 007e 8A000000 		.4byte	0x8a
 840 0082 06       		.uleb128 0x6
 841 0083 8A000000 		.4byte	0x8a
 842 0087 BB02     		.2byte	0x2bb
 843 0089 00       		.byte	0
 844 008a 02       		.uleb128 0x2
 845 008b 04       		.byte	0x4
 846 008c 07       		.byte	0x7
 847 008d 6E010000 		.4byte	.LASF11
 848 0091 07       		.uleb128 0x7
 849 0092 6E000000 		.4byte	0x6e
 850 0096 08       		.uleb128 0x8
 851 0097 0D010000 		.4byte	.LASF12
ARM GAS  C:\Users\TYROLY~1\AppData\Local\Temp\ccX6lIa8.s 			page 16


 852 009b 03       		.byte	0x3
 853 009c 1F       		.byte	0x1f
 854 009d A7000000 		.4byte	0xa7
 855 00a1 05       		.uleb128 0x5
 856 00a2 03       		.byte	0x3
 857 00a3 00000000 		.4byte	cy_meta_configecc
 858 00a7 07       		.uleb128 0x7
 859 00a8 79000000 		.4byte	0x79
 860 00ac 05       		.uleb128 0x5
 861 00ad 91000000 		.4byte	0x91
 862 00b1 BC000000 		.4byte	0xbc
 863 00b5 09       		.uleb128 0x9
 864 00b6 8A000000 		.4byte	0x8a
 865 00ba 03       		.byte	0x3
 866 00bb 00       		.byte	0
 867 00bc 08       		.uleb128 0x8
 868 00bd FD000000 		.4byte	.LASF13
 869 00c1 03       		.byte	0x3
 870 00c2 84       		.byte	0x84
 871 00c3 CD000000 		.4byte	0xcd
 872 00c7 05       		.uleb128 0x5
 873 00c8 03       		.byte	0x3
 874 00c9 00000000 		.4byte	cy_meta_custnvl
 875 00cd 07       		.uleb128 0x7
 876 00ce AC000000 		.4byte	0xac
 877 00d2 08       		.uleb128 0x8
 878 00d3 60010000 		.4byte	.LASF14
 879 00d7 03       		.byte	0x3
 880 00d8 92       		.byte	0x92
 881 00d9 E3000000 		.4byte	0xe3
 882 00dd 05       		.uleb128 0x5
 883 00de 03       		.byte	0x3
 884 00df 00000000 		.4byte	cy_meta_wonvl
 885 00e3 07       		.uleb128 0x7
 886 00e4 AC000000 		.4byte	0xac
 887 00e8 05       		.uleb128 0x5
 888 00e9 91000000 		.4byte	0x91
 889 00ed F8000000 		.4byte	0xf8
 890 00f1 09       		.uleb128 0x9
 891 00f2 8A000000 		.4byte	0x8a
 892 00f6 FF       		.byte	0xff
 893 00f7 00       		.byte	0
 894 00f8 08       		.uleb128 0x8
 895 00f9 4B010000 		.4byte	.LASF15
 896 00fd 03       		.byte	0x3
 897 00fe A0       		.byte	0xa0
 898 00ff 09010000 		.4byte	0x109
 899 0103 05       		.uleb128 0x5
 900 0104 03       		.byte	0x3
 901 0105 00000000 		.4byte	cy_meta_flashprotect
 902 0109 07       		.uleb128 0x7
 903 010a E8000000 		.4byte	0xe8
 904 010e 05       		.uleb128 0x5
 905 010f 91000000 		.4byte	0x91
 906 0113 1E010000 		.4byte	0x11e
 907 0117 09       		.uleb128 0x9
 908 0118 8A000000 		.4byte	0x8a
ARM GAS  C:\Users\TYROLY~1\AppData\Local\Temp\ccX6lIa8.s 			page 17


 909 011c 0B       		.byte	0xb
 910 011d 00       		.byte	0
 911 011e 08       		.uleb128 0x8
 912 011f 30000000 		.4byte	.LASF16
 913 0123 03       		.byte	0x3
 914 0124 CD       		.byte	0xcd
 915 0125 2F010000 		.4byte	0x12f
 916 0129 05       		.uleb128 0x5
 917 012a 03       		.byte	0x3
 918 012b 00000000 		.4byte	cy_metadata
 919 012f 07       		.uleb128 0x7
 920 0130 0E010000 		.4byte	0x10e
 921 0134 00       		.byte	0
 922              		.section	.debug_abbrev,"",%progbits
 923              	.Ldebug_abbrev0:
 924 0000 01       		.uleb128 0x1
 925 0001 11       		.uleb128 0x11
 926 0002 01       		.byte	0x1
 927 0003 25       		.uleb128 0x25
 928 0004 0E       		.uleb128 0xe
 929 0005 13       		.uleb128 0x13
 930 0006 0B       		.uleb128 0xb
 931 0007 03       		.uleb128 0x3
 932 0008 0E       		.uleb128 0xe
 933 0009 1B       		.uleb128 0x1b
 934 000a 0E       		.uleb128 0xe
 935 000b 10       		.uleb128 0x10
 936 000c 17       		.uleb128 0x17
 937 000d 00       		.byte	0
 938 000e 00       		.byte	0
 939 000f 02       		.uleb128 0x2
 940 0010 24       		.uleb128 0x24
 941 0011 00       		.byte	0
 942 0012 0B       		.uleb128 0xb
 943 0013 0B       		.uleb128 0xb
 944 0014 3E       		.uleb128 0x3e
 945 0015 0B       		.uleb128 0xb
 946 0016 03       		.uleb128 0x3
 947 0017 0E       		.uleb128 0xe
 948 0018 00       		.byte	0
 949 0019 00       		.byte	0
 950 001a 03       		.uleb128 0x3
 951 001b 16       		.uleb128 0x16
 952 001c 00       		.byte	0
 953 001d 03       		.uleb128 0x3
 954 001e 0E       		.uleb128 0xe
 955 001f 3A       		.uleb128 0x3a
 956 0020 0B       		.uleb128 0xb
 957 0021 3B       		.uleb128 0x3b
 958 0022 0B       		.uleb128 0xb
 959 0023 49       		.uleb128 0x49
 960 0024 13       		.uleb128 0x13
 961 0025 00       		.byte	0
 962 0026 00       		.byte	0
 963 0027 04       		.uleb128 0x4
 964 0028 24       		.uleb128 0x24
 965 0029 00       		.byte	0
ARM GAS  C:\Users\TYROLY~1\AppData\Local\Temp\ccX6lIa8.s 			page 18


 966 002a 0B       		.uleb128 0xb
 967 002b 0B       		.uleb128 0xb
 968 002c 3E       		.uleb128 0x3e
 969 002d 0B       		.uleb128 0xb
 970 002e 03       		.uleb128 0x3
 971 002f 08       		.uleb128 0x8
 972 0030 00       		.byte	0
 973 0031 00       		.byte	0
 974 0032 05       		.uleb128 0x5
 975 0033 01       		.uleb128 0x1
 976 0034 01       		.byte	0x1
 977 0035 49       		.uleb128 0x49
 978 0036 13       		.uleb128 0x13
 979 0037 01       		.uleb128 0x1
 980 0038 13       		.uleb128 0x13
 981 0039 00       		.byte	0
 982 003a 00       		.byte	0
 983 003b 06       		.uleb128 0x6
 984 003c 21       		.uleb128 0x21
 985 003d 00       		.byte	0
 986 003e 49       		.uleb128 0x49
 987 003f 13       		.uleb128 0x13
 988 0040 2F       		.uleb128 0x2f
 989 0041 05       		.uleb128 0x5
 990 0042 00       		.byte	0
 991 0043 00       		.byte	0
 992 0044 07       		.uleb128 0x7
 993 0045 26       		.uleb128 0x26
 994 0046 00       		.byte	0
 995 0047 49       		.uleb128 0x49
 996 0048 13       		.uleb128 0x13
 997 0049 00       		.byte	0
 998 004a 00       		.byte	0
 999 004b 08       		.uleb128 0x8
 1000 004c 34       		.uleb128 0x34
 1001 004d 00       		.byte	0
 1002 004e 03       		.uleb128 0x3
 1003 004f 0E       		.uleb128 0xe
 1004 0050 3A       		.uleb128 0x3a
 1005 0051 0B       		.uleb128 0xb
 1006 0052 3B       		.uleb128 0x3b
 1007 0053 0B       		.uleb128 0xb
 1008 0054 49       		.uleb128 0x49
 1009 0055 13       		.uleb128 0x13
 1010 0056 3F       		.uleb128 0x3f
 1011 0057 19       		.uleb128 0x19
 1012 0058 02       		.uleb128 0x2
 1013 0059 18       		.uleb128 0x18
 1014 005a 00       		.byte	0
 1015 005b 00       		.byte	0
 1016 005c 09       		.uleb128 0x9
 1017 005d 21       		.uleb128 0x21
 1018 005e 00       		.byte	0
 1019 005f 49       		.uleb128 0x49
 1020 0060 13       		.uleb128 0x13
 1021 0061 2F       		.uleb128 0x2f
 1022 0062 0B       		.uleb128 0xb
ARM GAS  C:\Users\TYROLY~1\AppData\Local\Temp\ccX6lIa8.s 			page 19


 1023 0063 00       		.byte	0
 1024 0064 00       		.byte	0
 1025 0065 00       		.byte	0
 1026              		.section	.debug_aranges,"",%progbits
 1027 0000 14000000 		.4byte	0x14
 1028 0004 0200     		.2byte	0x2
 1029 0006 00000000 		.4byte	.Ldebug_info0
 1030 000a 04       		.byte	0x4
 1031 000b 00       		.byte	0
 1032 000c 0000     		.2byte	0
 1033 000e 0000     		.2byte	0
 1034 0010 00000000 		.4byte	0
 1035 0014 00000000 		.4byte	0
 1036              		.section	.debug_line,"",%progbits
 1037              	.Ldebug_line0:
 1038 0000 3D010000 		.section	.debug_str,"MS",%progbits,1
 1038      02003701 
 1038      00000201 
 1038      FB0E0D00 
 1038      01010101 
 1039              	.LASF19:
 1040 0000 453A5C61 		.ascii	"E:\\aquadoc\\psoc\\psoc\\water_flow.cydsn\000"
 1040      71756164 
 1040      6F635C70 
 1040      736F635C 
 1040      70736F63 
 1041              	.LASF9:
 1042 0026 5F5F7569 		.ascii	"__uint8_t\000"
 1042      6E74385F 
 1042      7400
 1043              	.LASF16:
 1044 0030 63795F6D 		.ascii	"cy_metadata\000"
 1044      65746164 
 1044      61746100 
 1045              	.LASF1:
 1046 003c 756E7369 		.ascii	"unsigned char\000"
 1046      676E6564 
 1046      20636861 
 1046      7200
 1047              	.LASF17:
 1048 004a 474E5520 		.ascii	"GNU C11 5.4.1 20160609 (release) [ARM/embedded-5-br"
 1048      43313120 
 1048      352E342E 
 1048      31203230 
 1048      31363036 
 1049 007d 616E6368 		.ascii	"anch revision 237715] -mcpu=cortex-m3 -mthumb -g -O"
 1049      20726576 
 1049      6973696F 
 1049      6E203233 
 1049      37373135 
 1050 00b0 67202D66 		.ascii	"g -ffunction-sections -ffat-lto-objects\000"
 1050      66756E63 
 1050      74696F6E 
 1050      2D736563 
 1050      74696F6E 
 1051              	.LASF5:
 1052 00d8 6C6F6E67 		.ascii	"long unsigned int\000"
ARM GAS  C:\Users\TYROLY~1\AppData\Local\Temp\ccX6lIa8.s 			page 20


 1052      20756E73 
 1052      69676E65 
 1052      6420696E 
 1052      7400
 1053              	.LASF3:
 1054 00ea 73686F72 		.ascii	"short unsigned int\000"
 1054      7420756E 
 1054      7369676E 
 1054      65642069 
 1054      6E7400
 1055              	.LASF13:
 1056 00fd 63795F6D 		.ascii	"cy_meta_custnvl\000"
 1056      6574615F 
 1056      63757374 
 1056      6E766C00 
 1057              	.LASF12:
 1058 010d 63795F6D 		.ascii	"cy_meta_configecc\000"
 1058      6574615F 
 1058      636F6E66 
 1058      69676563 
 1058      6300
 1059              	.LASF8:
 1060 011f 756E7369 		.ascii	"unsigned int\000"
 1060      676E6564 
 1060      20696E74 
 1060      00
 1061              	.LASF7:
 1062 012c 6C6F6E67 		.ascii	"long long unsigned int\000"
 1062      206C6F6E 
 1062      6720756E 
 1062      7369676E 
 1062      65642069 
 1063              	.LASF10:
 1064 0143 75696E74 		.ascii	"uint8_t\000"
 1064      385F7400 
 1065              	.LASF15:
 1066 014b 63795F6D 		.ascii	"cy_meta_flashprotect\000"
 1066      6574615F 
 1066      666C6173 
 1066      6870726F 
 1066      74656374 
 1067              	.LASF14:
 1068 0160 63795F6D 		.ascii	"cy_meta_wonvl\000"
 1068      6574615F 
 1068      776F6E76 
 1068      6C00
 1069              	.LASF11:
 1070 016e 73697A65 		.ascii	"sizetype\000"
 1070      74797065 
 1070      00
 1071              	.LASF6:
 1072 0177 6C6F6E67 		.ascii	"long long int\000"
 1072      206C6F6E 
 1072      6720696E 
 1072      7400
 1073              	.LASF2:
 1074 0185 73686F72 		.ascii	"short int\000"
ARM GAS  C:\Users\TYROLY~1\AppData\Local\Temp\ccX6lIa8.s 			page 21


 1074      7420696E 
 1074      7400
 1075              	.LASF4:
 1076 018f 6C6F6E67 		.ascii	"long int\000"
 1076      20696E74 
 1076      00
 1077              	.LASF0:
 1078 0198 7369676E 		.ascii	"signed char\000"
 1078      65642063 
 1078      68617200 
 1079              	.LASF18:
 1080 01a4 47656E65 		.ascii	"Generated_Source\\PSoC5\\cymetadata.c\000"
 1080      72617465 
 1080      645F536F 
 1080      75726365 
 1080      5C50536F 
 1081              		.ident	"GCC: (GNU Tools for ARM Embedded Processors) 5.4.1 20160609 (release) [ARM/embedded-5-bran
