ARM GAS  C:\Users\TYROLY~1\AppData\Local\Temp\ccabRtdn.s 			page 1


   1              		.syntax unified
   2              		.cpu cortex-m3
   3              		.fpu softvfp
   4              		.eabi_attribute 20, 1
   5              		.eabi_attribute 21, 1
   6              		.eabi_attribute 23, 3
   7              		.eabi_attribute 24, 1
   8              		.eabi_attribute 25, 1
   9              		.eabi_attribute 26, 1
  10              		.eabi_attribute 30, 1
  11              		.eabi_attribute 34, 1
  12              		.eabi_attribute 18, 4
  13              		.thumb
  14              		.syntax unified
  15              		.file	"main.c"
  16              		.text
  17              	.Ltext0:
  18              		.cfi_sections	.debug_frame
  19              		.section	.text.main,"ax",%progbits
  20              		.align	2
  21              		.global	main
  22              		.thumb
  23              		.thumb_func
  24              		.type	main, %function
  25              	main:
  26              	.LFB64:
  27              		.file 1 "main.c"
   1:main.c        **** #include "project.h"
   2:main.c        **** #include <string.h>
   3:main.c        **** #include <stdio.h>
   4:main.c        **** 
   5:main.c        **** int main(void)
   6:main.c        **** {
  28              		.loc 1 6 0
  29              		.cfi_startproc
  30              		@ args = 0, pretend = 0, frame = 32
  31              		@ frame_needed = 0, uses_anonymous_args = 0
  32 0000 10B5     		push	{r4, lr}
  33              		.cfi_def_cfa_offset 8
  34              		.cfi_offset 4, -8
  35              		.cfi_offset 14, -4
  36 0002 88B0     		sub	sp, sp, #32
  37              		.cfi_def_cfa_offset 40
   7:main.c        ****     water_counter_Start();
  38              		.loc 1 7 0
  39 0004 FFF7FEFF 		bl	water_counter_Start
  40              	.LVL0:
   8:main.c        ****     UART_Start();
  41              		.loc 1 8 0
  42 0008 FFF7FEFF 		bl	UART_Start
  43              	.LVL1:
   9:main.c        ****     UART_PutString("INIT\r\n");
  44              		.loc 1 9 0
  45 000c 0C48     		ldr	r0, .L4
  46 000e FFF7FEFF 		bl	UART_PutString
  47              	.LVL2:
  10:main.c        ****     CyGlobalIntEnable;
ARM GAS  C:\Users\TYROLY~1\AppData\Local\Temp\ccabRtdn.s 			page 2


  48              		.loc 1 10 0
  49              		.syntax unified
  50              	@ 10 "main.c" 1
  51 0012 62B6     		CPSIE   i
  52              	@ 0 "" 2
  53              		.thumb
  54              		.syntax unified
  55              	.L2:
  56              	.LBB2:
  11:main.c        ****     
  12:main.c        ****     for(;;){
  13:main.c        ****         CyDelay(1);
  57              		.loc 1 13 0 discriminator 1
  58 0014 0120     		movs	r0, #1
  59 0016 FFF7FEFF 		bl	CyDelay
  60              	.LVL3:
  14:main.c        ****         char buffer[30];
  15:main.c        ****         memset(buffer, 0, sizeof(buffer));
  61              		.loc 1 15 0 discriminator 1
  62 001a 1E24     		movs	r4, #30
  63 001c 2246     		mov	r2, r4
  64 001e 0021     		movs	r1, #0
  65 0020 6846     		mov	r0, sp
  66 0022 FFF7FEFF 		bl	memset
  67              	.LVL4:
  16:main.c        ****         snprintf(buffer, sizeof(buffer), "Stand: %lu0L\r\n", water_counter_ReadCounter());
  68              		.loc 1 16 0 discriminator 1
  69 0026 FFF7FEFF 		bl	water_counter_ReadCounter
  70              	.LVL5:
  71 002a 0346     		mov	r3, r0
  72 002c 054A     		ldr	r2, .L4+4
  73 002e 2146     		mov	r1, r4
  74 0030 6846     		mov	r0, sp
  75 0032 FFF7FEFF 		bl	snprintf
  76              	.LVL6:
  17:main.c        ****         UART_PutString(buffer);
  77              		.loc 1 17 0 discriminator 1
  78 0036 6846     		mov	r0, sp
  79 0038 FFF7FEFF 		bl	UART_PutString
  80              	.LVL7:
  81 003c EAE7     		b	.L2
  82              	.L5:
  83 003e 00BF     		.align	2
  84              	.L4:
  85 0040 00000000 		.word	.LC0
  86 0044 08000000 		.word	.LC1
  87              	.LBE2:
  88              		.cfi_endproc
  89              	.LFE64:
  90              		.size	main, .-main
  91              		.section	.rodata.str1.4,"aMS",%progbits,1
  92              		.align	2
  93              	.LC0:
  94 0000 494E4954 		.ascii	"INIT\015\012\000"
  94      0D0A00
  95 0007 00       		.space	1
  96              	.LC1:
ARM GAS  C:\Users\TYROLY~1\AppData\Local\Temp\ccabRtdn.s 			page 3


  97 0008 5374616E 		.ascii	"Stand: %lu0L\015\012\000"
  97      643A2025 
  97      6C75304C 
  97      0D0A00
  98              		.text
  99              	.Letext0:
 100              		.file 2 "c:\\program files (x86)\\cypress\\psoc creator\\4.2\\psoc creator\\import\\gnu\\arm\\5.4.
 101              		.file 3 "c:\\program files (x86)\\cypress\\psoc creator\\4.2\\psoc creator\\import\\gnu\\arm\\5.4.
 102              		.file 4 "Generated_Source\\PSoC5/CyLib.h"
 103              		.file 5 "Generated_Source\\PSoC5/water_counter.h"
 104              		.file 6 "c:\\program files (x86)\\cypress\\psoc creator\\4.2\\psoc creator\\import\\gnu\\arm\\5.4.
 105              		.file 7 "Generated_Source\\PSoC5/UART.h"
 106              		.file 8 "Generated_Source\\PSoC5/core_cm3.h"
 107              		.section	.debug_info,"",%progbits
 108              	.Ldebug_info0:
 109 0000 D6010000 		.4byte	0x1d6
 110 0004 0400     		.2byte	0x4
 111 0006 00000000 		.4byte	.Ldebug_abbrev0
 112 000a 04       		.byte	0x4
 113 000b 01       		.uleb128 0x1
 114 000c 48000000 		.4byte	.LASF22
 115 0010 0C       		.byte	0xc
 116 0011 3C000000 		.4byte	.LASF23
 117 0015 18010000 		.4byte	.LASF24
 118 0019 00000000 		.4byte	.Ldebug_ranges0+0
 119 001d 00000000 		.4byte	0
 120 0021 00000000 		.4byte	.Ldebug_line0
 121 0025 02       		.uleb128 0x2
 122 0026 01       		.byte	0x1
 123 0027 06       		.byte	0x6
 124 0028 A8010000 		.4byte	.LASF0
 125 002c 02       		.uleb128 0x2
 126 002d 01       		.byte	0x1
 127 002e 08       		.byte	0x8
 128 002f 2E000000 		.4byte	.LASF1
 129 0033 02       		.uleb128 0x2
 130 0034 02       		.byte	0x2
 131 0035 05       		.byte	0x5
 132 0036 D0010000 		.4byte	.LASF2
 133 003a 02       		.uleb128 0x2
 134 003b 02       		.byte	0x2
 135 003c 07       		.byte	0x7
 136 003d 0E000000 		.4byte	.LASF3
 137 0041 03       		.uleb128 0x3
 138 0042 C0010000 		.4byte	.LASF9
 139 0046 02       		.byte	0x2
 140 0047 3F       		.byte	0x3f
 141 0048 4C000000 		.4byte	0x4c
 142 004c 02       		.uleb128 0x2
 143 004d 04       		.byte	0x4
 144 004e 05       		.byte	0x5
 145 004f 7C010000 		.4byte	.LASF4
 146 0053 02       		.uleb128 0x2
 147 0054 04       		.byte	0x4
 148 0055 07       		.byte	0x7
 149 0056 E6000000 		.4byte	.LASF5
 150 005a 02       		.uleb128 0x2
ARM GAS  C:\Users\TYROLY~1\AppData\Local\Temp\ccabRtdn.s 			page 4


 151 005b 08       		.byte	0x8
 152 005c 05       		.byte	0x5
 153 005d 00000000 		.4byte	.LASF6
 154 0061 02       		.uleb128 0x2
 155 0062 08       		.byte	0x8
 156 0063 07       		.byte	0x7
 157 0064 F8000000 		.4byte	.LASF7
 158 0068 04       		.uleb128 0x4
 159 0069 04       		.byte	0x4
 160 006a 05       		.byte	0x5
 161 006b 696E7400 		.ascii	"int\000"
 162 006f 02       		.uleb128 0x2
 163 0070 04       		.byte	0x4
 164 0071 07       		.byte	0x7
 165 0072 21000000 		.4byte	.LASF8
 166 0076 03       		.uleb128 0x3
 167 0077 DE000000 		.4byte	.LASF10
 168 007b 03       		.byte	0x3
 169 007c 2C       		.byte	0x2c
 170 007d 41000000 		.4byte	0x41
 171 0081 02       		.uleb128 0x2
 172 0082 04       		.byte	0x4
 173 0083 04       		.byte	0x4
 174 0084 CA010000 		.4byte	.LASF11
 175 0088 02       		.uleb128 0x2
 176 0089 08       		.byte	0x8
 177 008a 04       		.byte	0x4
 178 008b 85010000 		.4byte	.LASF12
 179 008f 02       		.uleb128 0x2
 180 0090 01       		.byte	0x1
 181 0091 08       		.byte	0x8
 182 0092 77010000 		.4byte	.LASF13
 183 0096 02       		.uleb128 0x2
 184 0097 08       		.byte	0x8
 185 0098 04       		.byte	0x4
 186 0099 B4010000 		.4byte	.LASF14
 187 009d 02       		.uleb128 0x2
 188 009e 04       		.byte	0x4
 189 009f 07       		.byte	0x7
 190 00a0 E8010000 		.4byte	.LASF15
 191 00a4 05       		.uleb128 0x5
 192 00a5 43000000 		.4byte	.LASF25
 193 00a9 01       		.byte	0x1
 194 00aa 05       		.byte	0x5
 195 00ab 68000000 		.4byte	0x68
 196 00af 00000000 		.4byte	.LFB64
 197 00b3 48000000 		.4byte	.LFE64-.LFB64
 198 00b7 01       		.uleb128 0x1
 199 00b8 9C       		.byte	0x9c
 200 00b9 6D010000 		.4byte	0x16d
 201 00bd 06       		.uleb128 0x6
 202 00be 14000000 		.4byte	.LBB2
 203 00c2 34000000 		.4byte	.LBE2-.LBB2
 204 00c6 47010000 		.4byte	0x147
 205 00ca 07       		.uleb128 0x7
 206 00cb E1010000 		.4byte	.LASF26
 207 00cf 01       		.byte	0x1
ARM GAS  C:\Users\TYROLY~1\AppData\Local\Temp\ccabRtdn.s 			page 5


 208 00d0 0E       		.byte	0xe
 209 00d1 6D010000 		.4byte	0x16d
 210 00d5 02       		.uleb128 0x2
 211 00d6 91       		.byte	0x91
 212 00d7 58       		.sleb128 -40
 213 00d8 08       		.uleb128 0x8
 214 00d9 1A000000 		.4byte	.LVL3
 215 00dd 8E010000 		.4byte	0x18e
 216 00e1 EB000000 		.4byte	0xeb
 217 00e5 09       		.uleb128 0x9
 218 00e6 01       		.uleb128 0x1
 219 00e7 50       		.byte	0x50
 220 00e8 01       		.uleb128 0x1
 221 00e9 31       		.byte	0x31
 222 00ea 00       		.byte	0
 223 00eb 08       		.uleb128 0x8
 224 00ec 26000000 		.4byte	.LVL4
 225 00f0 99010000 		.4byte	0x199
 226 00f4 0A010000 		.4byte	0x10a
 227 00f8 09       		.uleb128 0x9
 228 00f9 01       		.uleb128 0x1
 229 00fa 50       		.byte	0x50
 230 00fb 02       		.uleb128 0x2
 231 00fc 7D       		.byte	0x7d
 232 00fd 00       		.sleb128 0
 233 00fe 09       		.uleb128 0x9
 234 00ff 01       		.uleb128 0x1
 235 0100 51       		.byte	0x51
 236 0101 01       		.uleb128 0x1
 237 0102 30       		.byte	0x30
 238 0103 09       		.uleb128 0x9
 239 0104 01       		.uleb128 0x1
 240 0105 52       		.byte	0x52
 241 0106 02       		.uleb128 0x2
 242 0107 74       		.byte	0x74
 243 0108 00       		.sleb128 0
 244 0109 00       		.byte	0
 245 010a 0A       		.uleb128 0xa
 246 010b 2A000000 		.4byte	.LVL5
 247 010f A2010000 		.4byte	0x1a2
 248 0113 08       		.uleb128 0x8
 249 0114 36000000 		.4byte	.LVL6
 250 0118 AD010000 		.4byte	0x1ad
 251 011c 36010000 		.4byte	0x136
 252 0120 09       		.uleb128 0x9
 253 0121 01       		.uleb128 0x1
 254 0122 50       		.byte	0x50
 255 0123 02       		.uleb128 0x2
 256 0124 7D       		.byte	0x7d
 257 0125 00       		.sleb128 0
 258 0126 09       		.uleb128 0x9
 259 0127 01       		.uleb128 0x1
 260 0128 51       		.byte	0x51
 261 0129 02       		.uleb128 0x2
 262 012a 74       		.byte	0x74
 263 012b 00       		.sleb128 0
 264 012c 09       		.uleb128 0x9
ARM GAS  C:\Users\TYROLY~1\AppData\Local\Temp\ccabRtdn.s 			page 6


 265 012d 01       		.uleb128 0x1
 266 012e 52       		.byte	0x52
 267 012f 05       		.uleb128 0x5
 268 0130 03       		.byte	0x3
 269 0131 08000000 		.4byte	.LC1
 270 0135 00       		.byte	0
 271 0136 0B       		.uleb128 0xb
 272 0137 3C000000 		.4byte	.LVL7
 273 013b B8010000 		.4byte	0x1b8
 274 013f 09       		.uleb128 0x9
 275 0140 01       		.uleb128 0x1
 276 0141 50       		.byte	0x50
 277 0142 02       		.uleb128 0x2
 278 0143 7D       		.byte	0x7d
 279 0144 00       		.sleb128 0
 280 0145 00       		.byte	0
 281 0146 00       		.byte	0
 282 0147 0A       		.uleb128 0xa
 283 0148 08000000 		.4byte	.LVL0
 284 014c C3010000 		.4byte	0x1c3
 285 0150 0A       		.uleb128 0xa
 286 0151 0C000000 		.4byte	.LVL1
 287 0155 CE010000 		.4byte	0x1ce
 288 0159 0B       		.uleb128 0xb
 289 015a 12000000 		.4byte	.LVL2
 290 015e B8010000 		.4byte	0x1b8
 291 0162 09       		.uleb128 0x9
 292 0163 01       		.uleb128 0x1
 293 0164 50       		.byte	0x50
 294 0165 05       		.uleb128 0x5
 295 0166 03       		.byte	0x3
 296 0167 00000000 		.4byte	.LC0
 297 016b 00       		.byte	0
 298 016c 00       		.byte	0
 299 016d 0C       		.uleb128 0xc
 300 016e 8F000000 		.4byte	0x8f
 301 0172 7D010000 		.4byte	0x17d
 302 0176 0D       		.uleb128 0xd
 303 0177 9D000000 		.4byte	0x9d
 304 017b 1D       		.byte	0x1d
 305 017c 00       		.byte	0
 306 017d 0E       		.uleb128 0xe
 307 017e 9B010000 		.4byte	.LASF27
 308 0182 08       		.byte	0x8
 309 0183 1207     		.2byte	0x712
 310 0185 89010000 		.4byte	0x189
 311 0189 0F       		.uleb128 0xf
 312 018a 76000000 		.4byte	0x76
 313 018e 10       		.uleb128 0x10
 314 018f D6000000 		.4byte	.LASF16
 315 0193 D6000000 		.4byte	.LASF16
 316 0197 04       		.byte	0x4
 317 0198 76       		.byte	0x76
 318 0199 11       		.uleb128 0x11
 319 019a DA010000 		.4byte	.LASF28
 320 019e DA010000 		.4byte	.LASF28
 321 01a2 10       		.uleb128 0x10
ARM GAS  C:\Users\TYROLY~1\AppData\Local\Temp\ccabRtdn.s 			page 7


 322 01a3 52010000 		.4byte	.LASF17
 323 01a7 52010000 		.4byte	.LASF17
 324 01ab 05       		.byte	0x5
 325 01ac 5D       		.byte	0x5d
 326 01ad 10       		.uleb128 0x10
 327 01ae 0F010000 		.4byte	.LASF18
 328 01b2 0F010000 		.4byte	.LASF18
 329 01b6 06       		.byte	0x6
 330 01b7 FD       		.byte	0xfd
 331 01b8 10       		.uleb128 0x10
 332 01b9 8C010000 		.4byte	.LASF19
 333 01bd 8C010000 		.4byte	.LASF19
 334 01c1 07       		.byte	0x7
 335 01c2 8B       		.byte	0x8b
 336 01c3 10       		.uleb128 0x10
 337 01c4 3E010000 		.4byte	.LASF20
 338 01c8 3E010000 		.4byte	.LASF20
 339 01cc 05       		.byte	0x5
 340 01cd 4F       		.byte	0x4f
 341 01ce 10       		.uleb128 0x10
 342 01cf 6C010000 		.4byte	.LASF21
 343 01d3 6C010000 		.4byte	.LASF21
 344 01d7 07       		.byte	0x7
 345 01d8 54       		.byte	0x54
 346 01d9 00       		.byte	0
 347              		.section	.debug_abbrev,"",%progbits
 348              	.Ldebug_abbrev0:
 349 0000 01       		.uleb128 0x1
 350 0001 11       		.uleb128 0x11
 351 0002 01       		.byte	0x1
 352 0003 25       		.uleb128 0x25
 353 0004 0E       		.uleb128 0xe
 354 0005 13       		.uleb128 0x13
 355 0006 0B       		.uleb128 0xb
 356 0007 03       		.uleb128 0x3
 357 0008 0E       		.uleb128 0xe
 358 0009 1B       		.uleb128 0x1b
 359 000a 0E       		.uleb128 0xe
 360 000b 55       		.uleb128 0x55
 361 000c 17       		.uleb128 0x17
 362 000d 11       		.uleb128 0x11
 363 000e 01       		.uleb128 0x1
 364 000f 10       		.uleb128 0x10
 365 0010 17       		.uleb128 0x17
 366 0011 00       		.byte	0
 367 0012 00       		.byte	0
 368 0013 02       		.uleb128 0x2
 369 0014 24       		.uleb128 0x24
 370 0015 00       		.byte	0
 371 0016 0B       		.uleb128 0xb
 372 0017 0B       		.uleb128 0xb
 373 0018 3E       		.uleb128 0x3e
 374 0019 0B       		.uleb128 0xb
 375 001a 03       		.uleb128 0x3
 376 001b 0E       		.uleb128 0xe
 377 001c 00       		.byte	0
 378 001d 00       		.byte	0
ARM GAS  C:\Users\TYROLY~1\AppData\Local\Temp\ccabRtdn.s 			page 8


 379 001e 03       		.uleb128 0x3
 380 001f 16       		.uleb128 0x16
 381 0020 00       		.byte	0
 382 0021 03       		.uleb128 0x3
 383 0022 0E       		.uleb128 0xe
 384 0023 3A       		.uleb128 0x3a
 385 0024 0B       		.uleb128 0xb
 386 0025 3B       		.uleb128 0x3b
 387 0026 0B       		.uleb128 0xb
 388 0027 49       		.uleb128 0x49
 389 0028 13       		.uleb128 0x13
 390 0029 00       		.byte	0
 391 002a 00       		.byte	0
 392 002b 04       		.uleb128 0x4
 393 002c 24       		.uleb128 0x24
 394 002d 00       		.byte	0
 395 002e 0B       		.uleb128 0xb
 396 002f 0B       		.uleb128 0xb
 397 0030 3E       		.uleb128 0x3e
 398 0031 0B       		.uleb128 0xb
 399 0032 03       		.uleb128 0x3
 400 0033 08       		.uleb128 0x8
 401 0034 00       		.byte	0
 402 0035 00       		.byte	0
 403 0036 05       		.uleb128 0x5
 404 0037 2E       		.uleb128 0x2e
 405 0038 01       		.byte	0x1
 406 0039 3F       		.uleb128 0x3f
 407 003a 19       		.uleb128 0x19
 408 003b 03       		.uleb128 0x3
 409 003c 0E       		.uleb128 0xe
 410 003d 3A       		.uleb128 0x3a
 411 003e 0B       		.uleb128 0xb
 412 003f 3B       		.uleb128 0x3b
 413 0040 0B       		.uleb128 0xb
 414 0041 27       		.uleb128 0x27
 415 0042 19       		.uleb128 0x19
 416 0043 49       		.uleb128 0x49
 417 0044 13       		.uleb128 0x13
 418 0045 8701     		.uleb128 0x87
 419 0047 19       		.uleb128 0x19
 420 0048 11       		.uleb128 0x11
 421 0049 01       		.uleb128 0x1
 422 004a 12       		.uleb128 0x12
 423 004b 06       		.uleb128 0x6
 424 004c 40       		.uleb128 0x40
 425 004d 18       		.uleb128 0x18
 426 004e 9742     		.uleb128 0x2117
 427 0050 19       		.uleb128 0x19
 428 0051 01       		.uleb128 0x1
 429 0052 13       		.uleb128 0x13
 430 0053 00       		.byte	0
 431 0054 00       		.byte	0
 432 0055 06       		.uleb128 0x6
 433 0056 0B       		.uleb128 0xb
 434 0057 01       		.byte	0x1
 435 0058 11       		.uleb128 0x11
ARM GAS  C:\Users\TYROLY~1\AppData\Local\Temp\ccabRtdn.s 			page 9


 436 0059 01       		.uleb128 0x1
 437 005a 12       		.uleb128 0x12
 438 005b 06       		.uleb128 0x6
 439 005c 01       		.uleb128 0x1
 440 005d 13       		.uleb128 0x13
 441 005e 00       		.byte	0
 442 005f 00       		.byte	0
 443 0060 07       		.uleb128 0x7
 444 0061 34       		.uleb128 0x34
 445 0062 00       		.byte	0
 446 0063 03       		.uleb128 0x3
 447 0064 0E       		.uleb128 0xe
 448 0065 3A       		.uleb128 0x3a
 449 0066 0B       		.uleb128 0xb
 450 0067 3B       		.uleb128 0x3b
 451 0068 0B       		.uleb128 0xb
 452 0069 49       		.uleb128 0x49
 453 006a 13       		.uleb128 0x13
 454 006b 02       		.uleb128 0x2
 455 006c 18       		.uleb128 0x18
 456 006d 00       		.byte	0
 457 006e 00       		.byte	0
 458 006f 08       		.uleb128 0x8
 459 0070 898201   		.uleb128 0x4109
 460 0073 01       		.byte	0x1
 461 0074 11       		.uleb128 0x11
 462 0075 01       		.uleb128 0x1
 463 0076 31       		.uleb128 0x31
 464 0077 13       		.uleb128 0x13
 465 0078 01       		.uleb128 0x1
 466 0079 13       		.uleb128 0x13
 467 007a 00       		.byte	0
 468 007b 00       		.byte	0
 469 007c 09       		.uleb128 0x9
 470 007d 8A8201   		.uleb128 0x410a
 471 0080 00       		.byte	0
 472 0081 02       		.uleb128 0x2
 473 0082 18       		.uleb128 0x18
 474 0083 9142     		.uleb128 0x2111
 475 0085 18       		.uleb128 0x18
 476 0086 00       		.byte	0
 477 0087 00       		.byte	0
 478 0088 0A       		.uleb128 0xa
 479 0089 898201   		.uleb128 0x4109
 480 008c 00       		.byte	0
 481 008d 11       		.uleb128 0x11
 482 008e 01       		.uleb128 0x1
 483 008f 31       		.uleb128 0x31
 484 0090 13       		.uleb128 0x13
 485 0091 00       		.byte	0
 486 0092 00       		.byte	0
 487 0093 0B       		.uleb128 0xb
 488 0094 898201   		.uleb128 0x4109
 489 0097 01       		.byte	0x1
 490 0098 11       		.uleb128 0x11
 491 0099 01       		.uleb128 0x1
 492 009a 31       		.uleb128 0x31
ARM GAS  C:\Users\TYROLY~1\AppData\Local\Temp\ccabRtdn.s 			page 10


 493 009b 13       		.uleb128 0x13
 494 009c 00       		.byte	0
 495 009d 00       		.byte	0
 496 009e 0C       		.uleb128 0xc
 497 009f 01       		.uleb128 0x1
 498 00a0 01       		.byte	0x1
 499 00a1 49       		.uleb128 0x49
 500 00a2 13       		.uleb128 0x13
 501 00a3 01       		.uleb128 0x1
 502 00a4 13       		.uleb128 0x13
 503 00a5 00       		.byte	0
 504 00a6 00       		.byte	0
 505 00a7 0D       		.uleb128 0xd
 506 00a8 21       		.uleb128 0x21
 507 00a9 00       		.byte	0
 508 00aa 49       		.uleb128 0x49
 509 00ab 13       		.uleb128 0x13
 510 00ac 2F       		.uleb128 0x2f
 511 00ad 0B       		.uleb128 0xb
 512 00ae 00       		.byte	0
 513 00af 00       		.byte	0
 514 00b0 0E       		.uleb128 0xe
 515 00b1 34       		.uleb128 0x34
 516 00b2 00       		.byte	0
 517 00b3 03       		.uleb128 0x3
 518 00b4 0E       		.uleb128 0xe
 519 00b5 3A       		.uleb128 0x3a
 520 00b6 0B       		.uleb128 0xb
 521 00b7 3B       		.uleb128 0x3b
 522 00b8 05       		.uleb128 0x5
 523 00b9 49       		.uleb128 0x49
 524 00ba 13       		.uleb128 0x13
 525 00bb 3F       		.uleb128 0x3f
 526 00bc 19       		.uleb128 0x19
 527 00bd 3C       		.uleb128 0x3c
 528 00be 19       		.uleb128 0x19
 529 00bf 00       		.byte	0
 530 00c0 00       		.byte	0
 531 00c1 0F       		.uleb128 0xf
 532 00c2 35       		.uleb128 0x35
 533 00c3 00       		.byte	0
 534 00c4 49       		.uleb128 0x49
 535 00c5 13       		.uleb128 0x13
 536 00c6 00       		.byte	0
 537 00c7 00       		.byte	0
 538 00c8 10       		.uleb128 0x10
 539 00c9 2E       		.uleb128 0x2e
 540 00ca 00       		.byte	0
 541 00cb 3F       		.uleb128 0x3f
 542 00cc 19       		.uleb128 0x19
 543 00cd 3C       		.uleb128 0x3c
 544 00ce 19       		.uleb128 0x19
 545 00cf 6E       		.uleb128 0x6e
 546 00d0 0E       		.uleb128 0xe
 547 00d1 03       		.uleb128 0x3
 548 00d2 0E       		.uleb128 0xe
 549 00d3 3A       		.uleb128 0x3a
ARM GAS  C:\Users\TYROLY~1\AppData\Local\Temp\ccabRtdn.s 			page 11


 550 00d4 0B       		.uleb128 0xb
 551 00d5 3B       		.uleb128 0x3b
 552 00d6 0B       		.uleb128 0xb
 553 00d7 00       		.byte	0
 554 00d8 00       		.byte	0
 555 00d9 11       		.uleb128 0x11
 556 00da 2E       		.uleb128 0x2e
 557 00db 00       		.byte	0
 558 00dc 3F       		.uleb128 0x3f
 559 00dd 19       		.uleb128 0x19
 560 00de 3C       		.uleb128 0x3c
 561 00df 19       		.uleb128 0x19
 562 00e0 6E       		.uleb128 0x6e
 563 00e1 0E       		.uleb128 0xe
 564 00e2 03       		.uleb128 0x3
 565 00e3 0E       		.uleb128 0xe
 566 00e4 00       		.byte	0
 567 00e5 00       		.byte	0
 568 00e6 00       		.byte	0
 569              		.section	.debug_aranges,"",%progbits
 570 0000 1C000000 		.4byte	0x1c
 571 0004 0200     		.2byte	0x2
 572 0006 00000000 		.4byte	.Ldebug_info0
 573 000a 04       		.byte	0x4
 574 000b 00       		.byte	0
 575 000c 0000     		.2byte	0
 576 000e 0000     		.2byte	0
 577 0010 00000000 		.4byte	.LFB64
 578 0014 48000000 		.4byte	.LFE64-.LFB64
 579 0018 00000000 		.4byte	0
 580 001c 00000000 		.4byte	0
 581              		.section	.debug_ranges,"",%progbits
 582              	.Ldebug_ranges0:
 583 0000 00000000 		.4byte	.LFB64
 584 0004 48000000 		.4byte	.LFE64
 585 0008 00000000 		.4byte	0
 586 000c 00000000 		.4byte	0
 587              		.section	.debug_line,"",%progbits
 588              	.Ldebug_line0:
 589 0000 05020000 		.section	.debug_str,"MS",%progbits,1
 589      0200DA01 
 589      00000201 
 589      FB0E0D00 
 589      01010101 
 590              	.LASF6:
 591 0000 6C6F6E67 		.ascii	"long long int\000"
 591      206C6F6E 
 591      6720696E 
 591      7400
 592              	.LASF3:
 593 000e 73686F72 		.ascii	"short unsigned int\000"
 593      7420756E 
 593      7369676E 
 593      65642069 
 593      6E7400
 594              	.LASF8:
 595 0021 756E7369 		.ascii	"unsigned int\000"
ARM GAS  C:\Users\TYROLY~1\AppData\Local\Temp\ccabRtdn.s 			page 12


 595      676E6564 
 595      20696E74 
 595      00
 596              	.LASF1:
 597 002e 756E7369 		.ascii	"unsigned char\000"
 597      676E6564 
 597      20636861 
 597      7200
 598              	.LASF23:
 599 003c 6D61696E 		.ascii	"main.c\000"
 599      2E6300
 600              	.LASF25:
 601 0043 6D61696E 		.ascii	"main\000"
 601      00
 602              	.LASF22:
 603 0048 474E5520 		.ascii	"GNU C11 5.4.1 20160609 (release) [ARM/embedded-5-br"
 603      43313120 
 603      352E342E 
 603      31203230 
 603      31363036 
 604 007b 616E6368 		.ascii	"anch revision 237715] -mcpu=cortex-m3 -mthumb -g -O"
 604      20726576 
 604      6973696F 
 604      6E203233 
 604      37373135 
 605 00ae 67202D66 		.ascii	"g -ffunction-sections -ffat-lto-objects\000"
 605      66756E63 
 605      74696F6E 
 605      2D736563 
 605      74696F6E 
 606              	.LASF16:
 607 00d6 43794465 		.ascii	"CyDelay\000"
 607      6C617900 
 608              	.LASF10:
 609 00de 696E7433 		.ascii	"int32_t\000"
 609      325F7400 
 610              	.LASF5:
 611 00e6 6C6F6E67 		.ascii	"long unsigned int\000"
 611      20756E73 
 611      69676E65 
 611      6420696E 
 611      7400
 612              	.LASF7:
 613 00f8 6C6F6E67 		.ascii	"long long unsigned int\000"
 613      206C6F6E 
 613      6720756E 
 613      7369676E 
 613      65642069 
 614              	.LASF18:
 615 010f 736E7072 		.ascii	"snprintf\000"
 615      696E7466 
 615      00
 616              	.LASF24:
 617 0118 453A5C61 		.ascii	"E:\\aquadoc\\psoc\\psoc\\water_flow.cydsn\000"
 617      71756164 
 617      6F635C70 
 617      736F635C 
ARM GAS  C:\Users\TYROLY~1\AppData\Local\Temp\ccabRtdn.s 			page 13


 617      70736F63 
 618              	.LASF20:
 619 013e 77617465 		.ascii	"water_counter_Start\000"
 619      725F636F 
 619      756E7465 
 619      725F5374 
 619      61727400 
 620              	.LASF17:
 621 0152 77617465 		.ascii	"water_counter_ReadCounter\000"
 621      725F636F 
 621      756E7465 
 621      725F5265 
 621      6164436F 
 622              	.LASF21:
 623 016c 55415254 		.ascii	"UART_Start\000"
 623      5F537461 
 623      727400
 624              	.LASF13:
 625 0177 63686172 		.ascii	"char\000"
 625      00
 626              	.LASF4:
 627 017c 6C6F6E67 		.ascii	"long int\000"
 627      20696E74 
 627      00
 628              	.LASF12:
 629 0185 646F7562 		.ascii	"double\000"
 629      6C6500
 630              	.LASF19:
 631 018c 55415254 		.ascii	"UART_PutString\000"
 631      5F507574 
 631      53747269 
 631      6E6700
 632              	.LASF27:
 633 019b 49544D5F 		.ascii	"ITM_RxBuffer\000"
 633      52784275 
 633      66666572 
 633      00
 634              	.LASF0:
 635 01a8 7369676E 		.ascii	"signed char\000"
 635      65642063 
 635      68617200 
 636              	.LASF14:
 637 01b4 6C6F6E67 		.ascii	"long double\000"
 637      20646F75 
 637      626C6500 
 638              	.LASF9:
 639 01c0 5F5F696E 		.ascii	"__int32_t\000"
 639      7433325F 
 639      7400
 640              	.LASF11:
 641 01ca 666C6F61 		.ascii	"float\000"
 641      7400
 642              	.LASF2:
 643 01d0 73686F72 		.ascii	"short int\000"
 643      7420696E 
 643      7400
 644              	.LASF28:
ARM GAS  C:\Users\TYROLY~1\AppData\Local\Temp\ccabRtdn.s 			page 14


 645 01da 6D656D73 		.ascii	"memset\000"
 645      657400
 646              	.LASF26:
 647 01e1 62756666 		.ascii	"buffer\000"
 647      657200
 648              	.LASF15:
 649 01e8 73697A65 		.ascii	"sizetype\000"
 649      74797065 
 649      00
 650              		.ident	"GCC: (GNU Tools for ARM Embedded Processors) 5.4.1 20160609 (release) [ARM/embedded-5-bran
