ARM GAS  C:\Users\JACKNE~1\AppData\Local\Temp\ccyKuhdw.s 			page 1


   1              		.syntax unified
   2              		.cpu cortex-m3
   3              		.fpu softvfp
   4              		.eabi_attribute 20, 1
   5              		.eabi_attribute 21, 1
   6              		.eabi_attribute 23, 3
   7              		.eabi_attribute 24, 1
   8              		.eabi_attribute 25, 1
   9              		.eabi_attribute 26, 1
  10              		.eabi_attribute 30, 1
  11              		.eabi_attribute 34, 1
  12              		.eabi_attribute 18, 4
  13              		.thumb
  14              		.syntax unified
  15              		.file	"main.c"
  16              		.text
  17              	.Ltext0:
  18              		.cfi_sections	.debug_frame
  19              		.section	.text.main,"ax",%progbits
  20              		.align	2
  21              		.global	main
  22              		.thumb
  23              		.thumb_func
  24              		.type	main, %function
  25              	main:
  26              	.LFB64:
  27              		.file 1 "main.c"
   1:main.c        **** 
   2:main.c        **** #include <project.h>
   3:main.c        **** #include <string.h>
   4:main.c        **** #include <stdio.h>
   5:main.c        **** #include <stdlib.h>
   6:main.c        **** 
   7:main.c        **** #include "OneWire.h"
   8:main.c        **** 
   9:main.c        **** int main()
  10:main.c        **** {
  28              		.loc 1 10 0
  29              		.cfi_startproc
  30              		@ args = 0, pretend = 0, frame = 16
  31              		@ frame_needed = 0, uses_anonymous_args = 0
  32 0000 10B5     		push	{r4, lr}
  33              		.cfi_def_cfa_offset 8
  34              		.cfi_offset 4, -8
  35              		.cfi_offset 14, -4
  36 0002 84B0     		sub	sp, sp, #16
  37              		.cfi_def_cfa_offset 24
  38              	.LVL0:
  11:main.c        ****     /* Place your initialization/startup code here (e.g. MyInst_Start()) */
  12:main.c        **** 
  13:main.c        **** 	int preValue=-1;
  14:main.c        **** 	int currentValue;
  15:main.c        **** 	int i=0;
  16:main.c        ****     char *end;
  17:main.c        **** 	uint8 crc=0xff;
  18:main.c        **** 	unsigned char buf[8]={0,};
  19:main.c        ****     char sBuffer[8];
ARM GAS  C:\Users\JACKNE~1\AppData\Local\Temp\ccyKuhdw.s 			page 2


  20:main.c        ****     int t;
  21:main.c        ****     float temp;
  22:main.c        ****     int zw[2];
  23:main.c        **** 
  24:main.c        ****     CyGlobalIntEnable;
  39              		.loc 1 24 0
  40              		.syntax unified
  41              	@ 24 "main.c" 1
  42 0004 62B6     		CPSIE   i
  43              	@ 0 "" 2
  25:main.c        **** 
  26:main.c        **** 	//LCD_Start();
  27:main.c        **** 	//LCD_ClearDisplay();
  28:main.c        **** 	UART_temp_Start();
  44              		.loc 1 28 0
  45              		.thumb
  46              		.syntax unified
  47 0006 FFF7FEFF 		bl	UART_temp_Start
  48              	.LVL1:
  29:main.c        **** 	CyDelay(1000);
  49              		.loc 1 29 0
  50 000a 4FF47A70 		mov	r0, #1000
  51 000e FFF7FEFF 		bl	CyDelay
  52              	.LVL2:
  30:main.c        **** 
  31:main.c        **** 	//LCD_ClearDisplay();
  32:main.c        **** 	//LCD_PrintString("Reset:");
  33:main.c        **** 
  34:main.c        **** 
  35:main.c        **** 	UART_temp_PutString("###TEST TEST TEST###");
  53              		.loc 1 35 0
  54 0012 1E48     		ldr	r0, .L7
  55 0014 FFF7FEFF 		bl	UART_temp_PutString
  56              	.LVL3:
  57              	.L5:
  36:main.c        **** 
  37:main.c        ****     for(;;)
  38:main.c        ****     {
  39:main.c        ****         currentValue = OW_Detect(Pin_Sensor_0);	// check for presence of a 1-Wire device
  58              		.loc 1 39 0
  59 0018 1D4C     		ldr	r4, .L7+4
  60 001a 2046     		mov	r0, r4
  61 001c FFF7FEFF 		bl	OW_Detect
  62              	.LVL4:
  40:main.c        ****         OW_WriteByte(0xCC);
  63              		.loc 1 40 0
  64 0020 CC20     		movs	r0, #204
  65 0022 FFF7FEFF 		bl	OW_WriteByte
  66              	.LVL5:
  41:main.c        **** 
  42:main.c        ****         OW_WriteByte(0x44);
  67              		.loc 1 42 0
  68 0026 4420     		movs	r0, #68
  69 0028 FFF7FEFF 		bl	OW_WriteByte
  70              	.LVL6:
  43:main.c        ****         CyDelayUs(220);
  71              		.loc 1 43 0
ARM GAS  C:\Users\JACKNE~1\AppData\Local\Temp\ccyKuhdw.s 			page 3


  72 002c DC20     		movs	r0, #220
  73 002e FFF7FEFF 		bl	CyDelayUs
  74              	.LVL7:
  44:main.c        ****         OW_Detect(Pin_Sensor_0);
  75              		.loc 1 44 0
  76 0032 2046     		mov	r0, r4
  77 0034 FFF7FEFF 		bl	OW_Detect
  78              	.LVL8:
  45:main.c        ****         OW_WriteByte(0xCC);
  79              		.loc 1 45 0
  80 0038 CC20     		movs	r0, #204
  81 003a FFF7FEFF 		bl	OW_WriteByte
  82              	.LVL9:
  46:main.c        ****         OW_WriteByte(0xBE);
  83              		.loc 1 46 0
  84 003e BE20     		movs	r0, #190
  85 0040 FFF7FEFF 		bl	OW_WriteByte
  86              	.LVL10:
  47:main.c        ****         for(i=0; i <=2; i++){
  87              		.loc 1 47 0
  88 0044 0024     		movs	r4, #0
  89 0046 07E0     		b	.L2
  90              	.LVL11:
  91              	.L3:
  48:main.c        ****            zw[i] = OW_ReadByte();
  92              		.loc 1 48 0 discriminator 3
  93 0048 FFF7FEFF 		bl	OW_ReadByte
  94              	.LVL12:
  95 004c 04AB     		add	r3, sp, #16
  96 004e 03EB8403 		add	r3, r3, r4, lsl #2
  97 0052 43F8100C 		str	r0, [r3, #-16]
  47:main.c        ****         for(i=0; i <=2; i++){
  98              		.loc 1 47 0 discriminator 3
  99 0056 0134     		adds	r4, r4, #1
 100              	.LVL13:
 101              	.L2:
  47:main.c        ****         for(i=0; i <=2; i++){
 102              		.loc 1 47 0 is_stmt 0 discriminator 1
 103 0058 022C     		cmp	r4, #2
 104 005a F5DD     		ble	.L3
  49:main.c        ****         }
  50:main.c        ****         OW_Detect(Pin_Sensor_0);
 105              		.loc 1 50 0 is_stmt 1
 106 005c 0C48     		ldr	r0, .L7+4
 107 005e FFF7FEFF 		bl	OW_Detect
 108              	.LVL14:
  51:main.c        **** 
  52:main.c        ****         t = (zw[1] << 8) + (zw[0]>>1);    // shift um 1 da mal 2 - siehe DB Seite 6
 109              		.loc 1 52 0
 110 0062 009B     		ldr	r3, [sp]
 111 0064 5A10     		asrs	r2, r3, #1
 112 0066 0199     		ldr	r1, [sp, #4]
 113 0068 02EB0122 		add	r2, r2, r1, lsl #8
 114              	.LVL15:
  53:main.c        **** 
  54:main.c        **** 
  55:main.c        ****         sprintf(sBuffer, "%d.%d C\n\r", t, (zw[0]&0x01) ? 5:0);
ARM GAS  C:\Users\JACKNE~1\AppData\Local\Temp\ccyKuhdw.s 			page 4


 115              		.loc 1 55 0
 116 006c 13F00103 		ands	r3, r3, #1
 117 0070 00D0     		beq	.L4
 118 0072 0523     		movs	r3, #5
 119              	.L4:
 120              		.loc 1 55 0 is_stmt 0 discriminator 4
 121 0074 0749     		ldr	r1, .L7+8
 122 0076 02A8     		add	r0, sp, #8
 123 0078 FFF7FEFF 		bl	sprintf
 124              	.LVL16:
  56:main.c        ****         UART_temp_PutString(sBuffer);
 125              		.loc 1 56 0 is_stmt 1 discriminator 4
 126 007c 02A8     		add	r0, sp, #8
 127 007e FFF7FEFF 		bl	UART_temp_PutString
 128              	.LVL17:
  57:main.c        ****         CyDelay(1000);
 129              		.loc 1 57 0 discriminator 4
 130 0082 4FF47A70 		mov	r0, #1000
 131 0086 FFF7FEFF 		bl	CyDelay
 132              	.LVL18:
  58:main.c        ****     }
 133              		.loc 1 58 0 discriminator 4
 134 008a C5E7     		b	.L5
 135              	.L8:
 136              		.align	2
 137              	.L7:
 138 008c 00000000 		.word	.LC0
 139 0090 01500040 		.word	1073762305
 140 0094 18000000 		.word	.LC1
 141              		.cfi_endproc
 142              	.LFE64:
 143              		.size	main, .-main
 144              		.section	.rodata.str1.4,"aMS",%progbits,1
 145              		.align	2
 146              	.LC0:
 147 0000 23232354 		.ascii	"###TEST TEST TEST###\000"
 147      45535420 
 147      54455354 
 147      20544553 
 147      54232323 
 148 0015 000000   		.space	3
 149              	.LC1:
 150 0018 25642E25 		.ascii	"%d.%d C\012\015\000"
 150      6420430A 
 150      0D00
 151              		.text
 152              	.Letext0:
 153              		.file 2 "d:\\psoc creator\\psoc_creator\\psoc creator\\4.2\\psoc creator\\import\\gnu\\arm\\5.4.1\
 154              		.file 3 "d:\\psoc creator\\psoc_creator\\psoc creator\\4.2\\psoc creator\\import\\gnu\\arm\\5.4.1\
 155              		.file 4 "Generated_Source\\PSoC5/cytypes.h"
 156              		.file 5 "Generated_Source\\PSoC5/UART_temp.h"
 157              		.file 6 "Generated_Source\\PSoC5/CyLib.h"
 158              		.file 7 "OneWire.h"
 159              		.file 8 "d:\\psoc creator\\psoc_creator\\psoc creator\\4.2\\psoc creator\\import\\gnu\\arm\\5.4.1\
 160              		.file 9 "Generated_Source\\PSoC5/core_cm3.h"
 161              		.section	.debug_info,"",%progbits
 162              	.Ldebug_info0:
ARM GAS  C:\Users\JACKNE~1\AppData\Local\Temp\ccyKuhdw.s 			page 5


 163 0000 02030000 		.4byte	0x302
 164 0004 0400     		.2byte	0x4
 165 0006 00000000 		.4byte	.Ldebug_abbrev0
 166 000a 04       		.byte	0x4
 167 000b 01       		.uleb128 0x1
 168 000c 7C000000 		.4byte	.LASF29
 169 0010 0C       		.byte	0xc
 170 0011 B8010000 		.4byte	.LASF30
 171 0015 27000000 		.4byte	.LASF31
 172 0019 00000000 		.4byte	.Ldebug_ranges0+0
 173 001d 00000000 		.4byte	0
 174 0021 00000000 		.4byte	.Ldebug_line0
 175 0025 02       		.uleb128 0x2
 176 0026 01       		.byte	0x1
 177 0027 06       		.byte	0x6
 178 0028 FF010000 		.4byte	.LASF0
 179 002c 02       		.uleb128 0x2
 180 002d 01       		.byte	0x1
 181 002e 08       		.byte	0x8
 182 002f 6E000000 		.4byte	.LASF1
 183 0033 02       		.uleb128 0x2
 184 0034 02       		.byte	0x2
 185 0035 05       		.byte	0x5
 186 0036 C4010000 		.4byte	.LASF2
 187 003a 02       		.uleb128 0x2
 188 003b 02       		.byte	0x2
 189 003c 07       		.byte	0x7
 190 003d 3F010000 		.4byte	.LASF3
 191 0041 03       		.uleb128 0x3
 192 0042 0D000000 		.4byte	.LASF9
 193 0046 02       		.byte	0x2
 194 0047 3F       		.byte	0x3f
 195 0048 4C000000 		.4byte	0x4c
 196 004c 02       		.uleb128 0x2
 197 004d 04       		.byte	0x4
 198 004e 05       		.byte	0x5
 199 004f DD010000 		.4byte	.LASF4
 200 0053 02       		.uleb128 0x2
 201 0054 04       		.byte	0x4
 202 0055 07       		.byte	0x7
 203 0056 28010000 		.4byte	.LASF5
 204 005a 02       		.uleb128 0x2
 205 005b 08       		.byte	0x8
 206 005c 05       		.byte	0x5
 207 005d AA010000 		.4byte	.LASF6
 208 0061 02       		.uleb128 0x2
 209 0062 08       		.byte	0x8
 210 0063 07       		.byte	0x7
 211 0064 82010000 		.4byte	.LASF7
 212 0068 04       		.uleb128 0x4
 213 0069 04       		.byte	0x4
 214 006a 05       		.byte	0x5
 215 006b 696E7400 		.ascii	"int\000"
 216 006f 02       		.uleb128 0x2
 217 0070 04       		.byte	0x4
 218 0071 07       		.byte	0x7
 219 0072 75010000 		.4byte	.LASF8
ARM GAS  C:\Users\JACKNE~1\AppData\Local\Temp\ccyKuhdw.s 			page 6


 220 0076 03       		.uleb128 0x3
 221 0077 99010000 		.4byte	.LASF10
 222 007b 03       		.byte	0x3
 223 007c 2C       		.byte	0x2c
 224 007d 41000000 		.4byte	0x41
 225 0081 05       		.uleb128 0x5
 226 0082 D7010000 		.4byte	.LASF11
 227 0086 04       		.byte	0x4
 228 0087 E401     		.2byte	0x1e4
 229 0089 2C000000 		.4byte	0x2c
 230 008d 02       		.uleb128 0x2
 231 008e 04       		.byte	0x4
 232 008f 04       		.byte	0x4
 233 0090 68000000 		.4byte	.LASF12
 234 0094 02       		.uleb128 0x2
 235 0095 08       		.byte	0x8
 236 0096 04       		.byte	0x4
 237 0097 5F010000 		.4byte	.LASF13
 238 009b 02       		.uleb128 0x2
 239 009c 01       		.byte	0x1
 240 009d 08       		.byte	0x8
 241 009e BF010000 		.4byte	.LASF14
 242 00a2 02       		.uleb128 0x2
 243 00a3 08       		.byte	0x8
 244 00a4 04       		.byte	0x4
 245 00a5 E6010000 		.4byte	.LASF15
 246 00a9 02       		.uleb128 0x2
 247 00aa 04       		.byte	0x4
 248 00ab 07       		.byte	0x7
 249 00ac A1010000 		.4byte	.LASF16
 250 00b0 06       		.uleb128 0x6
 251 00b1 04       		.byte	0x4
 252 00b2 9B000000 		.4byte	0x9b
 253 00b6 07       		.uleb128 0x7
 254 00b7 9B000000 		.4byte	0x9b
 255 00bb C6000000 		.4byte	0xc6
 256 00bf 08       		.uleb128 0x8
 257 00c0 A9000000 		.4byte	0xa9
 258 00c4 07       		.byte	0x7
 259 00c5 00       		.byte	0
 260 00c6 09       		.uleb128 0x9
 261 00c7 66010000 		.4byte	.LASF32
 262 00cb 01       		.byte	0x1
 263 00cc 09       		.byte	0x9
 264 00cd 68000000 		.4byte	0x68
 265 00d1 00000000 		.4byte	.LFB64
 266 00d5 98000000 		.4byte	.LFE64-.LFB64
 267 00d9 01       		.uleb128 0x1
 268 00da 9C       		.byte	0x9c
 269 00db 7C020000 		.4byte	0x27c
 270 00df 0A       		.uleb128 0xa
 271 00e0 CE010000 		.4byte	.LASF17
 272 00e4 01       		.byte	0x1
 273 00e5 0D       		.byte	0xd
 274 00e6 68000000 		.4byte	0x68
 275 00ea 7F       		.sleb128 -1
 276 00eb 0B       		.uleb128 0xb
ARM GAS  C:\Users\JACKNE~1\AppData\Local\Temp\ccyKuhdw.s 			page 7


 277 00ec 00000000 		.4byte	.LASF18
 278 00f0 01       		.byte	0x1
 279 00f1 0E       		.byte	0xe
 280 00f2 68000000 		.4byte	0x68
 281 00f6 0C       		.uleb128 0xc
 282 00f7 6900     		.ascii	"i\000"
 283 00f9 01       		.byte	0x1
 284 00fa 0F       		.byte	0xf
 285 00fb 68000000 		.4byte	0x68
 286 00ff 00000000 		.4byte	.LLST0
 287 0103 0D       		.uleb128 0xd
 288 0104 656E6400 		.ascii	"end\000"
 289 0108 01       		.byte	0x1
 290 0109 10       		.byte	0x10
 291 010a B0000000 		.4byte	0xb0
 292 010e 0E       		.uleb128 0xe
 293 010f 63726300 		.ascii	"crc\000"
 294 0113 01       		.byte	0x1
 295 0114 11       		.byte	0x11
 296 0115 81000000 		.4byte	0x81
 297 0119 7F       		.sleb128 -1
 298 011a 0D       		.uleb128 0xd
 299 011b 62756600 		.ascii	"buf\000"
 300 011f 01       		.byte	0x1
 301 0120 12       		.byte	0x12
 302 0121 7C020000 		.4byte	0x27c
 303 0125 0F       		.uleb128 0xf
 304 0126 0B020000 		.4byte	.LASF19
 305 012a 01       		.byte	0x1
 306 012b 13       		.byte	0x13
 307 012c B6000000 		.4byte	0xb6
 308 0130 02       		.uleb128 0x2
 309 0131 91       		.byte	0x91
 310 0132 70       		.sleb128 -16
 311 0133 0C       		.uleb128 0xc
 312 0134 7400     		.ascii	"t\000"
 313 0136 01       		.byte	0x1
 314 0137 14       		.byte	0x14
 315 0138 68000000 		.4byte	0x68
 316 013c 2B000000 		.4byte	.LLST1
 317 0140 0B       		.uleb128 0xb
 318 0141 3A010000 		.4byte	.LASF20
 319 0145 01       		.byte	0x1
 320 0146 15       		.byte	0x15
 321 0147 8D000000 		.4byte	0x8d
 322 014b 10       		.uleb128 0x10
 323 014c 7A7700   		.ascii	"zw\000"
 324 014f 01       		.byte	0x1
 325 0150 16       		.byte	0x16
 326 0151 8C020000 		.4byte	0x28c
 327 0155 02       		.uleb128 0x2
 328 0156 91       		.byte	0x91
 329 0157 68       		.sleb128 -24
 330 0158 11       		.uleb128 0x11
 331 0159 0A000000 		.4byte	.LVL1
 332 015d AD020000 		.4byte	0x2ad
 333 0161 12       		.uleb128 0x12
ARM GAS  C:\Users\JACKNE~1\AppData\Local\Temp\ccyKuhdw.s 			page 8


 334 0162 12000000 		.4byte	.LVL2
 335 0166 B8020000 		.4byte	0x2b8
 336 016a 76010000 		.4byte	0x176
 337 016e 13       		.uleb128 0x13
 338 016f 01       		.uleb128 0x1
 339 0170 50       		.byte	0x50
 340 0171 03       		.uleb128 0x3
 341 0172 0A       		.byte	0xa
 342 0173 E803     		.2byte	0x3e8
 343 0175 00       		.byte	0
 344 0176 12       		.uleb128 0x12
 345 0177 18000000 		.4byte	.LVL3
 346 017b C3020000 		.4byte	0x2c3
 347 017f 8D010000 		.4byte	0x18d
 348 0183 13       		.uleb128 0x13
 349 0184 01       		.uleb128 0x1
 350 0185 50       		.byte	0x50
 351 0186 05       		.uleb128 0x5
 352 0187 03       		.byte	0x3
 353 0188 00000000 		.4byte	.LC0
 354 018c 00       		.byte	0
 355 018d 12       		.uleb128 0x12
 356 018e 20000000 		.4byte	.LVL4
 357 0192 CE020000 		.4byte	0x2ce
 358 0196 A1010000 		.4byte	0x1a1
 359 019a 13       		.uleb128 0x13
 360 019b 01       		.uleb128 0x1
 361 019c 50       		.byte	0x50
 362 019d 02       		.uleb128 0x2
 363 019e 74       		.byte	0x74
 364 019f 00       		.sleb128 0
 365 01a0 00       		.byte	0
 366 01a1 12       		.uleb128 0x12
 367 01a2 26000000 		.4byte	.LVL5
 368 01a6 D9020000 		.4byte	0x2d9
 369 01aa B5010000 		.4byte	0x1b5
 370 01ae 13       		.uleb128 0x13
 371 01af 01       		.uleb128 0x1
 372 01b0 50       		.byte	0x50
 373 01b1 02       		.uleb128 0x2
 374 01b2 09       		.byte	0x9
 375 01b3 CC       		.byte	0xcc
 376 01b4 00       		.byte	0
 377 01b5 12       		.uleb128 0x12
 378 01b6 2C000000 		.4byte	.LVL6
 379 01ba D9020000 		.4byte	0x2d9
 380 01be C9010000 		.4byte	0x1c9
 381 01c2 13       		.uleb128 0x13
 382 01c3 01       		.uleb128 0x1
 383 01c4 50       		.byte	0x50
 384 01c5 02       		.uleb128 0x2
 385 01c6 08       		.byte	0x8
 386 01c7 44       		.byte	0x44
 387 01c8 00       		.byte	0
 388 01c9 12       		.uleb128 0x12
 389 01ca 32000000 		.4byte	.LVL7
 390 01ce E4020000 		.4byte	0x2e4
ARM GAS  C:\Users\JACKNE~1\AppData\Local\Temp\ccyKuhdw.s 			page 9


 391 01d2 DD010000 		.4byte	0x1dd
 392 01d6 13       		.uleb128 0x13
 393 01d7 01       		.uleb128 0x1
 394 01d8 50       		.byte	0x50
 395 01d9 02       		.uleb128 0x2
 396 01da 08       		.byte	0x8
 397 01db DC       		.byte	0xdc
 398 01dc 00       		.byte	0
 399 01dd 12       		.uleb128 0x12
 400 01de 38000000 		.4byte	.LVL8
 401 01e2 CE020000 		.4byte	0x2ce
 402 01e6 F1010000 		.4byte	0x1f1
 403 01ea 13       		.uleb128 0x13
 404 01eb 01       		.uleb128 0x1
 405 01ec 50       		.byte	0x50
 406 01ed 02       		.uleb128 0x2
 407 01ee 74       		.byte	0x74
 408 01ef 00       		.sleb128 0
 409 01f0 00       		.byte	0
 410 01f1 12       		.uleb128 0x12
 411 01f2 3E000000 		.4byte	.LVL9
 412 01f6 D9020000 		.4byte	0x2d9
 413 01fa 05020000 		.4byte	0x205
 414 01fe 13       		.uleb128 0x13
 415 01ff 01       		.uleb128 0x1
 416 0200 50       		.byte	0x50
 417 0201 02       		.uleb128 0x2
 418 0202 09       		.byte	0x9
 419 0203 CC       		.byte	0xcc
 420 0204 00       		.byte	0
 421 0205 12       		.uleb128 0x12
 422 0206 44000000 		.4byte	.LVL10
 423 020a D9020000 		.4byte	0x2d9
 424 020e 19020000 		.4byte	0x219
 425 0212 13       		.uleb128 0x13
 426 0213 01       		.uleb128 0x1
 427 0214 50       		.byte	0x50
 428 0215 02       		.uleb128 0x2
 429 0216 09       		.byte	0x9
 430 0217 BE       		.byte	0xbe
 431 0218 00       		.byte	0
 432 0219 11       		.uleb128 0x11
 433 021a 4C000000 		.4byte	.LVL12
 434 021e EF020000 		.4byte	0x2ef
 435 0222 12       		.uleb128 0x12
 436 0223 62000000 		.4byte	.LVL14
 437 0227 CE020000 		.4byte	0x2ce
 438 022b 39020000 		.4byte	0x239
 439 022f 13       		.uleb128 0x13
 440 0230 01       		.uleb128 0x1
 441 0231 50       		.byte	0x50
 442 0232 05       		.uleb128 0x5
 443 0233 0C       		.byte	0xc
 444 0234 01500040 		.4byte	0x40005001
 445 0238 00       		.byte	0
 446 0239 12       		.uleb128 0x12
 447 023a 7C000000 		.4byte	.LVL16
ARM GAS  C:\Users\JACKNE~1\AppData\Local\Temp\ccyKuhdw.s 			page 10


 448 023e FA020000 		.4byte	0x2fa
 449 0242 56020000 		.4byte	0x256
 450 0246 13       		.uleb128 0x13
 451 0247 01       		.uleb128 0x1
 452 0248 50       		.byte	0x50
 453 0249 02       		.uleb128 0x2
 454 024a 91       		.byte	0x91
 455 024b 70       		.sleb128 -16
 456 024c 13       		.uleb128 0x13
 457 024d 01       		.uleb128 0x1
 458 024e 51       		.byte	0x51
 459 024f 05       		.uleb128 0x5
 460 0250 03       		.byte	0x3
 461 0251 18000000 		.4byte	.LC1
 462 0255 00       		.byte	0
 463 0256 12       		.uleb128 0x12
 464 0257 82000000 		.4byte	.LVL17
 465 025b C3020000 		.4byte	0x2c3
 466 025f 6A020000 		.4byte	0x26a
 467 0263 13       		.uleb128 0x13
 468 0264 01       		.uleb128 0x1
 469 0265 50       		.byte	0x50
 470 0266 02       		.uleb128 0x2
 471 0267 91       		.byte	0x91
 472 0268 70       		.sleb128 -16
 473 0269 00       		.byte	0
 474 026a 14       		.uleb128 0x14
 475 026b 8A000000 		.4byte	.LVL18
 476 026f B8020000 		.4byte	0x2b8
 477 0273 13       		.uleb128 0x13
 478 0274 01       		.uleb128 0x1
 479 0275 50       		.byte	0x50
 480 0276 03       		.uleb128 0x3
 481 0277 0A       		.byte	0xa
 482 0278 E803     		.2byte	0x3e8
 483 027a 00       		.byte	0
 484 027b 00       		.byte	0
 485 027c 07       		.uleb128 0x7
 486 027d 2C000000 		.4byte	0x2c
 487 0281 8C020000 		.4byte	0x28c
 488 0285 08       		.uleb128 0x8
 489 0286 A9000000 		.4byte	0xa9
 490 028a 07       		.byte	0x7
 491 028b 00       		.byte	0
 492 028c 07       		.uleb128 0x7
 493 028d 68000000 		.4byte	0x68
 494 0291 9C020000 		.4byte	0x29c
 495 0295 08       		.uleb128 0x8
 496 0296 A9000000 		.4byte	0xa9
 497 029a 01       		.byte	0x1
 498 029b 00       		.byte	0
 499 029c 15       		.uleb128 0x15
 500 029d 52010000 		.4byte	.LASF33
 501 02a1 09       		.byte	0x9
 502 02a2 1207     		.2byte	0x712
 503 02a4 A8020000 		.4byte	0x2a8
 504 02a8 16       		.uleb128 0x16
ARM GAS  C:\Users\JACKNE~1\AppData\Local\Temp\ccyKuhdw.s 			page 11


 505 02a9 76000000 		.4byte	0x76
 506 02ad 17       		.uleb128 0x17
 507 02ae 17000000 		.4byte	.LASF21
 508 02b2 17000000 		.4byte	.LASF21
 509 02b6 05       		.byte	0x5
 510 02b7 54       		.byte	0x54
 511 02b8 17       		.uleb128 0x17
 512 02b9 1B020000 		.4byte	.LASF22
 513 02bd 1B020000 		.4byte	.LASF22
 514 02c1 06       		.byte	0x6
 515 02c2 76       		.byte	0x76
 516 02c3 17       		.uleb128 0x17
 517 02c4 14010000 		.4byte	.LASF23
 518 02c8 14010000 		.4byte	.LASF23
 519 02cc 05       		.byte	0x5
 520 02cd 8B       		.byte	0x8b
 521 02ce 17       		.uleb128 0x17
 522 02cf 0A010000 		.4byte	.LASF24
 523 02d3 0A010000 		.4byte	.LASF24
 524 02d7 07       		.byte	0x7
 525 02d8 06       		.byte	0x6
 526 02d9 17       		.uleb128 0x17
 527 02da F2010000 		.4byte	.LASF25
 528 02de F2010000 		.4byte	.LASF25
 529 02e2 07       		.byte	0x7
 530 02e3 07       		.byte	0x7
 531 02e4 17       		.uleb128 0x17
 532 02e5 6B010000 		.4byte	.LASF26
 533 02e9 6B010000 		.4byte	.LASF26
 534 02ed 06       		.byte	0x6
 535 02ee 77       		.byte	0x77
 536 02ef 17       		.uleb128 0x17
 537 02f0 23020000 		.4byte	.LASF27
 538 02f4 23020000 		.4byte	.LASF27
 539 02f8 07       		.byte	0x7
 540 02f9 08       		.byte	0x8
 541 02fa 17       		.uleb128 0x17
 542 02fb 13020000 		.4byte	.LASF28
 543 02ff 13020000 		.4byte	.LASF28
 544 0303 08       		.byte	0x8
 545 0304 E7       		.byte	0xe7
 546 0305 00       		.byte	0
 547              		.section	.debug_abbrev,"",%progbits
 548              	.Ldebug_abbrev0:
 549 0000 01       		.uleb128 0x1
 550 0001 11       		.uleb128 0x11
 551 0002 01       		.byte	0x1
 552 0003 25       		.uleb128 0x25
 553 0004 0E       		.uleb128 0xe
 554 0005 13       		.uleb128 0x13
 555 0006 0B       		.uleb128 0xb
 556 0007 03       		.uleb128 0x3
 557 0008 0E       		.uleb128 0xe
 558 0009 1B       		.uleb128 0x1b
 559 000a 0E       		.uleb128 0xe
 560 000b 55       		.uleb128 0x55
 561 000c 17       		.uleb128 0x17
ARM GAS  C:\Users\JACKNE~1\AppData\Local\Temp\ccyKuhdw.s 			page 12


 562 000d 11       		.uleb128 0x11
 563 000e 01       		.uleb128 0x1
 564 000f 10       		.uleb128 0x10
 565 0010 17       		.uleb128 0x17
 566 0011 00       		.byte	0
 567 0012 00       		.byte	0
 568 0013 02       		.uleb128 0x2
 569 0014 24       		.uleb128 0x24
 570 0015 00       		.byte	0
 571 0016 0B       		.uleb128 0xb
 572 0017 0B       		.uleb128 0xb
 573 0018 3E       		.uleb128 0x3e
 574 0019 0B       		.uleb128 0xb
 575 001a 03       		.uleb128 0x3
 576 001b 0E       		.uleb128 0xe
 577 001c 00       		.byte	0
 578 001d 00       		.byte	0
 579 001e 03       		.uleb128 0x3
 580 001f 16       		.uleb128 0x16
 581 0020 00       		.byte	0
 582 0021 03       		.uleb128 0x3
 583 0022 0E       		.uleb128 0xe
 584 0023 3A       		.uleb128 0x3a
 585 0024 0B       		.uleb128 0xb
 586 0025 3B       		.uleb128 0x3b
 587 0026 0B       		.uleb128 0xb
 588 0027 49       		.uleb128 0x49
 589 0028 13       		.uleb128 0x13
 590 0029 00       		.byte	0
 591 002a 00       		.byte	0
 592 002b 04       		.uleb128 0x4
 593 002c 24       		.uleb128 0x24
 594 002d 00       		.byte	0
 595 002e 0B       		.uleb128 0xb
 596 002f 0B       		.uleb128 0xb
 597 0030 3E       		.uleb128 0x3e
 598 0031 0B       		.uleb128 0xb
 599 0032 03       		.uleb128 0x3
 600 0033 08       		.uleb128 0x8
 601 0034 00       		.byte	0
 602 0035 00       		.byte	0
 603 0036 05       		.uleb128 0x5
 604 0037 16       		.uleb128 0x16
 605 0038 00       		.byte	0
 606 0039 03       		.uleb128 0x3
 607 003a 0E       		.uleb128 0xe
 608 003b 3A       		.uleb128 0x3a
 609 003c 0B       		.uleb128 0xb
 610 003d 3B       		.uleb128 0x3b
 611 003e 05       		.uleb128 0x5
 612 003f 49       		.uleb128 0x49
 613 0040 13       		.uleb128 0x13
 614 0041 00       		.byte	0
 615 0042 00       		.byte	0
 616 0043 06       		.uleb128 0x6
 617 0044 0F       		.uleb128 0xf
 618 0045 00       		.byte	0
ARM GAS  C:\Users\JACKNE~1\AppData\Local\Temp\ccyKuhdw.s 			page 13


 619 0046 0B       		.uleb128 0xb
 620 0047 0B       		.uleb128 0xb
 621 0048 49       		.uleb128 0x49
 622 0049 13       		.uleb128 0x13
 623 004a 00       		.byte	0
 624 004b 00       		.byte	0
 625 004c 07       		.uleb128 0x7
 626 004d 01       		.uleb128 0x1
 627 004e 01       		.byte	0x1
 628 004f 49       		.uleb128 0x49
 629 0050 13       		.uleb128 0x13
 630 0051 01       		.uleb128 0x1
 631 0052 13       		.uleb128 0x13
 632 0053 00       		.byte	0
 633 0054 00       		.byte	0
 634 0055 08       		.uleb128 0x8
 635 0056 21       		.uleb128 0x21
 636 0057 00       		.byte	0
 637 0058 49       		.uleb128 0x49
 638 0059 13       		.uleb128 0x13
 639 005a 2F       		.uleb128 0x2f
 640 005b 0B       		.uleb128 0xb
 641 005c 00       		.byte	0
 642 005d 00       		.byte	0
 643 005e 09       		.uleb128 0x9
 644 005f 2E       		.uleb128 0x2e
 645 0060 01       		.byte	0x1
 646 0061 3F       		.uleb128 0x3f
 647 0062 19       		.uleb128 0x19
 648 0063 03       		.uleb128 0x3
 649 0064 0E       		.uleb128 0xe
 650 0065 3A       		.uleb128 0x3a
 651 0066 0B       		.uleb128 0xb
 652 0067 3B       		.uleb128 0x3b
 653 0068 0B       		.uleb128 0xb
 654 0069 49       		.uleb128 0x49
 655 006a 13       		.uleb128 0x13
 656 006b 8701     		.uleb128 0x87
 657 006d 19       		.uleb128 0x19
 658 006e 11       		.uleb128 0x11
 659 006f 01       		.uleb128 0x1
 660 0070 12       		.uleb128 0x12
 661 0071 06       		.uleb128 0x6
 662 0072 40       		.uleb128 0x40
 663 0073 18       		.uleb128 0x18
 664 0074 9742     		.uleb128 0x2117
 665 0076 19       		.uleb128 0x19
 666 0077 01       		.uleb128 0x1
 667 0078 13       		.uleb128 0x13
 668 0079 00       		.byte	0
 669 007a 00       		.byte	0
 670 007b 0A       		.uleb128 0xa
 671 007c 34       		.uleb128 0x34
 672 007d 00       		.byte	0
 673 007e 03       		.uleb128 0x3
 674 007f 0E       		.uleb128 0xe
 675 0080 3A       		.uleb128 0x3a
ARM GAS  C:\Users\JACKNE~1\AppData\Local\Temp\ccyKuhdw.s 			page 14


 676 0081 0B       		.uleb128 0xb
 677 0082 3B       		.uleb128 0x3b
 678 0083 0B       		.uleb128 0xb
 679 0084 49       		.uleb128 0x49
 680 0085 13       		.uleb128 0x13
 681 0086 1C       		.uleb128 0x1c
 682 0087 0D       		.uleb128 0xd
 683 0088 00       		.byte	0
 684 0089 00       		.byte	0
 685 008a 0B       		.uleb128 0xb
 686 008b 34       		.uleb128 0x34
 687 008c 00       		.byte	0
 688 008d 03       		.uleb128 0x3
 689 008e 0E       		.uleb128 0xe
 690 008f 3A       		.uleb128 0x3a
 691 0090 0B       		.uleb128 0xb
 692 0091 3B       		.uleb128 0x3b
 693 0092 0B       		.uleb128 0xb
 694 0093 49       		.uleb128 0x49
 695 0094 13       		.uleb128 0x13
 696 0095 00       		.byte	0
 697 0096 00       		.byte	0
 698 0097 0C       		.uleb128 0xc
 699 0098 34       		.uleb128 0x34
 700 0099 00       		.byte	0
 701 009a 03       		.uleb128 0x3
 702 009b 08       		.uleb128 0x8
 703 009c 3A       		.uleb128 0x3a
 704 009d 0B       		.uleb128 0xb
 705 009e 3B       		.uleb128 0x3b
 706 009f 0B       		.uleb128 0xb
 707 00a0 49       		.uleb128 0x49
 708 00a1 13       		.uleb128 0x13
 709 00a2 02       		.uleb128 0x2
 710 00a3 17       		.uleb128 0x17
 711 00a4 00       		.byte	0
 712 00a5 00       		.byte	0
 713 00a6 0D       		.uleb128 0xd
 714 00a7 34       		.uleb128 0x34
 715 00a8 00       		.byte	0
 716 00a9 03       		.uleb128 0x3
 717 00aa 08       		.uleb128 0x8
 718 00ab 3A       		.uleb128 0x3a
 719 00ac 0B       		.uleb128 0xb
 720 00ad 3B       		.uleb128 0x3b
 721 00ae 0B       		.uleb128 0xb
 722 00af 49       		.uleb128 0x49
 723 00b0 13       		.uleb128 0x13
 724 00b1 00       		.byte	0
 725 00b2 00       		.byte	0
 726 00b3 0E       		.uleb128 0xe
 727 00b4 34       		.uleb128 0x34
 728 00b5 00       		.byte	0
 729 00b6 03       		.uleb128 0x3
 730 00b7 08       		.uleb128 0x8
 731 00b8 3A       		.uleb128 0x3a
 732 00b9 0B       		.uleb128 0xb
ARM GAS  C:\Users\JACKNE~1\AppData\Local\Temp\ccyKuhdw.s 			page 15


 733 00ba 3B       		.uleb128 0x3b
 734 00bb 0B       		.uleb128 0xb
 735 00bc 49       		.uleb128 0x49
 736 00bd 13       		.uleb128 0x13
 737 00be 1C       		.uleb128 0x1c
 738 00bf 0D       		.uleb128 0xd
 739 00c0 00       		.byte	0
 740 00c1 00       		.byte	0
 741 00c2 0F       		.uleb128 0xf
 742 00c3 34       		.uleb128 0x34
 743 00c4 00       		.byte	0
 744 00c5 03       		.uleb128 0x3
 745 00c6 0E       		.uleb128 0xe
 746 00c7 3A       		.uleb128 0x3a
 747 00c8 0B       		.uleb128 0xb
 748 00c9 3B       		.uleb128 0x3b
 749 00ca 0B       		.uleb128 0xb
 750 00cb 49       		.uleb128 0x49
 751 00cc 13       		.uleb128 0x13
 752 00cd 02       		.uleb128 0x2
 753 00ce 18       		.uleb128 0x18
 754 00cf 00       		.byte	0
 755 00d0 00       		.byte	0
 756 00d1 10       		.uleb128 0x10
 757 00d2 34       		.uleb128 0x34
 758 00d3 00       		.byte	0
 759 00d4 03       		.uleb128 0x3
 760 00d5 08       		.uleb128 0x8
 761 00d6 3A       		.uleb128 0x3a
 762 00d7 0B       		.uleb128 0xb
 763 00d8 3B       		.uleb128 0x3b
 764 00d9 0B       		.uleb128 0xb
 765 00da 49       		.uleb128 0x49
 766 00db 13       		.uleb128 0x13
 767 00dc 02       		.uleb128 0x2
 768 00dd 18       		.uleb128 0x18
 769 00de 00       		.byte	0
 770 00df 00       		.byte	0
 771 00e0 11       		.uleb128 0x11
 772 00e1 898201   		.uleb128 0x4109
 773 00e4 00       		.byte	0
 774 00e5 11       		.uleb128 0x11
 775 00e6 01       		.uleb128 0x1
 776 00e7 31       		.uleb128 0x31
 777 00e8 13       		.uleb128 0x13
 778 00e9 00       		.byte	0
 779 00ea 00       		.byte	0
 780 00eb 12       		.uleb128 0x12
 781 00ec 898201   		.uleb128 0x4109
 782 00ef 01       		.byte	0x1
 783 00f0 11       		.uleb128 0x11
 784 00f1 01       		.uleb128 0x1
 785 00f2 31       		.uleb128 0x31
 786 00f3 13       		.uleb128 0x13
 787 00f4 01       		.uleb128 0x1
 788 00f5 13       		.uleb128 0x13
 789 00f6 00       		.byte	0
ARM GAS  C:\Users\JACKNE~1\AppData\Local\Temp\ccyKuhdw.s 			page 16


 790 00f7 00       		.byte	0
 791 00f8 13       		.uleb128 0x13
 792 00f9 8A8201   		.uleb128 0x410a
 793 00fc 00       		.byte	0
 794 00fd 02       		.uleb128 0x2
 795 00fe 18       		.uleb128 0x18
 796 00ff 9142     		.uleb128 0x2111
 797 0101 18       		.uleb128 0x18
 798 0102 00       		.byte	0
 799 0103 00       		.byte	0
 800 0104 14       		.uleb128 0x14
 801 0105 898201   		.uleb128 0x4109
 802 0108 01       		.byte	0x1
 803 0109 11       		.uleb128 0x11
 804 010a 01       		.uleb128 0x1
 805 010b 31       		.uleb128 0x31
 806 010c 13       		.uleb128 0x13
 807 010d 00       		.byte	0
 808 010e 00       		.byte	0
 809 010f 15       		.uleb128 0x15
 810 0110 34       		.uleb128 0x34
 811 0111 00       		.byte	0
 812 0112 03       		.uleb128 0x3
 813 0113 0E       		.uleb128 0xe
 814 0114 3A       		.uleb128 0x3a
 815 0115 0B       		.uleb128 0xb
 816 0116 3B       		.uleb128 0x3b
 817 0117 05       		.uleb128 0x5
 818 0118 49       		.uleb128 0x49
 819 0119 13       		.uleb128 0x13
 820 011a 3F       		.uleb128 0x3f
 821 011b 19       		.uleb128 0x19
 822 011c 3C       		.uleb128 0x3c
 823 011d 19       		.uleb128 0x19
 824 011e 00       		.byte	0
 825 011f 00       		.byte	0
 826 0120 16       		.uleb128 0x16
 827 0121 35       		.uleb128 0x35
 828 0122 00       		.byte	0
 829 0123 49       		.uleb128 0x49
 830 0124 13       		.uleb128 0x13
 831 0125 00       		.byte	0
 832 0126 00       		.byte	0
 833 0127 17       		.uleb128 0x17
 834 0128 2E       		.uleb128 0x2e
 835 0129 00       		.byte	0
 836 012a 3F       		.uleb128 0x3f
 837 012b 19       		.uleb128 0x19
 838 012c 3C       		.uleb128 0x3c
 839 012d 19       		.uleb128 0x19
 840 012e 6E       		.uleb128 0x6e
 841 012f 0E       		.uleb128 0xe
 842 0130 03       		.uleb128 0x3
 843 0131 0E       		.uleb128 0xe
 844 0132 3A       		.uleb128 0x3a
 845 0133 0B       		.uleb128 0xb
 846 0134 3B       		.uleb128 0x3b
ARM GAS  C:\Users\JACKNE~1\AppData\Local\Temp\ccyKuhdw.s 			page 17


 847 0135 0B       		.uleb128 0xb
 848 0136 00       		.byte	0
 849 0137 00       		.byte	0
 850 0138 00       		.byte	0
 851              		.section	.debug_loc,"",%progbits
 852              	.Ldebug_loc0:
 853              	.LLST0:
 854 0000 04000000 		.4byte	.LVL0
 855 0004 18000000 		.4byte	.LVL3
 856 0008 0200     		.2byte	0x2
 857 000a 30       		.byte	0x30
 858 000b 9F       		.byte	0x9f
 859 000c 44000000 		.4byte	.LVL10
 860 0010 48000000 		.4byte	.LVL11
 861 0014 0200     		.2byte	0x2
 862 0016 30       		.byte	0x30
 863 0017 9F       		.byte	0x9f
 864 0018 48000000 		.4byte	.LVL11
 865 001c 98000000 		.4byte	.LFE64
 866 0020 0100     		.2byte	0x1
 867 0022 54       		.byte	0x54
 868 0023 00000000 		.4byte	0
 869 0027 00000000 		.4byte	0
 870              	.LLST1:
 871 002b 6C000000 		.4byte	.LVL15
 872 002f 7B000000 		.4byte	.LVL16-1
 873 0033 0100     		.2byte	0x1
 874 0035 52       		.byte	0x52
 875 0036 7B000000 		.4byte	.LVL16-1
 876 003a 98000000 		.4byte	.LFE64
 877 003e 0C00     		.2byte	0xc
 878 0040 91       		.byte	0x91
 879 0041 6C       		.sleb128 -20
 880 0042 06       		.byte	0x6
 881 0043 38       		.byte	0x38
 882 0044 24       		.byte	0x24
 883 0045 7D       		.byte	0x7d
 884 0046 00       		.sleb128 0
 885 0047 06       		.byte	0x6
 886 0048 31       		.byte	0x31
 887 0049 26       		.byte	0x26
 888 004a 22       		.byte	0x22
 889 004b 9F       		.byte	0x9f
 890 004c 00000000 		.4byte	0
 891 0050 00000000 		.4byte	0
 892              		.section	.debug_aranges,"",%progbits
 893 0000 1C000000 		.4byte	0x1c
 894 0004 0200     		.2byte	0x2
 895 0006 00000000 		.4byte	.Ldebug_info0
 896 000a 04       		.byte	0x4
 897 000b 00       		.byte	0
 898 000c 0000     		.2byte	0
 899 000e 0000     		.2byte	0
 900 0010 00000000 		.4byte	.LFB64
 901 0014 98000000 		.4byte	.LFE64-.LFB64
 902 0018 00000000 		.4byte	0
 903 001c 00000000 		.4byte	0
ARM GAS  C:\Users\JACKNE~1\AppData\Local\Temp\ccyKuhdw.s 			page 18


 904              		.section	.debug_ranges,"",%progbits
 905              	.Ldebug_ranges0:
 906 0000 00000000 		.4byte	.LFB64
 907 0004 98000000 		.4byte	.LFE64
 908 0008 00000000 		.4byte	0
 909 000c 00000000 		.4byte	0
 910              		.section	.debug_line,"",%progbits
 911              	.Ldebug_line0:
 912 0000 2D020000 		.section	.debug_str,"MS",%progbits,1
 912      0200E001 
 912      00000201 
 912      FB0E0D00 
 912      01010101 
 913              	.LASF18:
 914 0000 63757272 		.ascii	"currentValue\000"
 914      656E7456 
 914      616C7565 
 914      00
 915              	.LASF9:
 916 000d 5F5F696E 		.ascii	"__int32_t\000"
 916      7433325F 
 916      7400
 917              	.LASF21:
 918 0017 55415254 		.ascii	"UART_temp_Start\000"
 918      5F74656D 
 918      705F5374 
 918      61727400 
 919              	.LASF31:
 920 0027 433A5C55 		.ascii	"C:\\Users\\Jack Neuner\\aquadoc\\psoc\\psoc\\onewir"
 920      73657273 
 920      5C4A6163 
 920      6B204E65 
 920      756E6572 
 921 0054 655F7465 		.ascii	"e_temp_sensor.cydsn\000"
 921      6D705F73 
 921      656E736F 
 921      722E6379 
 921      64736E00 
 922              	.LASF12:
 923 0068 666C6F61 		.ascii	"float\000"
 923      7400
 924              	.LASF1:
 925 006e 756E7369 		.ascii	"unsigned char\000"
 925      676E6564 
 925      20636861 
 925      7200
 926              	.LASF29:
 927 007c 474E5520 		.ascii	"GNU C11 5.4.1 20160609 (release) [ARM/embedded-5-br"
 927      43313120 
 927      352E342E 
 927      31203230 
 927      31363036 
 928 00af 616E6368 		.ascii	"anch revision 237715] -mcpu=cortex-m3 -mthumb -g -O"
 928      20726576 
 928      6973696F 
 928      6E203233 
 928      37373135 
ARM GAS  C:\Users\JACKNE~1\AppData\Local\Temp\ccyKuhdw.s 			page 19


 929 00e2 67202D66 		.ascii	"g -ffunction-sections -ffat-lto-objects\000"
 929      66756E63 
 929      74696F6E 
 929      2D736563 
 929      74696F6E 
 930              	.LASF24:
 931 010a 4F575F44 		.ascii	"OW_Detect\000"
 931      65746563 
 931      7400
 932              	.LASF23:
 933 0114 55415254 		.ascii	"UART_temp_PutString\000"
 933      5F74656D 
 933      705F5075 
 933      74537472 
 933      696E6700 
 934              	.LASF5:
 935 0128 6C6F6E67 		.ascii	"long unsigned int\000"
 935      20756E73 
 935      69676E65 
 935      6420696E 
 935      7400
 936              	.LASF20:
 937 013a 74656D70 		.ascii	"temp\000"
 937      00
 938              	.LASF3:
 939 013f 73686F72 		.ascii	"short unsigned int\000"
 939      7420756E 
 939      7369676E 
 939      65642069 
 939      6E7400
 940              	.LASF33:
 941 0152 49544D5F 		.ascii	"ITM_RxBuffer\000"
 941      52784275 
 941      66666572 
 941      00
 942              	.LASF13:
 943 015f 646F7562 		.ascii	"double\000"
 943      6C6500
 944              	.LASF32:
 945 0166 6D61696E 		.ascii	"main\000"
 945      00
 946              	.LASF26:
 947 016b 43794465 		.ascii	"CyDelayUs\000"
 947      6C617955 
 947      7300
 948              	.LASF8:
 949 0175 756E7369 		.ascii	"unsigned int\000"
 949      676E6564 
 949      20696E74 
 949      00
 950              	.LASF7:
 951 0182 6C6F6E67 		.ascii	"long long unsigned int\000"
 951      206C6F6E 
 951      6720756E 
 951      7369676E 
 951      65642069 
 952              	.LASF10:
ARM GAS  C:\Users\JACKNE~1\AppData\Local\Temp\ccyKuhdw.s 			page 20


 953 0199 696E7433 		.ascii	"int32_t\000"
 953      325F7400 
 954              	.LASF16:
 955 01a1 73697A65 		.ascii	"sizetype\000"
 955      74797065 
 955      00
 956              	.LASF6:
 957 01aa 6C6F6E67 		.ascii	"long long int\000"
 957      206C6F6E 
 957      6720696E 
 957      7400
 958              	.LASF30:
 959 01b8 6D61696E 		.ascii	"main.c\000"
 959      2E6300
 960              	.LASF14:
 961 01bf 63686172 		.ascii	"char\000"
 961      00
 962              	.LASF2:
 963 01c4 73686F72 		.ascii	"short int\000"
 963      7420696E 
 963      7400
 964              	.LASF17:
 965 01ce 70726556 		.ascii	"preValue\000"
 965      616C7565 
 965      00
 966              	.LASF11:
 967 01d7 75696E74 		.ascii	"uint8\000"
 967      3800
 968              	.LASF4:
 969 01dd 6C6F6E67 		.ascii	"long int\000"
 969      20696E74 
 969      00
 970              	.LASF15:
 971 01e6 6C6F6E67 		.ascii	"long double\000"
 971      20646F75 
 971      626C6500 
 972              	.LASF25:
 973 01f2 4F575F57 		.ascii	"OW_WriteByte\000"
 973      72697465 
 973      42797465 
 973      00
 974              	.LASF0:
 975 01ff 7369676E 		.ascii	"signed char\000"
 975      65642063 
 975      68617200 
 976              	.LASF19:
 977 020b 73427566 		.ascii	"sBuffer\000"
 977      66657200 
 978              	.LASF28:
 979 0213 73707269 		.ascii	"sprintf\000"
 979      6E746600 
 980              	.LASF22:
 981 021b 43794465 		.ascii	"CyDelay\000"
 981      6C617900 
 982              	.LASF27:
 983 0223 4F575F52 		.ascii	"OW_ReadByte\000"
 983      65616442 
ARM GAS  C:\Users\JACKNE~1\AppData\Local\Temp\ccyKuhdw.s 			page 21


 983      79746500 
 984              		.ident	"GCC: (GNU Tools for ARM Embedded Processors) 5.4.1 20160609 (release) [ARM/embedded-5-bran
